18:26:02.280 [main                     ] DEBUG GameApplication      - Logger initialized
18:26:02.285 [main                     ] DEBUG GameApplication      - Logging settings
Title: Tower Defense
Version: 0.2
Width: 800
Height: 600
Fullscreen: false
Intro: false
Menus: false
Profiling: false
Single step:false
App Mode: DEVELOPER
Menu Key: ESCAPE
Stage Style: DECORATED
Scene Factory: class com.almasb.fxgl.app.SceneFactory
Dialog Factory: class com.almasb.fxgl.ui.FXGLDialogFactory
UI Factory: class com.almasb.fxgl.ui.FXGLUIFactory

18:26:02.703 [JavaFX Application Thread] DEBUG Engine               - Initializing FXGL
18:26:02.703 [JavaFX Application Thread] INFO  Engine               - FXGL-11.5 (17.09.2019 20.41) on WINDOWS (J:13 FX:12.0.1)
18:26:02.703 [JavaFX Application Thread] INFO  Engine               - Source code and latest versions at: https://github.com/AlmasB/FXGL
18:26:02.703 [JavaFX Application Thread] INFO  Engine               -              Join the FXGL chat at: https://gitter.im/AlmasB/FXGL
18:26:02.703 [JavaFX Application Thread] DEBUG Engine               - Initializing environment variables
18:26:02.706 [JavaFX Application Thread] DEBUG Engine               - Logging environment variables
18:26:02.706 [JavaFX Application Thread] DEBUG Engine               - achievements: []
18:26:02.706 [JavaFX Application Thread] DEBUG Engine               - sceneStack: com.almasb.fxgl.app.Engine@5711be6
18:26:02.706 [JavaFX Application Thread] DEBUG Engine               - language: ObjectProperty [value: null]
18:26:02.706 [JavaFX Application Thread] DEBUG Engine               - isCloseConfirmation: false
18:26:02.706 [JavaFX Application Thread] DEBUG Engine               - isProfilingEnabled: false
18:26:02.706 [JavaFX Application Thread] DEBUG Engine               - soundNotification: core/notification.wav
18:26:02.707 [JavaFX Application Thread] DEBUG Engine               - devShowBBoxProperty: BooleanProperty [value: false]
18:26:02.708 [JavaFX Application Thread] DEBUG Engine               - pixelsPerMeter: 50.0
18:26:02.708 [JavaFX Application Thread] DEBUG Engine               - overlayRoot: Group@5f75717e
18:26:02.708 [JavaFX Application Thread] DEBUG Engine               - appIcon: fxgl_icon.png
18:26:02.708 [JavaFX Application Thread] DEBUG Engine               - soundMenuBack: menu/back.wav
18:26:02.709 [JavaFX Application Thread] DEBUG Engine               - isFullScreenAllowed: false
18:26:02.709 [JavaFX Application Thread] DEBUG Engine               - isIntroEnabled: false
18:26:02.709 [JavaFX Application Thread] DEBUG Engine               - eventBus: com.almasb.fxgl.event.EventBus@4c78b964
18:26:02.709 [JavaFX Application Thread] DEBUG Engine               - fontMono: lucida_console.ttf
18:26:02.709 [JavaFX Application Thread] DEBUG Engine               - soundMenuSelect: menu/select.wav
18:26:02.709 [JavaFX Application Thread] DEBUG Engine               - isWindows: true
18:26:02.709 [JavaFX Application Thread] DEBUG Engine               - isMobile: false
18:26:02.709 [JavaFX Application Thread] DEBUG Engine               - height: 600
18:26:02.710 [JavaFX Application Thread] DEBUG Engine               - isExperimentalNative: false
18:26:02.710 [JavaFX Application Thread] DEBUG Engine               - isSingleStep: false
18:26:02.710 [JavaFX Application Thread] DEBUG Engine               - cSSList: [fxgl_dark.css]
18:26:02.710 [JavaFX Application Thread] DEBUG Engine               - fontGame: Abel-Regular.ttf
18:26:02.710 [JavaFX Application Thread] DEBUG Engine               - menuKey: ESCAPE
18:26:02.710 [JavaFX Application Thread] DEBUG Engine               - devShowPositionProperty: BooleanProperty [value: false]
18:26:02.710 [JavaFX Application Thread] DEBUG Engine               - versionCheckDays: 7
18:26:02.710 [JavaFX Application Thread] DEBUG Engine               - masterTimer: com.almasb.fxgl.time.Timer@415b3526
18:26:02.710 [JavaFX Application Thread] DEBUG Engine               - configClass: Optional.empty
18:26:02.711 [JavaFX Application Thread] DEBUG Engine               - isFullScreenFromStart: false
18:26:02.711 [JavaFX Application Thread] DEBUG Engine               - version: 0.2
18:26:02.711 [JavaFX Application Thread] DEBUG Engine               - fullScreen: BooleanProperty [value: false]
18:26:02.711 [JavaFX Application Thread] DEBUG Engine               - dialogFactory: com.almasb.fxgl.ui.FXGLDialogFactory@352660d1
18:26:02.711 [JavaFX Application Thread] DEBUG Engine               - applicationMode: DEVELOPER
18:26:02.711 [JavaFX Application Thread] DEBUG Engine               - isMac: false
18:26:02.711 [JavaFX Application Thread] DEBUG Engine               - urlGoogleForms: https://goo.gl/forms/6wrMnOBxTE1fEpOy2
18:26:02.711 [JavaFX Application Thread] DEBUG Engine               - isMenuEnabled: false
18:26:02.711 [JavaFX Application Thread] DEBUG Engine               - urlPOM: https://raw.githubusercontent.com/AlmasB/FXGL/master/pom.xml
18:26:02.712 [JavaFX Application Thread] DEBUG Engine               - profileName: user.profile
18:26:02.712 [JavaFX Application Thread] DEBUG Engine               - notificationViewClass: class com.almasb.fxgl.notification.view.XboxNotificationView
18:26:02.712 [JavaFX Application Thread] DEBUG Engine               - devSensorColorProperty: ObjectProperty [value: 0xffff00ff]
18:26:02.712 [JavaFX Application Thread] DEBUG Engine               - sceneFactory: com.almasb.fxgl.app.SceneFactory@41ac098a
18:26:02.712 [JavaFX Application Thread] DEBUG Engine               - dataFileExt: .dat
18:26:02.713 [JavaFX Application Thread] DEBUG Engine               - stageStyle: DECORATED
18:26:02.713 [JavaFX Application Thread] DEBUG Engine               - isManualResizeEnabled: false
18:26:02.713 [JavaFX Application Thread] DEBUG Engine               - title: Tower Defense
18:26:02.713 [JavaFX Application Thread] DEBUG Engine               - platform: WINDOWS
18:26:02.713 [JavaFX Application Thread] DEBUG Engine               - devBBoxColorProperty: ObjectProperty [value: 0xff0000ff]
18:26:02.713 [JavaFX Application Thread] DEBUG Engine               - isDesktop: true
18:26:02.713 [JavaFX Application Thread] DEBUG Engine               - globalMusicVolumeProperty: DoubleProperty [value: 0.5]
18:26:02.713 [JavaFX Application Thread] DEBUG Engine               - credits: []
18:26:02.713 [JavaFX Application Thread] DEBUG Engine               - uIFactory: com.almasb.fxgl.ui.FXGLUIFactory@48963b42
18:26:02.713 [JavaFX Application Thread] DEBUG Engine               - isPreserveResizeRatio: false
18:26:02.714 [JavaFX Application Thread] DEBUG Engine               - fontText: Courier-Prime.ttf
18:26:02.714 [JavaFX Application Thread] DEBUG Engine               - isExperimentalTiledLargeMap: false
18:26:02.714 [JavaFX Application Thread] DEBUG Engine               - secondsIn24h: 60
18:26:02.714 [JavaFX Application Thread] DEBUG Engine               - runtimeInfo: RuntimeInfo(platform=WINDOWS, version=11.5, build=17.09.2019 20.41)
18:26:02.714 [JavaFX Application Thread] DEBUG Engine               - isLinux: false
18:26:02.714 [JavaFX Application Thread] DEBUG Engine               - soundMenuPress: menu/press.wav
18:26:02.714 [JavaFX Application Thread] DEBUG Engine               - urlGithub: https://github.com/AlmasB/FXGL
18:26:02.714 [JavaFX Application Thread] DEBUG Engine               - profileDir: profiles/
18:26:02.714 [JavaFX Application Thread] DEBUG Engine               - isDeveloperMenuEnabled: false
18:26:02.714 [JavaFX Application Thread] DEBUG Engine               - globalSoundVolumeProperty: DoubleProperty [value: 0.5]
18:26:02.714 [JavaFX Application Thread] DEBUG Engine               - isBrowser: false
18:26:02.714 [JavaFX Application Thread] DEBUG Engine               - urlLeaderboard: http://fxgl-top.herokuapp.com/
18:26:02.715 [JavaFX Application Thread] DEBUG Engine               - globalSoundVolume: 0.5
18:26:02.715 [JavaFX Application Thread] DEBUG Engine               - saveDir: saves/
18:26:02.715 [JavaFX Application Thread] DEBUG Engine               - engineServices: [class com.almasb.fxgl.audio.AudioPlayer, class com.almasb.fxgl.notification.impl.NotificationServiceProvider, class com.almasb.fxgl.achievement.AchievementManager, class com.almasb.fxgl.cutscene.CutsceneService, class com.almasb.fxgl.minigames.MiniGameService]
18:26:02.715 [JavaFX Application Thread] DEBUG Engine               - globalMusicVolume: 0.5
18:26:02.715 [JavaFX Application Thread] DEBUG Engine               - width: 800
18:26:02.715 [JavaFX Application Thread] DEBUG Engine               - saveFileExt: .sav
18:26:02.715 [JavaFX Application Thread] DEBUG Engine               - isAndroid: false
18:26:02.715 [JavaFX Application Thread] DEBUG Engine               - fontUI: VarelaRound-Regular.ttf
18:26:02.715 [JavaFX Application Thread] DEBUG Engine               - isIOS: false
18:26:02.715 [JavaFX Application Thread] DEBUG Engine               - enabledMenuItems: []
18:26:02.718 [JavaFX Application Thread] DEBUG Engine               - Adding new engine service: class com.almasb.fxgl.audio.AudioPlayer
18:26:02.719 [JavaFX Application Thread] DEBUG Engine               - Adding new engine service: class com.almasb.fxgl.notification.impl.NotificationServiceProvider
18:26:02.720 [JavaFX Application Thread] DEBUG Engine               - Adding new engine service: class com.almasb.fxgl.achievement.AchievementManager
18:26:02.720 [JavaFX Application Thread] DEBUG Engine               - Adding new engine service: class com.almasb.fxgl.cutscene.CutsceneService
18:26:02.721 [JavaFX Application Thread] DEBUG Engine               - Adding new engine service: class com.almasb.fxgl.minigames.MiniGameService
18:26:02.723 [JavaFX Application Thread] DEBUG Engine               - Loading localizations
18:26:02.735 [JavaFX Application Thread] DEBUG AssetLoader          - Loading from file system: /assets/properties/languages/english.properties
18:26:02.739 [JavaFX Application Thread] DEBUG AssetLoader          - Loading from file system: /assets/properties/languages/french.properties
18:26:02.742 [JavaFX Application Thread] DEBUG AssetLoader          - Loading from file system: /assets/properties/languages/german.properties
18:26:02.743 [JavaFX Application Thread] DEBUG AssetLoader          - Loading from file system: /assets/properties/languages/russian.properties
18:26:02.745 [JavaFX Application Thread] DEBUG AssetLoader          - Loading from file system: /assets/properties/languages/hungarian.properties
18:26:02.747 [JavaFX Application Thread] DEBUG Engine               - Registering font factories
18:26:02.748 [JavaFX Application Thread] DEBUG AssetLoader          - Loading from file system: /assets/ui/fonts/VarelaRound-Regular.ttf
18:26:02.953 [JavaFX Application Thread] DEBUG AssetLoader          - Loading from file system: /assets/ui/fonts/Abel-Regular.ttf
18:26:02.955 [JavaFX Application Thread] DEBUG AssetLoader          - Loading from file system: /assets/ui/fonts/lucida_console.ttf
18:26:02.959 [JavaFX Application Thread] DEBUG AssetLoader          - Loading from file system: /assets/ui/fonts/Courier-Prime.ttf
18:26:02.961 [JavaFX Application Thread] DEBUG Engine               - Setting UI factory
18:26:03.048 [JavaFX Application Thread] DEBUG AssetLoader          - Loading from file system: /assets/textures/fxgl_logo.png
18:26:03.115 [JavaFX Application Thread] DEBUG MainWindow           - Creating a JavaFX scene
18:26:03.148 [JavaFX Application Thread] DEBUG MainWindow           - Target settings size: 800.0 x 600.0
18:26:03.149 [JavaFX Application Thread] DEBUG MainWindow           - Scaled scene size:    800.0 x 600.0
18:26:03.149 [JavaFX Application Thread] DEBUG MainWindow           - Scaled ratio: (1.0, 1.0)
18:26:03.150 [JavaFX Application Thread] DEBUG MainWindow           - Set initial scene to FXGLStartupScene
18:26:03.157 [JavaFX Application Thread] DEBUG AssetLoader          - Loading from file system: /assets/textures/fxgl_icon.png
18:26:03.169 [JavaFX Application Thread] DEBUG Engine               - Applying CSS: fxgl_dark.css
18:26:03.170 [JavaFX Application Thread] DEBUG AssetLoader          - Loading from file system: /assets/ui/css/fxgl_dark.css
18:26:03.174 [JavaFX Application Thread] DEBUG AssetLoader          - Loading from file system: /assets/ui/cursors/fxgl_default.png
18:26:03.176 [JavaFX Application Thread] DEBUG MainWindow           - Opening main window
18:26:03.308 [JavaFX Application Thread] DEBUG MainWindow           - Window border size: (16.0, 39.0)
18:26:03.308 [JavaFX Application Thread] DEBUG MainWindow           - Scaled size: 800.0 x 600.0
18:26:03.308 [JavaFX Application Thread] DEBUG MainWindow           - Scaled ratio: (1.0, 1.0)
18:26:03.308 [JavaFX Application Thread] DEBUG MainWindow           - Scene size: 800.0 x 600.0
18:26:03.309 [JavaFX Application Thread] DEBUG MainWindow           - Stage size: 816.0 x 639.0
18:26:03.325 [FXGL Background Thread 1 ] DEBUG FS                   - Loaded FSServiceImpl
18:26:03.326 [FXGL Background Thread 1 ] DEBUG Engine               - Loading FXGL system data
18:26:03.331 [FXGL Background Thread 1 ] DEBUG FSServiceImpl        - Reading from: C:\Users\user\IdeaProjects\TowerDefense\system\fxgl.bundle
18:26:03.343 [FXGL Background Thread 1 ] DEBUG Engine               - Bundle FXGL: {}
18:26:03.343 [FXGL Background Thread 1 ] DEBUG Engine               - Initializing application scenes
18:26:03.375 [FXGL Background Thread 1 ] DEBUG GameWorld            - Game world initialized
18:26:03.425 [FXGL Background Thread 1 ] DEBUG PhysicsWorld         - Physics world initialized: appHeight=600, physics.ppm=50.0
18:26:03.427 [FXGL Background Thread 1 ] DEBUG GameScene            - Game scene initialized: 800x600
18:26:03.459 [FXGL Background Thread 1 ] DEBUG Input                - Registered new binding: Resume - Esc
18:26:03.459 [FXGL Background Thread 1 ] DEBUG AssetLoader          - Loading from file system: /assets/textures/pause_menu_bg.png
18:26:03.489 [FXGL Background Thread 1 ] DEBUG Input                - Registered new binding: Pause - Esc
18:26:03.489 [FXGL Background Thread 1 ] DEBUG Engine               - Application scenes initialized
18:26:03.493 [JavaFX Application Thread] DEBUG Engine               - Running preInit()
18:26:03.495 [JavaFX Application Thread] DEBUG Input                - Registered new binding: Place Tower - LMB
18:26:03.495 [JavaFX Application Thread] DEBUG Input                - Registered new binding: Screenshot - P
18:26:03.496 [JavaFX Application Thread] DEBUG Input                - Registered new binding: System info dump - CTRL+9
18:26:03.496 [JavaFX Application Thread] DEBUG Input                - Registered new binding: Restart - CTRL+R
18:26:03.496 [JavaFX Application Thread] DEBUG Engine               - generateDefaultProfile()
18:26:03.497 [JavaFX Application Thread] DEBUG Engine               - Creating default profile
18:26:03.497 [JavaFX Application Thread] DEBUG EventBus             - Firing event: SaveEvent
18:26:03.511 [JavaFX Application Thread] INFO  Engine               - FXGL initialization took: 0.788 sec
18:26:03.511 [JavaFX Application Thread] DEBUG LoopRunner           - Starting loop
18:26:03.521 [JavaFX Application Thread] DEBUG FXGLStartupScene     - STARTUP
18:26:03.521 [JavaFX Application Thread] DEBUG Engine               - Starting new game
18:26:03.527 [JavaFX Application Thread] DEBUG Input                - Clearing active input actions
18:26:03.527 [FXGL Background Thread 1 ] DEBUG InitAppTask          - Clearing previous game
18:26:03.527 [FXGL Background Thread 1 ] DEBUG GameWorld            - Clearing game world
18:26:03.527 [FXGL Background Thread 1 ] DEBUG PhysicsWorld         - Clearing physics world
18:26:03.527 [FXGL Background Thread 1 ] DEBUG GameScene            - Clearing game scene
18:26:03.527 [FXGL Background Thread 1 ] DEBUG InitAppTask          - Initializing Game
18:26:03.540 [JavaFX Application Thread] DEBUG Engine               - Removing overlay from FXGLStartupScene and adding to LoadingScene
18:26:03.540 [FXGL Background Thread 1 ] DEBUG InitAppTask          - Initializing Physics
18:26:03.541 [JavaFX Application Thread] DEBUG MainWindow           - FXGLStartupScene -> LoadingScene
18:26:03.541 [FXGL Background Thread 1 ] DEBUG InitAppTask          - Initializing UI
18:26:03.556 [FXGL Background Thread 1 ] DEBUG InitAppTask          - Initialization Complete
18:26:03.556 [FXGL Background Thread 1 ] INFO  InitAppTask          - Game initialization took: 0.029 sec
18:26:03.587 [JavaFX Application Thread] DEBUG Input                - Clearing active input actions
18:26:03.600 [JavaFX Application Thread] DEBUG Engine               - Removing overlay from LoadingScene and adding to GameScene
18:26:03.600 [JavaFX Application Thread] DEBUG MainWindow           - LoadingScene -> GameScene
18:26:28.543 [JavaFX Application Thread] DEBUG EventBus             - Firing event: com.almasb.fxglgames.td.event.BulletHitEnemy[source=javafx.event.Event$$Lambda$128/0x0000000800cdf440@634c218e]
18:26:29.037 [JavaFX Application Thread] DEBUG EventBus             - Firing event: com.almasb.fxglgames.td.event.BulletHitEnemy[source=javafx.event.Event$$Lambda$128/0x0000000800cdf440@634c218e]
18:26:29.565 [JavaFX Application Thread] DEBUG EventBus             - Firing event: com.almasb.fxglgames.td.event.BulletHitEnemy[source=javafx.event.Event$$Lambda$128/0x0000000800cdf440@634c218e]
18:26:29.645 [JavaFX Application Thread] DEBUG EventBus             - Firing event: com.almasb.fxglgames.td.event.BulletHitEnemy[source=javafx.event.Event$$Lambda$128/0x0000000800cdf440@634c218e]
18:26:30.062 [JavaFX Application Thread] DEBUG EventBus             - Firing event: com.almasb.fxglgames.td.event.BulletHitEnemy[source=javafx.event.Event$$Lambda$128/0x0000000800cdf440@634c218e]
18:26:30.140 [JavaFX Application Thread] DEBUG EventBus             - Firing event: com.almasb.fxglgames.td.event.BulletHitEnemy[source=javafx.event.Event$$Lambda$128/0x0000000800cdf440@634c218e]
18:26:30.173 [JavaFX Application Thread] DEBUG EventBus             - Firing event: com.almasb.fxglgames.td.event.BulletHitEnemy[source=javafx.event.Event$$Lambda$128/0x0000000800cdf440@634c218e]
18:26:30.558 [JavaFX Application Thread] DEBUG EventBus             - Firing event: com.almasb.fxglgames.td.event.BulletHitEnemy[source=javafx.event.Event$$Lambda$128/0x0000000800cdf440@634c218e]
18:26:30.621 [JavaFX Application Thread] DEBUG EventBus             - Firing event: com.almasb.fxglgames.td.event.BulletHitEnemy[source=javafx.event.Event$$Lambda$128/0x0000000800cdf440@634c218e]
18:26:30.686 [JavaFX Application Thread] DEBUG EventBus             - Firing event: com.almasb.fxglgames.td.event.BulletHitEnemy[source=javafx.event.Event$$Lambda$128/0x0000000800cdf440@634c218e]
18:26:30.701 [JavaFX Application Thread] DEBUG EventBus             - Firing event: com.almasb.fxglgames.td.event.BulletHitEnemy[source=javafx.event.Event$$Lambda$128/0x0000000800cdf440@634c218e]
18:26:30.862 [JavaFX Application Thread] DEBUG EventBus             - Firing event: com.almasb.fxglgames.td.event.BulletHitEnemy[source=javafx.event.Event$$Lambda$128/0x0000000800cdf440@634c218e]
18:26:30.864 [JavaFX Application Thread] DEBUG EventBus             - Firing event: com.almasb.fxglgames.td.event.BulletHitEnemy[source=javafx.event.Event$$Lambda$128/0x0000000800cdf440@634c218e]
18:26:31.070 [JavaFX Application Thread] DEBUG EventBus             - Firing event: com.almasb.fxglgames.td.event.BulletHitEnemy[source=javafx.event.Event$$Lambda$128/0x0000000800cdf440@634c218e]
18:26:31.101 [JavaFX Application Thread] DEBUG EventBus             - Firing event: com.almasb.fxglgames.td.event.BulletHitEnemy[source=javafx.event.Event$$Lambda$128/0x0000000800cdf440@634c218e]
18:26:31.182 [JavaFX Application Thread] DEBUG EventBus             - Firing event: com.almasb.fxglgames.td.event.BulletHitEnemy[source=javafx.event.Event$$Lambda$128/0x0000000800cdf440@634c218e]
18:26:31.198 [JavaFX Application Thread] DEBUG EventBus             - Firing event: com.almasb.fxglgames.td.event.BulletHitEnemy[source=javafx.event.Event$$Lambda$128/0x0000000800cdf440@634c218e]
18:26:31.357 [JavaFX Application Thread] DEBUG EventBus             - Firing event: com.almasb.fxglgames.td.event.BulletHitEnemy[source=javafx.event.Event$$Lambda$128/0x0000000800cdf440@634c218e]
18:26:31.421 [JavaFX Application Thread] DEBUG EventBus             - Firing event: com.almasb.fxglgames.td.event.BulletHitEnemy[source=javafx.event.Event$$Lambda$128/0x0000000800cdf440@634c218e]
18:26:31.453 [JavaFX Application Thread] DEBUG EventBus             - Firing event: com.almasb.fxglgames.td.event.BulletHitEnemy[source=javafx.event.Event$$Lambda$128/0x0000000800cdf440@634c218e]
18:26:31.455 [JavaFX Application Thread] WARN  FXGL.ProgressBar     - Current value < min value. Setting min value as current
18:26:31.629 [JavaFX Application Thread] DEBUG EventBus             - Firing event: com.almasb.fxglgames.td.event.BulletHitEnemy[source=javafx.event.Event$$Lambda$128/0x0000000800cdf440@634c218e]
18:26:31.645 [JavaFX Application Thread] DEBUG EventBus             - Firing event: com.almasb.fxglgames.td.event.BulletHitEnemy[source=javafx.event.Event$$Lambda$128/0x0000000800cdf440@634c218e]
18:26:32.141 [JavaFX Application Thread] DEBUG EventBus             - Firing event: com.almasb.fxglgames.td.event.BulletHitEnemy[source=javafx.event.Event$$Lambda$128/0x0000000800cdf440@634c218e]
18:26:32.221 [JavaFX Application Thread] DEBUG EventBus             - Firing event: com.almasb.fxglgames.td.event.BulletHitEnemy[source=javafx.event.Event$$Lambda$128/0x0000000800cdf440@634c218e]
18:26:32.301 [JavaFX Application Thread] DEBUG EventBus             - Firing event: com.almasb.fxglgames.td.event.BulletHitEnemy[source=javafx.event.Event$$Lambda$128/0x0000000800cdf440@634c218e]
18:26:32.349 [JavaFX Application Thread] DEBUG EventBus             - Firing event: com.almasb.fxglgames.td.event.BulletHitEnemy[source=javafx.event.Event$$Lambda$128/0x0000000800cdf440@634c218e]
18:26:32.366 [JavaFX Application Thread] DEBUG EventBus             - Firing event: com.almasb.fxglgames.td.event.BulletHitEnemy[source=javafx.event.Event$$Lambda$128/0x0000000800cdf440@634c218e]
18:26:32.368 [JavaFX Application Thread] DEBUG EventBus             - Firing event: com.almasb.fxglgames.td.event.BulletHitEnemy[source=javafx.event.Event$$Lambda$128/0x0000000800cdf440@634c218e]
18:26:32.461 [JavaFX Application Thread] DEBUG EventBus             - Firing event: com.almasb.fxglgames.td.event.BulletHitEnemy[source=javafx.event.Event$$Lambda$128/0x0000000800cdf440@634c218e]
18:26:32.493 [JavaFX Application Thread] DEBUG EventBus             - Firing event: com.almasb.fxglgames.td.event.BulletHitEnemy[source=javafx.event.Event$$Lambda$128/0x0000000800cdf440@634c218e]
18:26:32.495 [JavaFX Application Thread] DEBUG EventBus             - Firing event: com.almasb.fxglgames.td.event.BulletHitEnemy[source=javafx.event.Event$$Lambda$128/0x0000000800cdf440@634c218e]
18:26:32.542 [JavaFX Application Thread] DEBUG EventBus             - Firing event: com.almasb.fxglgames.td.event.BulletHitEnemy[source=javafx.event.Event$$Lambda$128/0x0000000800cdf440@634c218e]
18:26:32.558 [JavaFX Application Thread] DEBUG EventBus             - Firing event: com.almasb.fxglgames.td.event.BulletHitEnemy[source=javafx.event.Event$$Lambda$128/0x0000000800cdf440@634c218e]
18:26:32.638 [JavaFX Application Thread] DEBUG EventBus             - Firing event: com.almasb.fxglgames.td.event.BulletHitEnemy[source=javafx.event.Event$$Lambda$128/0x0000000800cdf440@634c218e]
18:26:32.669 [JavaFX Application Thread] DEBUG EventBus             - Firing event: com.almasb.fxglgames.td.event.BulletHitEnemy[source=javafx.event.Event$$Lambda$128/0x0000000800cdf440@634c218e]
18:26:32.685 [JavaFX Application Thread] DEBUG EventBus             - Firing event: com.almasb.fxglgames.td.event.BulletHitEnemy[source=javafx.event.Event$$Lambda$128/0x0000000800cdf440@634c218e]
18:26:32.687 [JavaFX Application Thread] DEBUG EventBus             - Firing event: com.almasb.fxglgames.td.event.BulletHitEnemy[source=javafx.event.Event$$Lambda$128/0x0000000800cdf440@634c218e]
18:26:32.717 [JavaFX Application Thread] DEBUG EventBus             - Firing event: com.almasb.fxglgames.td.event.BulletHitEnemy[source=javafx.event.Event$$Lambda$128/0x0000000800cdf440@634c218e]
18:26:32.718 [JavaFX Application Thread] WARN  FXGL.ProgressBar     - Current value < min value. Setting min value as current
18:26:32.749 [JavaFX Application Thread] DEBUG EventBus             - Firing event: com.almasb.fxglgames.td.event.BulletHitEnemy[source=javafx.event.Event$$Lambda$128/0x0000000800cdf440@634c218e]
18:26:32.972 [JavaFX Application Thread] DEBUG EventBus             - Firing event: com.almasb.fxglgames.td.event.BulletHitEnemy[source=javafx.event.Event$$Lambda$128/0x0000000800cdf440@634c218e]
18:26:33.020 [JavaFX Application Thread] DEBUG EventBus             - Firing event: com.almasb.fxglgames.td.event.BulletHitEnemy[source=javafx.event.Event$$Lambda$128/0x0000000800cdf440@634c218e]
18:26:33.085 [JavaFX Application Thread] DEBUG EventBus             - Firing event: com.almasb.fxglgames.td.event.BulletHitEnemy[source=javafx.event.Event$$Lambda$128/0x0000000800cdf440@634c218e]
18:26:33.117 [JavaFX Application Thread] DEBUG EventBus             - Firing event: com.almasb.fxglgames.td.event.BulletHitEnemy[source=javafx.event.Event$$Lambda$128/0x0000000800cdf440@634c218e]
18:26:33.134 [JavaFX Application Thread] DEBUG EventBus             - Firing event: com.almasb.fxglgames.td.event.BulletHitEnemy[source=javafx.event.Event$$Lambda$128/0x0000000800cdf440@634c218e]
18:26:33.148 [JavaFX Application Thread] DEBUG EventBus             - Firing event: com.almasb.fxglgames.td.event.BulletHitEnemy[source=javafx.event.Event$$Lambda$128/0x0000000800cdf440@634c218e]
18:26:33.165 [JavaFX Application Thread] DEBUG EventBus             - Firing event: com.almasb.fxglgames.td.event.BulletHitEnemy[source=javafx.event.Event$$Lambda$128/0x0000000800cdf440@634c218e]
18:26:33.182 [JavaFX Application Thread] DEBUG EventBus             - Firing event: com.almasb.fxglgames.td.event.BulletHitEnemy[source=javafx.event.Event$$Lambda$128/0x0000000800cdf440@634c218e]
18:26:33.229 [JavaFX Application Thread] DEBUG EventBus             - Firing event: com.almasb.fxglgames.td.event.BulletHitEnemy[source=javafx.event.Event$$Lambda$128/0x0000000800cdf440@634c218e]
18:26:33.262 [JavaFX Application Thread] DEBUG EventBus             - Firing event: com.almasb.fxglgames.td.event.BulletHitEnemy[source=javafx.event.Event$$Lambda$128/0x0000000800cdf440@634c218e]
18:26:33.295 [JavaFX Application Thread] DEBUG EventBus             - Firing event: com.almasb.fxglgames.td.event.BulletHitEnemy[source=javafx.event.Event$$Lambda$128/0x0000000800cdf440@634c218e]
18:26:33.341 [JavaFX Application Thread] DEBUG EventBus             - Firing event: com.almasb.fxglgames.td.event.BulletHitEnemy[source=javafx.event.Event$$Lambda$128/0x0000000800cdf440@634c218e]
18:26:33.342 [JavaFX Application Thread] WARN  FXGL.ProgressBar     - Current value < min value. Setting min value as current
18:26:33.343 [JavaFX Application Thread] DEBUG EventBus             - Firing event: com.almasb.fxglgames.td.event.BulletHitEnemy[source=javafx.event.Event$$Lambda$128/0x0000000800cdf440@634c218e]
18:26:33.517 [JavaFX Application Thread] DEBUG EventBus             - Firing event: com.almasb.fxglgames.td.event.BulletHitEnemy[source=javafx.event.Event$$Lambda$128/0x0000000800cdf440@634c218e]
18:26:33.566 [JavaFX Application Thread] DEBUG EventBus             - Firing event: com.almasb.fxglgames.td.event.BulletHitEnemy[source=javafx.event.Event$$Lambda$128/0x0000000800cdf440@634c218e]
18:26:33.598 [JavaFX Application Thread] DEBUG EventBus             - Firing event: com.almasb.fxglgames.td.event.BulletHitEnemy[source=javafx.event.Event$$Lambda$128/0x0000000800cdf440@634c218e]
18:26:33.599 [JavaFX Application Thread] DEBUG EventBus             - Firing event: com.almasb.fxglgames.td.event.BulletHitEnemy[source=javafx.event.Event$$Lambda$128/0x0000000800cdf440@634c218e]
18:26:33.600 [JavaFX Application Thread] DEBUG EventBus             - Firing event: com.almasb.fxglgames.td.event.BulletHitEnemy[source=javafx.event.Event$$Lambda$128/0x0000000800cdf440@634c218e]
18:26:33.693 [JavaFX Application Thread] DEBUG EventBus             - Firing event: com.almasb.fxglgames.td.event.BulletHitEnemy[source=javafx.event.Event$$Lambda$128/0x0000000800cdf440@634c218e]
18:26:33.710 [JavaFX Application Thread] DEBUG EventBus             - Firing event: com.almasb.fxglgames.td.event.BulletHitEnemy[source=javafx.event.Event$$Lambda$128/0x0000000800cdf440@634c218e]
18:26:33.711 [JavaFX Application Thread] DEBUG EventBus             - Firing event: com.almasb.fxglgames.td.event.BulletHitEnemy[source=javafx.event.Event$$Lambda$128/0x0000000800cdf440@634c218e]
18:26:33.758 [JavaFX Application Thread] DEBUG EventBus             - Firing event: com.almasb.fxglgames.td.event.BulletHitEnemy[source=javafx.event.Event$$Lambda$128/0x0000000800cdf440@634c218e]
18:26:33.775 [JavaFX Application Thread] DEBUG EventBus             - Firing event: com.almasb.fxglgames.td.event.BulletHitEnemy[source=javafx.event.Event$$Lambda$128/0x0000000800cdf440@634c218e]
18:26:33.790 [JavaFX Application Thread] DEBUG EventBus             - Firing event: com.almasb.fxglgames.td.event.BulletHitEnemy[source=javafx.event.Event$$Lambda$128/0x0000000800cdf440@634c218e]
18:26:33.806 [JavaFX Application Thread] DEBUG EventBus             - Firing event: com.almasb.fxglgames.td.event.BulletHitEnemy[source=javafx.event.Event$$Lambda$128/0x0000000800cdf440@634c218e]
18:26:33.808 [JavaFX Application Thread] WARN  FXGL.ProgressBar     - Current value < min value. Setting min value as current
18:26:33.808 [JavaFX Application Thread] DEBUG EventBus             - Firing event: com.almasb.fxglgames.td.event.BulletHitEnemy[source=javafx.event.Event$$Lambda$128/0x0000000800cdf440@634c218e]
18:26:34.061 [JavaFX Application Thread] DEBUG EventBus             - Firing event: com.almasb.fxglgames.td.event.BulletHitEnemy[source=javafx.event.Event$$Lambda$128/0x0000000800cdf440@634c218e]
18:26:34.141 [JavaFX Application Thread] DEBUG EventBus             - Firing event: com.almasb.fxglgames.td.event.BulletHitEnemy[source=javafx.event.Event$$Lambda$128/0x0000000800cdf440@634c218e]
18:26:34.142 [JavaFX Application Thread] DEBUG EventBus             - Firing event: com.almasb.fxglgames.td.event.BulletHitEnemy[source=javafx.event.Event$$Lambda$128/0x0000000800cdf440@634c218e]
18:26:34.143 [JavaFX Application Thread] DEBUG EventBus             - Firing event: com.almasb.fxglgames.td.event.BulletHitEnemy[source=javafx.event.Event$$Lambda$128/0x0000000800cdf440@634c218e]
18:26:34.156 [JavaFX Application Thread] DEBUG EventBus             - Firing event: com.almasb.fxglgames.td.event.BulletHitEnemy[source=javafx.event.Event$$Lambda$128/0x0000000800cdf440@634c218e]
18:26:34.190 [JavaFX Application Thread] DEBUG EventBus             - Firing event: com.almasb.fxglgames.td.event.BulletHitEnemy[source=javafx.event.Event$$Lambda$128/0x0000000800cdf440@634c218e]
18:26:34.192 [JavaFX Application Thread] DEBUG EventBus             - Firing event: com.almasb.fxglgames.td.event.BulletHitEnemy[source=javafx.event.Event$$Lambda$128/0x0000000800cdf440@634c218e]
18:26:34.193 [JavaFX Application Thread] DEBUG EventBus             - Firing event: com.almasb.fxglgames.td.event.BulletHitEnemy[source=javafx.event.Event$$Lambda$128/0x0000000800cdf440@634c218e]
18:26:34.205 [JavaFX Application Thread] DEBUG EventBus             - Firing event: com.almasb.fxglgames.td.event.BulletHitEnemy[source=javafx.event.Event$$Lambda$128/0x0000000800cdf440@634c218e]
18:26:34.206 [JavaFX Application Thread] DEBUG EventBus             - Firing event: com.almasb.fxglgames.td.event.BulletHitEnemy[source=javafx.event.Event$$Lambda$128/0x0000000800cdf440@634c218e]
18:26:34.221 [JavaFX Application Thread] DEBUG EventBus             - Firing event: com.almasb.fxglgames.td.event.BulletHitEnemy[source=javafx.event.Event$$Lambda$128/0x0000000800cdf440@634c218e]
18:26:34.254 [JavaFX Application Thread] DEBUG EventBus             - Firing event: com.almasb.fxglgames.td.event.BulletHitEnemy[source=javafx.event.Event$$Lambda$128/0x0000000800cdf440@634c218e]
18:26:34.255 [JavaFX Application Thread] WARN  FXGL.ProgressBar     - Current value < min value. Setting min value as current
18:26:34.301 [JavaFX Application Thread] DEBUG EventBus             - Firing event: com.almasb.fxglgames.td.event.BulletHitEnemy[source=javafx.event.Event$$Lambda$128/0x0000000800cdf440@634c218e]
18:26:34.542 [JavaFX Application Thread] DEBUG EventBus             - Firing event: com.almasb.fxglgames.td.event.BulletHitEnemy[source=javafx.event.Event$$Lambda$128/0x0000000800cdf440@634c218e]
18:26:34.557 [JavaFX Application Thread] DEBUG EventBus             - Firing event: com.almasb.fxglgames.td.event.BulletHitEnemy[source=javafx.event.Event$$Lambda$128/0x0000000800cdf440@634c218e]
18:26:34.588 [JavaFX Application Thread] DEBUG EventBus             - Firing event: com.almasb.fxglgames.td.event.BulletHitEnemy[source=javafx.event.Event$$Lambda$128/0x0000000800cdf440@634c218e]
18:26:34.606 [JavaFX Application Thread] DEBUG EventBus             - Firing event: com.almasb.fxglgames.td.event.BulletHitEnemy[source=javafx.event.Event$$Lambda$128/0x0000000800cdf440@634c218e]
18:26:34.638 [JavaFX Application Thread] DEBUG EventBus             - Firing event: com.almasb.fxglgames.td.event.BulletHitEnemy[source=javafx.event.Event$$Lambda$128/0x0000000800cdf440@634c218e]
18:26:34.669 [JavaFX Application Thread] DEBUG EventBus             - Firing event: com.almasb.fxglgames.td.event.BulletHitEnemy[source=javafx.event.Event$$Lambda$128/0x0000000800cdf440@634c218e]
18:26:34.717 [JavaFX Application Thread] DEBUG EventBus             - Firing event: com.almasb.fxglgames.td.event.BulletHitEnemy[source=javafx.event.Event$$Lambda$128/0x0000000800cdf440@634c218e]
18:26:34.718 [JavaFX Application Thread] DEBUG EventBus             - Firing event: com.almasb.fxglgames.td.event.BulletHitEnemy[source=javafx.event.Event$$Lambda$128/0x0000000800cdf440@634c218e]
18:26:34.733 [JavaFX Application Thread] DEBUG EventBus             - Firing event: com.almasb.fxglgames.td.event.BulletHitEnemy[source=javafx.event.Event$$Lambda$128/0x0000000800cdf440@634c218e]
18:26:34.735 [JavaFX Application Thread] DEBUG EventBus             - Firing event: com.almasb.fxglgames.td.event.BulletHitEnemy[source=javafx.event.Event$$Lambda$128/0x0000000800cdf440@634c218e]
18:26:34.735 [JavaFX Application Thread] DEBUG EventBus             - Firing event: com.almasb.fxglgames.td.event.BulletHitEnemy[source=javafx.event.Event$$Lambda$128/0x0000000800cdf440@634c218e]
18:26:34.736 [JavaFX Application Thread] WARN  FXGL.ProgressBar     - Current value < min value. Setting min value as current
18:26:34.749 [JavaFX Application Thread] DEBUG EventBus             - Firing event: com.almasb.fxglgames.td.event.BulletHitEnemy[source=javafx.event.Event$$Lambda$128/0x0000000800cdf440@634c218e]
18:26:34.781 [JavaFX Application Thread] DEBUG EventBus             - Firing event: com.almasb.fxglgames.td.event.BulletHitEnemy[source=javafx.event.Event$$Lambda$128/0x0000000800cdf440@634c218e]
18:26:34.989 [JavaFX Application Thread] DEBUG EventBus             - Firing event: com.almasb.fxglgames.td.event.BulletHitEnemy[source=javafx.event.Event$$Lambda$128/0x0000000800cdf440@634c218e]
18:26:35.022 [JavaFX Application Thread] DEBUG EventBus             - Firing event: com.almasb.fxglgames.td.event.BulletHitEnemy[source=javafx.event.Event$$Lambda$128/0x0000000800cdf440@634c218e]
18:26:35.023 [JavaFX Application Thread] DEBUG EventBus             - Firing event: com.almasb.fxglgames.td.event.BulletHitEnemy[source=javafx.event.Event$$Lambda$128/0x0000000800cdf440@634c218e]
18:26:35.037 [JavaFX Application Thread] DEBUG EventBus             - Firing event: com.almasb.fxglgames.td.event.BulletHitEnemy[source=javafx.event.Event$$Lambda$128/0x0000000800cdf440@634c218e]
18:26:35.118 [JavaFX Application Thread] DEBUG EventBus             - Firing event: com.almasb.fxglgames.td.event.BulletHitEnemy[source=javafx.event.Event$$Lambda$128/0x0000000800cdf440@634c218e]
18:26:35.133 [JavaFX Application Thread] DEBUG EventBus             - Firing event: com.almasb.fxglgames.td.event.BulletHitEnemy[source=javafx.event.Event$$Lambda$128/0x0000000800cdf440@634c218e]
18:26:35.165 [JavaFX Application Thread] DEBUG EventBus             - Firing event: com.almasb.fxglgames.td.event.BulletHitEnemy[source=javafx.event.Event$$Lambda$128/0x0000000800cdf440@634c218e]
18:26:35.181 [JavaFX Application Thread] DEBUG EventBus             - Firing event: com.almasb.fxglgames.td.event.BulletHitEnemy[source=javafx.event.Event$$Lambda$128/0x0000000800cdf440@634c218e]
18:26:35.198 [JavaFX Application Thread] DEBUG EventBus             - Firing event: com.almasb.fxglgames.td.event.BulletHitEnemy[source=javafx.event.Event$$Lambda$128/0x0000000800cdf440@634c218e]
18:26:35.199 [JavaFX Application Thread] DEBUG EventBus             - Firing event: com.almasb.fxglgames.td.event.BulletHitEnemy[source=javafx.event.Event$$Lambda$128/0x0000000800cdf440@634c218e]
18:26:35.245 [JavaFX Application Thread] DEBUG EventBus             - Firing event: com.almasb.fxglgames.td.event.BulletHitEnemy[source=javafx.event.Event$$Lambda$128/0x0000000800cdf440@634c218e]
18:26:35.261 [JavaFX Application Thread] DEBUG EventBus             - Firing event: com.almasb.fxglgames.td.event.BulletHitEnemy[source=javafx.event.Event$$Lambda$128/0x0000000800cdf440@634c218e]
18:26:35.262 [JavaFX Application Thread] WARN  FXGL.ProgressBar     - Current value < min value. Setting min value as current
18:26:35.293 [JavaFX Application Thread] DEBUG EventBus             - Firing event: com.almasb.fxglgames.td.event.BulletHitEnemy[source=javafx.event.Event$$Lambda$128/0x0000000800cdf440@634c218e]
18:26:35.534 [JavaFX Application Thread] DEBUG EventBus             - Firing event: com.almasb.fxglgames.td.event.BulletHitEnemy[source=javafx.event.Event$$Lambda$128/0x0000000800cdf440@634c218e]
18:26:35.549 [JavaFX Application Thread] DEBUG EventBus             - Firing event: com.almasb.fxglgames.td.event.BulletHitEnemy[source=javafx.event.Event$$Lambda$128/0x0000000800cdf440@634c218e]
18:26:35.550 [JavaFX Application Thread] DEBUG EventBus             - Firing event: com.almasb.fxglgames.td.event.BulletHitEnemy[source=javafx.event.Event$$Lambda$128/0x0000000800cdf440@634c218e]
18:26:35.581 [JavaFX Application Thread] DEBUG EventBus             - Firing event: com.almasb.fxglgames.td.event.BulletHitEnemy[source=javafx.event.Event$$Lambda$128/0x0000000800cdf440@634c218e]
18:26:35.597 [JavaFX Application Thread] DEBUG EventBus             - Firing event: com.almasb.fxglgames.td.event.BulletHitEnemy[source=javafx.event.Event$$Lambda$128/0x0000000800cdf440@634c218e]
18:26:35.597 [JavaFX Application Thread] DEBUG EventBus             - Firing event: com.almasb.fxglgames.td.event.BulletHitEnemy[source=javafx.event.Event$$Lambda$128/0x0000000800cdf440@634c218e]
18:26:35.612 [JavaFX Application Thread] DEBUG EventBus             - Firing event: com.almasb.fxglgames.td.event.BulletHitEnemy[source=javafx.event.Event$$Lambda$128/0x0000000800cdf440@634c218e]
18:26:35.614 [JavaFX Application Thread] DEBUG EventBus             - Firing event: com.almasb.fxglgames.td.event.BulletHitEnemy[source=javafx.event.Event$$Lambda$128/0x0000000800cdf440@634c218e]
18:26:35.645 [JavaFX Application Thread] DEBUG EventBus             - Firing event: com.almasb.fxglgames.td.event.BulletHitEnemy[source=javafx.event.Event$$Lambda$128/0x0000000800cdf440@634c218e]
18:26:35.726 [JavaFX Application Thread] DEBUG EventBus             - Firing event: com.almasb.fxglgames.td.event.BulletHitEnemy[source=javafx.event.Event$$Lambda$128/0x0000000800cdf440@634c218e]
18:26:35.756 [JavaFX Application Thread] DEBUG EventBus             - Firing event: com.almasb.fxglgames.td.event.BulletHitEnemy[source=javafx.event.Event$$Lambda$128/0x0000000800cdf440@634c218e]
18:26:35.789 [JavaFX Application Thread] DEBUG EventBus             - Firing event: com.almasb.fxglgames.td.event.BulletHitEnemy[source=javafx.event.Event$$Lambda$128/0x0000000800cdf440@634c218e]
18:26:35.791 [JavaFX Application Thread] WARN  FXGL.ProgressBar     - Current value < min value. Setting min value as current
18:26:35.791 [JavaFX Application Thread] DEBUG EventBus             - Firing event: com.almasb.fxglgames.td.event.BulletHitEnemy[source=javafx.event.Event$$Lambda$128/0x0000000800cdf440@634c218e]
18:26:35.792 [JavaFX Application Thread] DEBUG EventBus             - Firing event: com.almasb.fxglgames.td.event.BulletHitEnemy[source=javafx.event.Event$$Lambda$128/0x0000000800cdf440@634c218e]
18:26:35.982 [JavaFX Application Thread] DEBUG EventBus             - Firing event: com.almasb.fxglgames.td.event.BulletHitEnemy[source=javafx.event.Event$$Lambda$128/0x0000000800cdf440@634c218e]
18:26:35.997 [JavaFX Application Thread] DEBUG EventBus             - Firing event: com.almasb.fxglgames.td.event.BulletHitEnemy[source=javafx.event.Event$$Lambda$128/0x0000000800cdf440@634c218e]
18:26:36.061 [JavaFX Application Thread] DEBUG EventBus             - Firing event: com.almasb.fxglgames.td.event.BulletHitEnemy[source=javafx.event.Event$$Lambda$128/0x0000000800cdf440@634c218e]
18:26:36.078 [JavaFX Application Thread] DEBUG EventBus             - Firing event: com.almasb.fxglgames.td.event.BulletHitEnemy[source=javafx.event.Event$$Lambda$128/0x0000000800cdf440@634c218e]
18:26:36.093 [JavaFX Application Thread] DEBUG EventBus             - Firing event: com.almasb.fxglgames.td.event.BulletHitEnemy[source=javafx.event.Event$$Lambda$128/0x0000000800cdf440@634c218e]
18:26:36.125 [JavaFX Application Thread] DEBUG EventBus             - Firing event: com.almasb.fxglgames.td.event.BulletHitEnemy[source=javafx.event.Event$$Lambda$128/0x0000000800cdf440@634c218e]
18:26:36.158 [JavaFX Application Thread] DEBUG EventBus             - Firing event: com.almasb.fxglgames.td.event.BulletHitEnemy[source=javafx.event.Event$$Lambda$128/0x0000000800cdf440@634c218e]
18:26:36.158 [JavaFX Application Thread] DEBUG EventBus             - Firing event: com.almasb.fxglgames.td.event.BulletHitEnemy[source=javafx.event.Event$$Lambda$128/0x0000000800cdf440@634c218e]
18:26:36.206 [JavaFX Application Thread] DEBUG EventBus             - Firing event: com.almasb.fxglgames.td.event.BulletHitEnemy[source=javafx.event.Event$$Lambda$128/0x0000000800cdf440@634c218e]
18:26:36.207 [JavaFX Application Thread] DEBUG EventBus             - Firing event: com.almasb.fxglgames.td.event.BulletHitEnemy[source=javafx.event.Event$$Lambda$128/0x0000000800cdf440@634c218e]
18:26:36.208 [JavaFX Application Thread] DEBUG EventBus             - Firing event: com.almasb.fxglgames.td.event.BulletHitEnemy[source=javafx.event.Event$$Lambda$128/0x0000000800cdf440@634c218e]
18:26:36.209 [JavaFX Application Thread] WARN  FXGL.ProgressBar     - Current value < min value. Setting min value as current
18:26:36.221 [JavaFX Application Thread] DEBUG EventBus             - Firing event: com.almasb.fxglgames.td.event.BulletHitEnemy[source=javafx.event.Event$$Lambda$128/0x0000000800cdf440@634c218e]
18:26:36.285 [JavaFX Application Thread] DEBUG EventBus             - Firing event: com.almasb.fxglgames.td.event.BulletHitEnemy[source=javafx.event.Event$$Lambda$128/0x0000000800cdf440@634c218e]
18:26:36.494 [JavaFX Application Thread] DEBUG EventBus             - Firing event: com.almasb.fxglgames.td.event.BulletHitEnemy[source=javafx.event.Event$$Lambda$128/0x0000000800cdf440@634c218e]
18:26:36.508 [JavaFX Application Thread] DEBUG EventBus             - Firing event: com.almasb.fxglgames.td.event.BulletHitEnemy[source=javafx.event.Event$$Lambda$128/0x0000000800cdf440@634c218e]
18:26:36.509 [JavaFX Application Thread] DEBUG EventBus             - Firing event: com.almasb.fxglgames.td.event.BulletHitEnemy[source=javafx.event.Event$$Lambda$128/0x0000000800cdf440@634c218e]
18:26:36.542 [JavaFX Application Thread] DEBUG EventBus             - Firing event: com.almasb.fxglgames.td.event.BulletHitEnemy[source=javafx.event.Event$$Lambda$128/0x0000000800cdf440@634c218e]
18:26:36.573 [JavaFX Application Thread] DEBUG EventBus             - Firing event: com.almasb.fxglgames.td.event.BulletHitEnemy[source=javafx.event.Event$$Lambda$128/0x0000000800cdf440@634c218e]
18:26:36.606 [JavaFX Application Thread] DEBUG EventBus             - Firing event: com.almasb.fxglgames.td.event.BulletHitEnemy[source=javafx.event.Event$$Lambda$128/0x0000000800cdf440@634c218e]
18:26:36.621 [JavaFX Application Thread] DEBUG EventBus             - Firing event: com.almasb.fxglgames.td.event.BulletHitEnemy[source=javafx.event.Event$$Lambda$128/0x0000000800cdf440@634c218e]
18:26:36.669 [JavaFX Application Thread] DEBUG EventBus             - Firing event: com.almasb.fxglgames.td.event.BulletHitEnemy[source=javafx.event.Event$$Lambda$128/0x0000000800cdf440@634c218e]
18:26:36.670 [JavaFX Application Thread] WARN  FXGL.ProgressBar     - Current value < min value. Setting min value as current
18:26:36.701 [JavaFX Application Thread] DEBUG EventBus             - Firing event: com.almasb.fxglgames.td.event.BulletHitEnemy[source=javafx.event.Event$$Lambda$128/0x0000000800cdf440@634c218e]
18:26:38.110 [JavaFX Application Thread] DEBUG EventBus             - Firing event: com.almasb.fxglgames.td.event.BulletHitEnemy[source=javafx.event.Event$$Lambda$128/0x0000000800cdf440@634c218e]
18:26:38.174 [JavaFX Application Thread] DEBUG EventBus             - Firing event: com.almasb.fxglgames.td.event.BulletHitEnemy[source=javafx.event.Event$$Lambda$128/0x0000000800cdf440@634c218e]
18:26:38.222 [JavaFX Application Thread] DEBUG EventBus             - Firing event: com.almasb.fxglgames.td.event.BulletHitEnemy[source=javafx.event.Event$$Lambda$128/0x0000000800cdf440@634c218e]
18:26:38.254 [JavaFX Application Thread] DEBUG EventBus             - Firing event: com.almasb.fxglgames.td.event.BulletHitEnemy[source=javafx.event.Event$$Lambda$128/0x0000000800cdf440@634c218e]
18:26:38.269 [JavaFX Application Thread] DEBUG EventBus             - Firing event: com.almasb.fxglgames.td.event.BulletHitEnemy[source=javafx.event.Event$$Lambda$128/0x0000000800cdf440@634c218e]
18:26:38.301 [JavaFX Application Thread] DEBUG EventBus             - Firing event: com.almasb.fxglgames.td.event.BulletHitEnemy[source=javafx.event.Event$$Lambda$128/0x0000000800cdf440@634c218e]
18:26:39.054 [JavaFX Application Thread] DEBUG EventBus             - Firing event: com.almasb.fxglgames.td.event.BulletHitEnemy[source=javafx.event.Event$$Lambda$128/0x0000000800cdf440@634c218e]
18:26:39.056 [JavaFX Application Thread] DEBUG EventBus             - Firing event: com.almasb.fxglgames.td.event.BulletHitEnemy[source=javafx.event.Event$$Lambda$128/0x0000000800cdf440@634c218e]
18:26:39.057 [JavaFX Application Thread] DEBUG EventBus             - Firing event: com.almasb.fxglgames.td.event.BulletHitEnemy[source=javafx.event.Event$$Lambda$128/0x0000000800cdf440@634c218e]
18:26:39.058 [JavaFX Application Thread] DEBUG EventBus             - Firing event: com.almasb.fxglgames.td.event.BulletHitEnemy[source=javafx.event.Event$$Lambda$128/0x0000000800cdf440@634c218e]
18:26:39.059 [JavaFX Application Thread] DEBUG EventBus             - Firing event: com.almasb.fxglgames.td.event.BulletHitEnemy[source=javafx.event.Event$$Lambda$128/0x0000000800cdf440@634c218e]
18:26:39.059 [JavaFX Application Thread] DEBUG EventBus             - Firing event: com.almasb.fxglgames.td.event.BulletHitEnemy[source=javafx.event.Event$$Lambda$128/0x0000000800cdf440@634c218e]
18:26:41.214 [JavaFX Application Thread] DEBUG EventBus             - Firing event: com.almasb.fxglgames.td.event.BulletHitEnemy[source=javafx.event.Event$$Lambda$128/0x0000000800cdf440@634c218e]
18:26:41.261 [JavaFX Application Thread] DEBUG EventBus             - Firing event: com.almasb.fxglgames.td.event.BulletHitEnemy[source=javafx.event.Event$$Lambda$128/0x0000000800cdf440@634c218e]
18:26:41.326 [JavaFX Application Thread] DEBUG EventBus             - Firing event: com.almasb.fxglgames.td.event.BulletHitEnemy[source=javafx.event.Event$$Lambda$128/0x0000000800cdf440@634c218e]
18:26:41.694 [JavaFX Application Thread] DEBUG EventBus             - Firing event: com.almasb.fxglgames.td.event.BulletHitEnemy[source=javafx.event.Event$$Lambda$128/0x0000000800cdf440@634c218e]
18:26:41.774 [JavaFX Application Thread] DEBUG EventBus             - Firing event: com.almasb.fxglgames.td.event.BulletHitEnemy[source=javafx.event.Event$$Lambda$128/0x0000000800cdf440@634c218e]
18:26:41.789 [JavaFX Application Thread] DEBUG EventBus             - Firing event: com.almasb.fxglgames.td.event.BulletHitEnemy[source=javafx.event.Event$$Lambda$128/0x0000000800cdf440@634c218e]
18:26:42.253 [JavaFX Application Thread] DEBUG EventBus             - Firing event: com.almasb.fxglgames.td.event.BulletHitEnemy[source=javafx.event.Event$$Lambda$128/0x0000000800cdf440@634c218e]
18:26:42.889 [JavaFX Application Thread] DEBUG Engine               - Exiting FXGL
18:26:42.889 [JavaFX Application Thread] DEBUG Engine               - Shutting down background threads
18:26:42.889 [JavaFX Application Thread] DEBUG Engine               - Saving FXGL system data
18:26:42.896 [JavaFX Application Thread] DEBUG FSServiceImpl        - Writing to: C:\Users\user\IdeaProjects\TowerDefense\system\fxgl.bundle
18:26:42.899 [JavaFX Application Thread] DEBUG Engine               - Closing logger and exiting JavaFX
