18:25:10.147 [main                     ] DEBUG GameApplication      - Logger initialized
18:25:10.152 [main                     ] DEBUG GameApplication      - Logging settings
Title: Tower Defense
Version: 0.2
Width: 800
Height: 600
Fullscreen: false
Intro: false
Menus: false
Profiling: false
Single step:false
App Mode: DEVELOPER
Menu Key: ESCAPE
Stage Style: DECORATED
Scene Factory: class com.almasb.fxgl.app.SceneFactory
Dialog Factory: class com.almasb.fxgl.ui.FXGLDialogFactory
UI Factory: class com.almasb.fxgl.ui.FXGLUIFactory

18:25:10.888 [JavaFX Application Thread] DEBUG Engine               - Initializing FXGL
18:25:10.888 [JavaFX Application Thread] INFO  Engine               - FXGL-11.5 (17.09.2019 20.41) on WINDOWS (J:13 FX:12.0.1)
18:25:10.888 [JavaFX Application Thread] INFO  Engine               - Source code and latest versions at: https://github.com/AlmasB/FXGL
18:25:10.888 [JavaFX Application Thread] INFO  Engine               -              Join the FXGL chat at: https://gitter.im/AlmasB/FXGL
18:25:10.889 [JavaFX Application Thread] DEBUG Engine               - Initializing environment variables
18:25:10.891 [JavaFX Application Thread] DEBUG Engine               - Logging environment variables
18:25:10.892 [JavaFX Application Thread] DEBUG Engine               - achievements: []
18:25:10.892 [JavaFX Application Thread] DEBUG Engine               - sceneStack: com.almasb.fxgl.app.Engine@5711be6
18:25:10.892 [JavaFX Application Thread] DEBUG Engine               - language: ObjectProperty [value: null]
18:25:10.892 [JavaFX Application Thread] DEBUG Engine               - isCloseConfirmation: false
18:25:10.893 [JavaFX Application Thread] DEBUG Engine               - isProfilingEnabled: false
18:25:10.893 [JavaFX Application Thread] DEBUG Engine               - soundNotification: core/notification.wav
18:25:10.893 [JavaFX Application Thread] DEBUG Engine               - devShowBBoxProperty: BooleanProperty [value: false]
18:25:10.894 [JavaFX Application Thread] DEBUG Engine               - pixelsPerMeter: 50.0
18:25:10.895 [JavaFX Application Thread] DEBUG Engine               - overlayRoot: Group@5f75717e
18:25:10.895 [JavaFX Application Thread] DEBUG Engine               - appIcon: fxgl_icon.png
18:25:10.895 [JavaFX Application Thread] DEBUG Engine               - soundMenuBack: menu/back.wav
18:25:10.895 [JavaFX Application Thread] DEBUG Engine               - isFullScreenAllowed: false
18:25:10.895 [JavaFX Application Thread] DEBUG Engine               - isIntroEnabled: false
18:25:10.896 [JavaFX Application Thread] DEBUG Engine               - eventBus: com.almasb.fxgl.event.EventBus@4c78b964
18:25:10.896 [JavaFX Application Thread] DEBUG Engine               - fontMono: lucida_console.ttf
18:25:10.896 [JavaFX Application Thread] DEBUG Engine               - soundMenuSelect: menu/select.wav
18:25:10.896 [JavaFX Application Thread] DEBUG Engine               - isWindows: true
18:25:10.896 [JavaFX Application Thread] DEBUG Engine               - isMobile: false
18:25:10.896 [JavaFX Application Thread] DEBUG Engine               - height: 600
18:25:10.897 [JavaFX Application Thread] DEBUG Engine               - isExperimentalNative: false
18:25:10.897 [JavaFX Application Thread] DEBUG Engine               - isSingleStep: false
18:25:10.897 [JavaFX Application Thread] DEBUG Engine               - cSSList: [fxgl_dark.css]
18:25:10.897 [JavaFX Application Thread] DEBUG Engine               - fontGame: Abel-Regular.ttf
18:25:10.897 [JavaFX Application Thread] DEBUG Engine               - menuKey: ESCAPE
18:25:10.898 [JavaFX Application Thread] DEBUG Engine               - devShowPositionProperty: BooleanProperty [value: false]
18:25:10.898 [JavaFX Application Thread] DEBUG Engine               - versionCheckDays: 7
18:25:10.898 [JavaFX Application Thread] DEBUG Engine               - masterTimer: com.almasb.fxgl.time.Timer@415b3526
18:25:10.898 [JavaFX Application Thread] DEBUG Engine               - configClass: Optional.empty
18:25:10.898 [JavaFX Application Thread] DEBUG Engine               - isFullScreenFromStart: false
18:25:10.898 [JavaFX Application Thread] DEBUG Engine               - version: 0.2
18:25:10.898 [JavaFX Application Thread] DEBUG Engine               - fullScreen: BooleanProperty [value: false]
18:25:10.899 [JavaFX Application Thread] DEBUG Engine               - dialogFactory: com.almasb.fxgl.ui.FXGLDialogFactory@352660d1
18:25:10.899 [JavaFX Application Thread] DEBUG Engine               - applicationMode: DEVELOPER
18:25:10.899 [JavaFX Application Thread] DEBUG Engine               - isMac: false
18:25:10.899 [JavaFX Application Thread] DEBUG Engine               - urlGoogleForms: https://goo.gl/forms/6wrMnOBxTE1fEpOy2
18:25:10.899 [JavaFX Application Thread] DEBUG Engine               - isMenuEnabled: false
18:25:10.899 [JavaFX Application Thread] DEBUG Engine               - profileName: user.profile
18:25:10.900 [JavaFX Application Thread] DEBUG Engine               - urlPOM: https://raw.githubusercontent.com/AlmasB/FXGL/master/pom.xml
18:25:10.900 [JavaFX Application Thread] DEBUG Engine               - notificationViewClass: class com.almasb.fxgl.notification.view.XboxNotificationView
18:25:10.900 [JavaFX Application Thread] DEBUG Engine               - devSensorColorProperty: ObjectProperty [value: 0xffff00ff]
18:25:10.900 [JavaFX Application Thread] DEBUG Engine               - sceneFactory: com.almasb.fxgl.app.SceneFactory@41ac098a
18:25:10.900 [JavaFX Application Thread] DEBUG Engine               - dataFileExt: .dat
18:25:10.900 [JavaFX Application Thread] DEBUG Engine               - stageStyle: DECORATED
18:25:10.900 [JavaFX Application Thread] DEBUG Engine               - isManualResizeEnabled: false
18:25:10.900 [JavaFX Application Thread] DEBUG Engine               - title: Tower Defense
18:25:10.900 [JavaFX Application Thread] DEBUG Engine               - platform: WINDOWS
18:25:10.901 [JavaFX Application Thread] DEBUG Engine               - devBBoxColorProperty: ObjectProperty [value: 0xff0000ff]
18:25:10.901 [JavaFX Application Thread] DEBUG Engine               - isDesktop: true
18:25:10.901 [JavaFX Application Thread] DEBUG Engine               - globalMusicVolumeProperty: DoubleProperty [value: 0.5]
18:25:10.901 [JavaFX Application Thread] DEBUG Engine               - credits: []
18:25:10.901 [JavaFX Application Thread] DEBUG Engine               - uIFactory: com.almasb.fxgl.ui.FXGLUIFactory@48963b42
18:25:10.901 [JavaFX Application Thread] DEBUG Engine               - isPreserveResizeRatio: false
18:25:10.901 [JavaFX Application Thread] DEBUG Engine               - fontText: Courier-Prime.ttf
18:25:10.901 [JavaFX Application Thread] DEBUG Engine               - isExperimentalTiledLargeMap: false
18:25:10.901 [JavaFX Application Thread] DEBUG Engine               - secondsIn24h: 60
18:25:10.901 [JavaFX Application Thread] DEBUG Engine               - runtimeInfo: RuntimeInfo(platform=WINDOWS, version=11.5, build=17.09.2019 20.41)
18:25:10.902 [JavaFX Application Thread] DEBUG Engine               - isLinux: false
18:25:10.902 [JavaFX Application Thread] DEBUG Engine               - soundMenuPress: menu/press.wav
18:25:10.902 [JavaFX Application Thread] DEBUG Engine               - urlGithub: https://github.com/AlmasB/FXGL
18:25:10.902 [JavaFX Application Thread] DEBUG Engine               - profileDir: profiles/
18:25:10.902 [JavaFX Application Thread] DEBUG Engine               - globalSoundVolumeProperty: DoubleProperty [value: 0.5]
18:25:10.902 [JavaFX Application Thread] DEBUG Engine               - isDeveloperMenuEnabled: false
18:25:10.902 [JavaFX Application Thread] DEBUG Engine               - isBrowser: false
18:25:10.902 [JavaFX Application Thread] DEBUG Engine               - urlLeaderboard: http://fxgl-top.herokuapp.com/
18:25:10.902 [JavaFX Application Thread] DEBUG Engine               - globalSoundVolume: 0.5
18:25:10.903 [JavaFX Application Thread] DEBUG Engine               - saveDir: saves/
18:25:10.903 [JavaFX Application Thread] DEBUG Engine               - engineServices: [class com.almasb.fxgl.audio.AudioPlayer, class com.almasb.fxgl.notification.impl.NotificationServiceProvider, class com.almasb.fxgl.achievement.AchievementManager, class com.almasb.fxgl.cutscene.CutsceneService, class com.almasb.fxgl.minigames.MiniGameService]
18:25:10.903 [JavaFX Application Thread] DEBUG Engine               - globalMusicVolume: 0.5
18:25:10.903 [JavaFX Application Thread] DEBUG Engine               - width: 800
18:25:10.903 [JavaFX Application Thread] DEBUG Engine               - saveFileExt: .sav
18:25:10.903 [JavaFX Application Thread] DEBUG Engine               - isAndroid: false
18:25:10.903 [JavaFX Application Thread] DEBUG Engine               - fontUI: VarelaRound-Regular.ttf
18:25:10.903 [JavaFX Application Thread] DEBUG Engine               - isIOS: false
18:25:10.904 [JavaFX Application Thread] DEBUG Engine               - enabledMenuItems: []
18:25:10.906 [JavaFX Application Thread] DEBUG Engine               - Adding new engine service: class com.almasb.fxgl.audio.AudioPlayer
18:25:10.907 [JavaFX Application Thread] DEBUG Engine               - Adding new engine service: class com.almasb.fxgl.notification.impl.NotificationServiceProvider
18:25:10.907 [JavaFX Application Thread] DEBUG Engine               - Adding new engine service: class com.almasb.fxgl.achievement.AchievementManager
18:25:10.908 [JavaFX Application Thread] DEBUG Engine               - Adding new engine service: class com.almasb.fxgl.cutscene.CutsceneService
18:25:10.908 [JavaFX Application Thread] DEBUG Engine               - Adding new engine service: class com.almasb.fxgl.minigames.MiniGameService
18:25:10.910 [JavaFX Application Thread] DEBUG Engine               - Loading localizations
18:25:10.922 [JavaFX Application Thread] DEBUG AssetLoader          - Loading from file system: /assets/properties/languages/english.properties
18:25:10.926 [JavaFX Application Thread] DEBUG AssetLoader          - Loading from file system: /assets/properties/languages/french.properties
18:25:10.928 [JavaFX Application Thread] DEBUG AssetLoader          - Loading from file system: /assets/properties/languages/german.properties
18:25:10.929 [JavaFX Application Thread] DEBUG AssetLoader          - Loading from file system: /assets/properties/languages/russian.properties
18:25:10.931 [JavaFX Application Thread] DEBUG AssetLoader          - Loading from file system: /assets/properties/languages/hungarian.properties
18:25:10.933 [JavaFX Application Thread] DEBUG Engine               - Registering font factories
18:25:10.934 [JavaFX Application Thread] DEBUG AssetLoader          - Loading from file system: /assets/ui/fonts/VarelaRound-Regular.ttf
18:25:11.126 [JavaFX Application Thread] DEBUG AssetLoader          - Loading from file system: /assets/ui/fonts/Abel-Regular.ttf
18:25:11.129 [JavaFX Application Thread] DEBUG AssetLoader          - Loading from file system: /assets/ui/fonts/lucida_console.ttf
18:25:11.133 [JavaFX Application Thread] DEBUG AssetLoader          - Loading from file system: /assets/ui/fonts/Courier-Prime.ttf
18:25:11.136 [JavaFX Application Thread] DEBUG Engine               - Setting UI factory
18:25:11.220 [JavaFX Application Thread] DEBUG AssetLoader          - Loading from file system: /assets/textures/fxgl_logo.png
18:25:11.274 [JavaFX Application Thread] DEBUG MainWindow           - Creating a JavaFX scene
18:25:11.309 [JavaFX Application Thread] DEBUG MainWindow           - Target settings size: 800.0 x 600.0
18:25:11.309 [JavaFX Application Thread] DEBUG MainWindow           - Scaled scene size:    800.0 x 600.0
18:25:11.309 [JavaFX Application Thread] DEBUG MainWindow           - Scaled ratio: (1.0, 1.0)
18:25:11.310 [JavaFX Application Thread] DEBUG MainWindow           - Set initial scene to FXGLStartupScene
18:25:11.316 [JavaFX Application Thread] DEBUG AssetLoader          - Loading from file system: /assets/textures/fxgl_icon.png
18:25:11.326 [JavaFX Application Thread] DEBUG Engine               - Applying CSS: fxgl_dark.css
18:25:11.326 [JavaFX Application Thread] DEBUG AssetLoader          - Loading from file system: /assets/ui/css/fxgl_dark.css
18:25:11.329 [JavaFX Application Thread] DEBUG AssetLoader          - Loading from file system: /assets/ui/cursors/fxgl_default.png
18:25:11.330 [JavaFX Application Thread] DEBUG MainWindow           - Opening main window
18:25:11.447 [JavaFX Application Thread] DEBUG MainWindow           - Window border size: (16.0, 39.0)
18:25:11.447 [JavaFX Application Thread] DEBUG MainWindow           - Scaled size: 800.0 x 600.0
18:25:11.447 [JavaFX Application Thread] DEBUG MainWindow           - Scaled ratio: (1.0, 1.0)
18:25:11.447 [JavaFX Application Thread] DEBUG MainWindow           - Scene size: 800.0 x 600.0
18:25:11.447 [JavaFX Application Thread] DEBUG MainWindow           - Stage size: 816.0 x 639.0
18:25:11.456 [FXGL Background Thread 1 ] DEBUG FS                   - Loaded FSServiceImpl
18:25:11.457 [FXGL Background Thread 1 ] DEBUG Engine               - Loading FXGL system data
18:25:11.464 [FXGL Background Thread 1 ] DEBUG FSServiceImpl        - Reading from: C:\Users\user\IdeaProjects\TowerDefense\system\fxgl.bundle
18:25:11.475 [FXGL Background Thread 1 ] DEBUG Engine               - Bundle FXGL: {}
18:25:11.475 [FXGL Background Thread 1 ] DEBUG Engine               - Initializing application scenes
18:25:11.503 [FXGL Background Thread 1 ] DEBUG GameWorld            - Game world initialized
18:25:11.540 [FXGL Background Thread 1 ] DEBUG PhysicsWorld         - Physics world initialized: appHeight=600, physics.ppm=50.0
18:25:11.542 [FXGL Background Thread 1 ] DEBUG GameScene            - Game scene initialized: 800x600
18:25:11.569 [FXGL Background Thread 1 ] DEBUG Input                - Registered new binding: Resume - Esc
18:25:11.570 [FXGL Background Thread 1 ] DEBUG AssetLoader          - Loading from file system: /assets/textures/pause_menu_bg.png
18:25:11.595 [FXGL Background Thread 1 ] DEBUG Input                - Registered new binding: Pause - Esc
18:25:11.596 [FXGL Background Thread 1 ] DEBUG Engine               - Application scenes initialized
18:25:11.599 [JavaFX Application Thread] DEBUG Engine               - Running preInit()
18:25:11.600 [JavaFX Application Thread] DEBUG Input                - Registered new binding: Place Tower - LMB
18:25:11.601 [JavaFX Application Thread] DEBUG Input                - Registered new binding: Screenshot - P
18:25:11.601 [JavaFX Application Thread] DEBUG Input                - Registered new binding: System info dump - CTRL+9
18:25:11.601 [JavaFX Application Thread] DEBUG Input                - Registered new binding: Restart - CTRL+R
18:25:11.602 [JavaFX Application Thread] DEBUG Engine               - generateDefaultProfile()
18:25:11.602 [JavaFX Application Thread] DEBUG Engine               - Creating default profile
18:25:11.602 [JavaFX Application Thread] DEBUG EventBus             - Firing event: SaveEvent
18:25:11.615 [JavaFX Application Thread] INFO  Engine               - FXGL initialization took: 0.705 sec
18:25:11.615 [JavaFX Application Thread] DEBUG LoopRunner           - Starting loop
18:25:11.624 [JavaFX Application Thread] DEBUG FXGLStartupScene     - STARTUP
18:25:11.625 [JavaFX Application Thread] DEBUG Engine               - Starting new game
18:25:11.631 [JavaFX Application Thread] DEBUG Input                - Clearing active input actions
18:25:11.631 [FXGL Background Thread 1 ] DEBUG InitAppTask          - Clearing previous game
18:25:11.631 [FXGL Background Thread 1 ] DEBUG GameWorld            - Clearing game world
18:25:11.631 [FXGL Background Thread 1 ] DEBUG PhysicsWorld         - Clearing physics world
18:25:11.631 [FXGL Background Thread 1 ] DEBUG GameScene            - Clearing game scene
18:25:11.631 [FXGL Background Thread 1 ] DEBUG InitAppTask          - Initializing Game
18:25:11.642 [FXGL Background Thread 1 ] DEBUG InitAppTask          - Initializing Physics
18:25:11.642 [JavaFX Application Thread] DEBUG Engine               - Removing overlay from FXGLStartupScene and adding to LoadingScene
18:25:11.643 [FXGL Background Thread 1 ] DEBUG InitAppTask          - Initializing UI
18:25:11.643 [JavaFX Application Thread] DEBUG MainWindow           - FXGLStartupScene -> LoadingScene
18:25:11.651 [FXGL Background Thread 1 ] DEBUG InitAppTask          - Initialization Complete
18:25:11.651 [FXGL Background Thread 1 ] INFO  InitAppTask          - Game initialization took: 0.020 sec
18:25:11.685 [JavaFX Application Thread] DEBUG Input                - Clearing active input actions
18:25:11.699 [JavaFX Application Thread] DEBUG Engine               - Removing overlay from LoadingScene and adding to GameScene
18:25:11.699 [JavaFX Application Thread] DEBUG MainWindow           - LoadingScene -> GameScene
18:25:22.017 [JavaFX Application Thread] DEBUG Engine               - Exiting FXGL
18:25:22.017 [JavaFX Application Thread] DEBUG Engine               - Shutting down background threads
18:25:22.017 [JavaFX Application Thread] DEBUG Engine               - Saving FXGL system data
18:25:22.019 [JavaFX Application Thread] DEBUG FSServiceImpl        - Writing to: C:\Users\user\IdeaProjects\TowerDefense\system\fxgl.bundle
18:25:22.021 [JavaFX Application Thread] DEBUG Engine               - Closing logger and exiting JavaFX
