21:10:52.665 [main                     ] DEBUG GameApplication      - Logger initialized
21:10:52.676 [main                     ] DEBUG GameApplication      - Logging settings
Title: Minimalist Tower Defense
Version: 2.0
Width: 768
Height: 600
Fullscreen: false
Intro: false
Menus: true
Profiling: false
Single step:false
App Mode: DEVELOPER
Menu Key: ESCAPE
Stage Style: DECORATED
Scene Factory: class com.almasb.fxgl.app.SceneFactory
Dialog Factory: class com.almasb.fxgl.ui.FXGLDialogFactory
UI Factory: class com.almasb.fxgl.ui.FXGLUIFactory

21:10:52.866 [JavaFX Application Thread] DEBUG Engine               - Initializing FXGL
21:10:52.866 [JavaFX Application Thread] INFO  Engine               - FXGL-11.5 (17.09.2019 20.41) on WINDOWS (J:11.0.5 FX:12.0.1)
21:10:52.866 [JavaFX Application Thread] INFO  Engine               - Source code and latest versions at: https://github.com/AlmasB/FXGL
21:10:52.866 [JavaFX Application Thread] INFO  Engine               -              Join the FXGL chat at: https://gitter.im/AlmasB/FXGL
21:10:52.866 [JavaFX Application Thread] DEBUG Engine               - Initializing environment variables
21:10:52.868 [JavaFX Application Thread] DEBUG Engine               - Logging environment variables
21:10:52.868 [JavaFX Application Thread] DEBUG Engine               - achievements: []
21:10:52.868 [JavaFX Application Thread] DEBUG Engine               - sceneStack: com.almasb.fxgl.app.Engine@220b2e7c
21:10:52.868 [JavaFX Application Thread] DEBUG Engine               - language: ObjectProperty [value: null]
21:10:52.868 [JavaFX Application Thread] DEBUG Engine               - isCloseConfirmation: true
21:10:52.868 [JavaFX Application Thread] DEBUG Engine               - isProfilingEnabled: false
21:10:52.868 [JavaFX Application Thread] DEBUG Engine               - soundNotification: core/notification.wav
21:10:52.869 [JavaFX Application Thread] DEBUG Engine               - devShowBBoxProperty: BooleanProperty [value: false]
21:10:52.869 [JavaFX Application Thread] DEBUG Engine               - pixelsPerMeter: 50.0
21:10:52.869 [JavaFX Application Thread] DEBUG Engine               - overlayRoot: Group@2f3b2707
21:10:52.869 [JavaFX Application Thread] DEBUG Engine               - appIcon: fxgl_icon.png
21:10:52.869 [JavaFX Application Thread] DEBUG Engine               - soundMenuBack: menu/back.wav
21:10:52.869 [JavaFX Application Thread] DEBUG Engine               - isFullScreenAllowed: false
21:10:52.869 [JavaFX Application Thread] DEBUG Engine               - isIntroEnabled: false
21:10:52.869 [JavaFX Application Thread] DEBUG Engine               - eventBus: com.almasb.fxgl.event.EventBus@1f989485
21:10:52.869 [JavaFX Application Thread] DEBUG Engine               - fontMono: lucida_console.ttf
21:10:52.869 [JavaFX Application Thread] DEBUG Engine               - soundMenuSelect: menu/select.wav
21:10:52.870 [JavaFX Application Thread] DEBUG Engine               - isWindows: true
21:10:52.870 [JavaFX Application Thread] DEBUG Engine               - isMobile: false
21:10:52.870 [JavaFX Application Thread] DEBUG Engine               - height: 600
21:10:52.870 [JavaFX Application Thread] DEBUG Engine               - isExperimentalNative: false
21:10:52.870 [JavaFX Application Thread] DEBUG Engine               - isSingleStep: false
21:10:52.870 [JavaFX Application Thread] DEBUG Engine               - cSSList: [fxgl_dark.css]
21:10:52.870 [JavaFX Application Thread] DEBUG Engine               - fontGame: Abel-Regular.ttf
21:10:52.870 [JavaFX Application Thread] DEBUG Engine               - menuKey: ESCAPE
21:10:52.870 [JavaFX Application Thread] DEBUG Engine               - devShowPositionProperty: BooleanProperty [value: false]
21:10:52.870 [JavaFX Application Thread] DEBUG Engine               - versionCheckDays: 7
21:10:52.870 [JavaFX Application Thread] DEBUG Engine               - masterTimer: com.almasb.fxgl.time.Timer@87033b1
21:10:52.871 [JavaFX Application Thread] DEBUG Engine               - configClass: Optional.empty
21:10:52.871 [JavaFX Application Thread] DEBUG Engine               - isFullScreenFromStart: false
21:10:52.871 [JavaFX Application Thread] DEBUG Engine               - version: 2.0
21:10:52.871 [JavaFX Application Thread] DEBUG Engine               - fullScreen: BooleanProperty [value: false]
21:10:52.871 [JavaFX Application Thread] DEBUG Engine               - dialogFactory: com.almasb.fxgl.ui.FXGLDialogFactory@7373840d
21:10:52.871 [JavaFX Application Thread] DEBUG Engine               - applicationMode: DEVELOPER
21:10:52.871 [JavaFX Application Thread] DEBUG Engine               - isMac: false
21:10:52.871 [JavaFX Application Thread] DEBUG Engine               - urlGoogleForms: https://goo.gl/forms/6wrMnOBxTE1fEpOy2
21:10:52.871 [JavaFX Application Thread] DEBUG Engine               - isMenuEnabled: true
21:10:52.871 [JavaFX Application Thread] DEBUG Engine               - urlPOM: https://raw.githubusercontent.com/AlmasB/FXGL/master/pom.xml
21:10:52.871 [JavaFX Application Thread] DEBUG Engine               - profileName: user.profile
21:10:52.872 [JavaFX Application Thread] DEBUG Engine               - devSensorColorProperty: ObjectProperty [value: 0xffff00ff]
21:10:52.872 [JavaFX Application Thread] DEBUG Engine               - notificationViewClass: class com.almasb.fxgl.notification.view.XboxNotificationView
21:10:52.872 [JavaFX Application Thread] DEBUG Engine               - sceneFactory: com.almasb.fxgl.app.SceneFactory@586967b
21:10:52.872 [JavaFX Application Thread] DEBUG Engine               - dataFileExt: .dat
21:10:52.872 [JavaFX Application Thread] DEBUG Engine               - stageStyle: DECORATED
21:10:52.872 [JavaFX Application Thread] DEBUG Engine               - isManualResizeEnabled: true
21:10:52.872 [JavaFX Application Thread] DEBUG Engine               - title: Minimalist Tower Defense
21:10:52.872 [JavaFX Application Thread] DEBUG Engine               - platform: WINDOWS
21:10:52.872 [JavaFX Application Thread] DEBUG Engine               - devBBoxColorProperty: ObjectProperty [value: 0xff0000ff]
21:10:52.872 [JavaFX Application Thread] DEBUG Engine               - isDesktop: true
21:10:52.872 [JavaFX Application Thread] DEBUG Engine               - globalMusicVolumeProperty: DoubleProperty [value: 0.5]
21:10:52.872 [JavaFX Application Thread] DEBUG Engine               - credits: []
21:10:52.873 [JavaFX Application Thread] DEBUG Engine               - uIFactory: com.almasb.fxgl.ui.FXGLUIFactory@5e6106f2
21:10:52.873 [JavaFX Application Thread] DEBUG Engine               - isPreserveResizeRatio: false
21:10:52.873 [JavaFX Application Thread] DEBUG Engine               - fontText: Courier-Prime.ttf
21:10:52.873 [JavaFX Application Thread] DEBUG Engine               - isExperimentalTiledLargeMap: false
21:10:52.873 [JavaFX Application Thread] DEBUG Engine               - secondsIn24h: 60
21:10:52.873 [JavaFX Application Thread] DEBUG Engine               - runtimeInfo: RuntimeInfo(platform=WINDOWS, version=11.5, build=17.09.2019 20.41)
21:10:52.873 [JavaFX Application Thread] DEBUG Engine               - isLinux: false
21:10:52.873 [JavaFX Application Thread] DEBUG Engine               - urlGithub: https://github.com/AlmasB/FXGL
21:10:52.873 [JavaFX Application Thread] DEBUG Engine               - soundMenuPress: menu/press.wav
21:10:52.873 [JavaFX Application Thread] DEBUG Engine               - profileDir: profiles/
21:10:52.873 [JavaFX Application Thread] DEBUG Engine               - globalSoundVolumeProperty: DoubleProperty [value: 0.5]
21:10:52.873 [JavaFX Application Thread] DEBUG Engine               - isDeveloperMenuEnabled: false
21:10:52.873 [JavaFX Application Thread] DEBUG Engine               - isBrowser: false
21:10:52.873 [JavaFX Application Thread] DEBUG Engine               - globalSoundVolume: 0.5
21:10:52.873 [JavaFX Application Thread] DEBUG Engine               - urlLeaderboard: http://fxgl-top.herokuapp.com/
21:10:52.874 [JavaFX Application Thread] DEBUG Engine               - saveDir: saves/
21:10:52.874 [JavaFX Application Thread] DEBUG Engine               - engineServices: [class com.almasb.fxgl.audio.AudioPlayer, class com.almasb.fxgl.notification.impl.NotificationServiceProvider, class com.almasb.fxgl.achievement.AchievementManager, class com.almasb.fxgl.cutscene.CutsceneService, class com.almasb.fxgl.minigames.MiniGameService]
21:10:52.874 [JavaFX Application Thread] DEBUG Engine               - globalMusicVolume: 0.5
21:10:52.874 [JavaFX Application Thread] DEBUG Engine               - width: 768
21:10:52.874 [JavaFX Application Thread] DEBUG Engine               - saveFileExt: .sav
21:10:52.874 [JavaFX Application Thread] DEBUG Engine               - isAndroid: false
21:10:52.874 [JavaFX Application Thread] DEBUG Engine               - fontUI: VarelaRound-Regular.ttf
21:10:52.874 [JavaFX Application Thread] DEBUG Engine               - isIOS: false
21:10:52.874 [JavaFX Application Thread] DEBUG Engine               - enabledMenuItems: []
21:10:52.876 [JavaFX Application Thread] DEBUG Engine               - Adding new engine service: class com.almasb.fxgl.audio.AudioPlayer
21:10:52.877 [JavaFX Application Thread] DEBUG Engine               - Adding new engine service: class com.almasb.fxgl.notification.impl.NotificationServiceProvider
21:10:52.877 [JavaFX Application Thread] DEBUG Engine               - Adding new engine service: class com.almasb.fxgl.achievement.AchievementManager
21:10:52.878 [JavaFX Application Thread] DEBUG Engine               - Adding new engine service: class com.almasb.fxgl.cutscene.CutsceneService
21:10:52.878 [JavaFX Application Thread] DEBUG Engine               - Adding new engine service: class com.almasb.fxgl.minigames.MiniGameService
21:10:52.880 [JavaFX Application Thread] DEBUG Engine               - Loading localizations
21:10:52.887 [JavaFX Application Thread] DEBUG AssetLoader          - Loading from file system: /assets/properties/languages/english.properties
21:10:52.890 [JavaFX Application Thread] DEBUG AssetLoader          - Loading from file system: /assets/properties/languages/french.properties
21:10:52.891 [JavaFX Application Thread] DEBUG AssetLoader          - Loading from file system: /assets/properties/languages/german.properties
21:10:52.892 [JavaFX Application Thread] DEBUG AssetLoader          - Loading from file system: /assets/properties/languages/russian.properties
21:10:52.893 [JavaFX Application Thread] DEBUG AssetLoader          - Loading from file system: /assets/properties/languages/hungarian.properties
21:10:52.894 [JavaFX Application Thread] DEBUG Engine               - Registering font factories
21:10:52.894 [JavaFX Application Thread] DEBUG AssetLoader          - Loading from file system: /assets/ui/fonts/VarelaRound-Regular.ttf
21:10:53.177 [JavaFX Application Thread] DEBUG AssetLoader          - Loading from file system: /assets/ui/fonts/Abel-Regular.ttf
21:10:53.184 [JavaFX Application Thread] DEBUG AssetLoader          - Loading from file system: /assets/ui/fonts/lucida_console.ttf
21:10:53.192 [JavaFX Application Thread] DEBUG AssetLoader          - Loading from file system: /assets/ui/fonts/Courier-Prime.ttf
21:10:53.200 [JavaFX Application Thread] DEBUG Engine               - Setting UI factory
21:10:53.264 [JavaFX Application Thread] DEBUG AssetLoader          - Loading from file system: /assets/textures/fxgl_logo.png
21:10:53.305 [JavaFX Application Thread] DEBUG MainWindow           - Creating a JavaFX scene
21:10:53.335 [JavaFX Application Thread] DEBUG MainWindow           - Target settings size: 768.0 x 600.0
21:10:53.335 [JavaFX Application Thread] DEBUG MainWindow           - Scaled scene size:    768.0 x 600.0
21:10:53.335 [JavaFX Application Thread] DEBUG MainWindow           - Scaled ratio: (1.0, 1.0)
21:10:53.336 [JavaFX Application Thread] DEBUG MainWindow           - Set initial scene to FXGLStartupScene
21:10:53.341 [JavaFX Application Thread] DEBUG AssetLoader          - Loading from file system: /assets/textures/fxgl_icon.png
21:10:53.349 [JavaFX Application Thread] DEBUG Engine               - Applying CSS: fxgl_dark.css
21:10:53.349 [JavaFX Application Thread] DEBUG AssetLoader          - Loading from file system: /assets/ui/css/fxgl_dark.css
21:10:53.351 [JavaFX Application Thread] DEBUG AssetLoader          - Loading from file system: /assets/ui/cursors/fxgl_default.png
21:10:53.352 [JavaFX Application Thread] DEBUG MainWindow           - Opening main window
21:10:53.471 [JavaFX Application Thread] DEBUG MainWindow           - Window border size: (14.4000244140625, 37.5999755859375)
21:10:53.471 [JavaFX Application Thread] DEBUG MainWindow           - Scaled size: 768.0 x 600.0
21:10:53.471 [JavaFX Application Thread] DEBUG MainWindow           - Scaled ratio: (1.0, 1.0)
21:10:53.471 [JavaFX Application Thread] DEBUG MainWindow           - Scene size: 768.0 x 600.0
21:10:53.471 [JavaFX Application Thread] DEBUG MainWindow           - Stage size: 782.4000244140625 x 637.5999755859375
21:10:53.479 [FXGL Background Thread 1 ] DEBUG FS                   - Loaded FSServiceImpl
21:10:53.480 [FXGL Background Thread 1 ] DEBUG Engine               - Loading FXGL system data
21:10:53.485 [FXGL Background Thread 1 ] DEBUG FSServiceImpl        - Reading from: C:\Users\USER\Documents\GitHub\CAT200-Project\TowerDefense\system\fxgl.bundle
21:10:53.493 [FXGL Background Thread 1 ] DEBUG Engine               - Bundle FXGL: {}
21:10:53.493 [FXGL Background Thread 1 ] DEBUG Engine               - Initializing application scenes
21:10:53.511 [FXGL Background Thread 1 ] DEBUG GameWorld            - Game world initialized
21:10:53.547 [FXGL Background Thread 1 ] DEBUG PhysicsWorld         - Physics world initialized: appHeight=600, physics.ppm=50.0
21:10:53.548 [FXGL Background Thread 1 ] DEBUG GameScene            - Game scene initialized: 768x600
21:10:53.585 [FXGL Background Thread 1 ] DEBUG AssetLoader          - Loading from file system: /assets/textures/particles/trace_horizontal.png
21:10:53.594 [FXGL Background Thread 1 ] DEBUG FXGL.DefaultMenu     - createMenuBodyMainMenu()
21:10:53.607 [FXGL Background Thread 1 ] DEBUG FXGL.DefaultMenu     - createOptionsMenu()
21:10:53.610 [FXGL Background Thread 1 ] DEBUG AssetLoader          - Loading from file system: /assets/textures/particles/smoke.png
21:10:53.646 [FXGL Background Thread 1 ] DEBUG AssetLoader          - Loading from cache: /assets/textures/particles/trace_horizontal.png@64.0x64.0
21:10:53.646 [FXGL Background Thread 1 ] DEBUG FXGL.DefaultMenu     - createMenuBodyGameMenu()
21:10:53.647 [FXGL Background Thread 1 ] DEBUG FXGL.DefaultMenu     - createOptionsMenu()
21:10:53.649 [FXGL Background Thread 1 ] DEBUG AssetLoader          - Loading from cache: /assets/textures/particles/smoke.png@128.0x128.0
21:10:53.660 [FXGL Background Thread 1 ] DEBUG Engine               - Application scenes initialized
21:10:53.663 [JavaFX Application Thread] DEBUG Engine               - Running preInit()
21:10:53.665 [JavaFX Application Thread] DEBUG Input                - Registered new binding: Place/Upgrade Tower - LMB
21:10:53.666 [JavaFX Application Thread] DEBUG Input                - Registered new binding: Remove Tower - RMB
21:10:53.672 [JavaFX Application Thread] DEBUG Input                - Registered new binding: Screenshot - P
21:10:53.672 [JavaFX Application Thread] DEBUG Input                - Registered new binding: System info dump - CTRL+9
21:10:53.672 [JavaFX Application Thread] DEBUG Input                - Registered new binding: Restart - CTRL+R
21:10:53.672 [JavaFX Application Thread] DEBUG Engine               - generateDefaultProfile()
21:10:53.672 [JavaFX Application Thread] DEBUG Engine               - Creating default profile
21:10:53.672 [JavaFX Application Thread] DEBUG EventBus             - Firing event: SaveEvent
21:10:53.681 [JavaFX Application Thread] INFO  Engine               - FXGL initialization took: 0.801 sec
21:10:53.681 [JavaFX Application Thread] DEBUG LoopRunner           - Starting loop
21:10:53.694 [JavaFX Application Thread] DEBUG FXGLStartupScene     - STARTUP
21:10:53.698 [JavaFX Application Thread] DEBUG Input                - Clearing active input actions
21:10:53.712 [JavaFX Application Thread] DEBUG Engine               - Removing overlay from FXGLStartupScene and adding to FXGLDefaultMenu
21:10:53.713 [JavaFX Application Thread] DEBUG MainWindow           - FXGLStartupScene -> FXGLDefaultMenu
21:11:02.185 [JavaFX Application Thread] DEBUG Menu                 - createContentControls()
21:11:23.898 [JavaFX Application Thread] DEBUG MainWindow           - Push state: DialogSubState
21:11:23.899 [JavaFX Application Thread] DEBUG Input                - Clearing active input actions
21:11:23.900 [JavaFX Application Thread] DEBUG Engine               - Removing overlay from FXGLDefaultMenu and adding to DialogSubState
21:11:23.900 [JavaFX Application Thread] DEBUG MainWindow           - FXGLDefaultMenu -> DialogSubState
21:11:25.089 [JavaFX Application Thread] DEBUG MainWindow           - Pop state: DialogSubState
21:11:25.089 [JavaFX Application Thread] DEBUG Input                - Clearing active input actions
21:11:25.090 [JavaFX Application Thread] DEBUG Engine               - Removing overlay from DialogSubState and adding to FXGLDefaultMenu
21:11:25.090 [JavaFX Application Thread] DEBUG MainWindow           - FXGLDefaultMenu <- DialogSubState
21:11:30.562 [JavaFX Application Thread] DEBUG MainWindow           - Push state: DialogSubState
21:11:30.562 [JavaFX Application Thread] DEBUG Input                - Clearing active input actions
21:11:30.562 [JavaFX Application Thread] DEBUG Engine               - Removing overlay from FXGLDefaultMenu and adding to DialogSubState
21:11:30.562 [JavaFX Application Thread] DEBUG MainWindow           - FXGLDefaultMenu -> DialogSubState
21:11:31.289 [JavaFX Application Thread] DEBUG MainWindow           - Pop state: DialogSubState
21:11:31.289 [JavaFX Application Thread] DEBUG Input                - Clearing active input actions
21:11:31.290 [JavaFX Application Thread] DEBUG Engine               - Removing overlay from DialogSubState and adding to FXGLDefaultMenu
21:11:31.290 [JavaFX Application Thread] DEBUG MainWindow           - FXGLDefaultMenu <- DialogSubState
21:11:31.290 [JavaFX Application Thread] DEBUG Engine               - Exiting FXGL
21:11:31.290 [JavaFX Application Thread] DEBUG Engine               - Shutting down background threads
21:11:31.290 [JavaFX Application Thread] DEBUG Engine               - Saving FXGL system data
21:11:31.292 [JavaFX Application Thread] DEBUG FSServiceImpl        - Writing to: C:\Users\USER\Documents\GitHub\CAT200-Project\TowerDefense\system\fxgl.bundle
21:11:31.294 [JavaFX Application Thread] DEBUG Engine               - Closing logger and exiting JavaFX
