18:32:40.287 [main                     ] DEBUG GameApplication      - Logger initialized
18:32:40.292 [main                     ] DEBUG GameApplication      - Logging settings
Title: Tower Defense
Version: 0.2
Width: 800
Height: 600
Fullscreen: false
Intro: false
Menus: false
Profiling: false
Single step:false
App Mode: DEVELOPER
Menu Key: ESCAPE
Stage Style: DECORATED
Scene Factory: class com.almasb.fxgl.app.SceneFactory
Dialog Factory: class com.almasb.fxgl.ui.FXGLDialogFactory
UI Factory: class com.almasb.fxgl.ui.FXGLUIFactory

18:32:41.587 [JavaFX Application Thread] DEBUG Engine               - Initializing FXGL
18:32:41.587 [JavaFX Application Thread] INFO  Engine               - FXGL-11.5 (17.09.2019 20.41) on WINDOWS (J:13 FX:12.0.1)
18:32:41.587 [JavaFX Application Thread] INFO  Engine               - Source code and latest versions at: https://github.com/AlmasB/FXGL
18:32:41.587 [JavaFX Application Thread] INFO  Engine               -              Join the FXGL chat at: https://gitter.im/AlmasB/FXGL
18:32:41.588 [JavaFX Application Thread] DEBUG Engine               - Initializing environment variables
18:32:41.590 [JavaFX Application Thread] DEBUG Engine               - Logging environment variables
18:32:41.590 [JavaFX Application Thread] DEBUG Engine               - achievements: []
18:32:41.590 [JavaFX Application Thread] DEBUG Engine               - sceneStack: com.almasb.fxgl.app.Engine@31f65095
18:32:41.590 [JavaFX Application Thread] DEBUG Engine               - language: ObjectProperty [value: null]
18:32:41.590 [JavaFX Application Thread] DEBUG Engine               - isCloseConfirmation: false
18:32:41.590 [JavaFX Application Thread] DEBUG Engine               - isProfilingEnabled: false
18:32:41.591 [JavaFX Application Thread] DEBUG Engine               - soundNotification: core/notification.wav
18:32:41.591 [JavaFX Application Thread] DEBUG Engine               - devShowBBoxProperty: BooleanProperty [value: false]
18:32:41.592 [JavaFX Application Thread] DEBUG Engine               - pixelsPerMeter: 50.0
18:32:41.592 [JavaFX Application Thread] DEBUG Engine               - overlayRoot: Group@232384a5
18:32:41.592 [JavaFX Application Thread] DEBUG Engine               - soundMenuBack: menu/back.wav
18:32:41.592 [JavaFX Application Thread] DEBUG Engine               - appIcon: fxgl_icon.png
18:32:41.592 [JavaFX Application Thread] DEBUG Engine               - isFullScreenAllowed: false
18:32:41.592 [JavaFX Application Thread] DEBUG Engine               - isIntroEnabled: false
18:32:41.593 [JavaFX Application Thread] DEBUG Engine               - eventBus: com.almasb.fxgl.event.EventBus@1d99fafd
18:32:41.593 [JavaFX Application Thread] DEBUG Engine               - fontMono: lucida_console.ttf
18:32:41.593 [JavaFX Application Thread] DEBUG Engine               - soundMenuSelect: menu/select.wav
18:32:41.593 [JavaFX Application Thread] DEBUG Engine               - isWindows: true
18:32:41.593 [JavaFX Application Thread] DEBUG Engine               - isMobile: false
18:32:41.593 [JavaFX Application Thread] DEBUG Engine               - height: 600
18:32:41.593 [JavaFX Application Thread] DEBUG Engine               - isExperimentalNative: false
18:32:41.594 [JavaFX Application Thread] DEBUG Engine               - isSingleStep: false
18:32:41.594 [JavaFX Application Thread] DEBUG Engine               - cSSList: [fxgl_dark.css]
18:32:41.594 [JavaFX Application Thread] DEBUG Engine               - fontGame: Abel-Regular.ttf
18:32:41.594 [JavaFX Application Thread] DEBUG Engine               - menuKey: ESCAPE
18:32:41.594 [JavaFX Application Thread] DEBUG Engine               - devShowPositionProperty: BooleanProperty [value: false]
18:32:41.594 [JavaFX Application Thread] DEBUG Engine               - versionCheckDays: 7
18:32:41.594 [JavaFX Application Thread] DEBUG Engine               - masterTimer: com.almasb.fxgl.time.Timer@1ee86323
18:32:41.594 [JavaFX Application Thread] DEBUG Engine               - configClass: Optional.empty
18:32:41.594 [JavaFX Application Thread] DEBUG Engine               - isFullScreenFromStart: false
18:32:41.594 [JavaFX Application Thread] DEBUG Engine               - version: 0.2
18:32:41.595 [JavaFX Application Thread] DEBUG Engine               - fullScreen: BooleanProperty [value: false]
18:32:41.595 [JavaFX Application Thread] DEBUG Engine               - dialogFactory: com.almasb.fxgl.ui.FXGLDialogFactory@6f6ec309
18:32:41.595 [JavaFX Application Thread] DEBUG Engine               - applicationMode: DEVELOPER
18:32:41.595 [JavaFX Application Thread] DEBUG Engine               - isMac: false
18:32:41.595 [JavaFX Application Thread] DEBUG Engine               - urlGoogleForms: https://goo.gl/forms/6wrMnOBxTE1fEpOy2
18:32:41.595 [JavaFX Application Thread] DEBUG Engine               - isMenuEnabled: false
18:32:41.595 [JavaFX Application Thread] DEBUG Engine               - profileName: user.profile
18:32:41.595 [JavaFX Application Thread] DEBUG Engine               - urlPOM: https://raw.githubusercontent.com/AlmasB/FXGL/master/pom.xml
18:32:41.596 [JavaFX Application Thread] DEBUG Engine               - notificationViewClass: class com.almasb.fxgl.notification.view.XboxNotificationView
18:32:41.596 [JavaFX Application Thread] DEBUG Engine               - devSensorColorProperty: ObjectProperty [value: 0xffff00ff]
18:32:41.596 [JavaFX Application Thread] DEBUG Engine               - sceneFactory: com.almasb.fxgl.app.SceneFactory@505774ed
18:32:41.596 [JavaFX Application Thread] DEBUG Engine               - dataFileExt: .dat
18:32:41.596 [JavaFX Application Thread] DEBUG Engine               - stageStyle: DECORATED
18:32:41.596 [JavaFX Application Thread] DEBUG Engine               - isManualResizeEnabled: false
18:32:41.596 [JavaFX Application Thread] DEBUG Engine               - title: Tower Defense
18:32:41.596 [JavaFX Application Thread] DEBUG Engine               - platform: WINDOWS
18:32:41.597 [JavaFX Application Thread] DEBUG Engine               - devBBoxColorProperty: ObjectProperty [value: 0xff0000ff]
18:32:41.597 [JavaFX Application Thread] DEBUG Engine               - isDesktop: true
18:32:41.597 [JavaFX Application Thread] DEBUG Engine               - credits: []
18:32:41.597 [JavaFX Application Thread] DEBUG Engine               - globalMusicVolumeProperty: DoubleProperty [value: 0.5]
18:32:41.597 [JavaFX Application Thread] DEBUG Engine               - uIFactory: com.almasb.fxgl.ui.FXGLUIFactory@24b3208
18:32:41.597 [JavaFX Application Thread] DEBUG Engine               - isPreserveResizeRatio: false
18:32:41.597 [JavaFX Application Thread] DEBUG Engine               - fontText: Courier-Prime.ttf
18:32:41.597 [JavaFX Application Thread] DEBUG Engine               - isExperimentalTiledLargeMap: false
18:32:41.597 [JavaFX Application Thread] DEBUG Engine               - secondsIn24h: 60
18:32:41.597 [JavaFX Application Thread] DEBUG Engine               - runtimeInfo: RuntimeInfo(platform=WINDOWS, version=11.5, build=17.09.2019 20.41)
18:32:41.598 [JavaFX Application Thread] DEBUG Engine               - isLinux: false
18:32:41.598 [JavaFX Application Thread] DEBUG Engine               - soundMenuPress: menu/press.wav
18:32:41.598 [JavaFX Application Thread] DEBUG Engine               - urlGithub: https://github.com/AlmasB/FXGL
18:32:41.598 [JavaFX Application Thread] DEBUG Engine               - profileDir: profiles/
18:32:41.598 [JavaFX Application Thread] DEBUG Engine               - isDeveloperMenuEnabled: false
18:32:41.598 [JavaFX Application Thread] DEBUG Engine               - globalSoundVolumeProperty: DoubleProperty [value: 0.5]
18:32:41.598 [JavaFX Application Thread] DEBUG Engine               - isBrowser: false
18:32:41.598 [JavaFX Application Thread] DEBUG Engine               - globalSoundVolume: 0.5
18:32:41.598 [JavaFX Application Thread] DEBUG Engine               - urlLeaderboard: http://fxgl-top.herokuapp.com/
18:32:41.598 [JavaFX Application Thread] DEBUG Engine               - saveDir: saves/
18:32:41.598 [JavaFX Application Thread] DEBUG Engine               - engineServices: [class com.almasb.fxgl.audio.AudioPlayer, class com.almasb.fxgl.notification.impl.NotificationServiceProvider, class com.almasb.fxgl.achievement.AchievementManager, class com.almasb.fxgl.cutscene.CutsceneService, class com.almasb.fxgl.minigames.MiniGameService]
18:32:41.598 [JavaFX Application Thread] DEBUG Engine               - globalMusicVolume: 0.5
18:32:41.599 [JavaFX Application Thread] DEBUG Engine               - width: 800
18:32:41.599 [JavaFX Application Thread] DEBUG Engine               - saveFileExt: .sav
18:32:41.599 [JavaFX Application Thread] DEBUG Engine               - isAndroid: false
18:32:41.599 [JavaFX Application Thread] DEBUG Engine               - fontUI: VarelaRound-Regular.ttf
18:32:41.599 [JavaFX Application Thread] DEBUG Engine               - isIOS: false
18:32:41.599 [JavaFX Application Thread] DEBUG Engine               - enabledMenuItems: []
18:32:41.601 [JavaFX Application Thread] DEBUG Engine               - Adding new engine service: class com.almasb.fxgl.audio.AudioPlayer
18:32:41.603 [JavaFX Application Thread] DEBUG Engine               - Adding new engine service: class com.almasb.fxgl.notification.impl.NotificationServiceProvider
18:32:41.603 [JavaFX Application Thread] DEBUG Engine               - Adding new engine service: class com.almasb.fxgl.achievement.AchievementManager
18:32:41.604 [JavaFX Application Thread] DEBUG Engine               - Adding new engine service: class com.almasb.fxgl.cutscene.CutsceneService
18:32:41.604 [JavaFX Application Thread] DEBUG Engine               - Adding new engine service: class com.almasb.fxgl.minigames.MiniGameService
18:32:41.606 [JavaFX Application Thread] DEBUG Engine               - Loading localizations
18:32:41.618 [JavaFX Application Thread] DEBUG AssetLoader          - Loading from file system: /assets/properties/languages/english.properties
18:32:41.621 [JavaFX Application Thread] DEBUG AssetLoader          - Loading from file system: /assets/properties/languages/french.properties
18:32:41.622 [JavaFX Application Thread] DEBUG AssetLoader          - Loading from file system: /assets/properties/languages/german.properties
18:32:41.623 [JavaFX Application Thread] DEBUG AssetLoader          - Loading from file system: /assets/properties/languages/russian.properties
18:32:41.624 [JavaFX Application Thread] DEBUG AssetLoader          - Loading from file system: /assets/properties/languages/hungarian.properties
18:32:41.626 [JavaFX Application Thread] DEBUG Engine               - Registering font factories
18:32:41.627 [JavaFX Application Thread] DEBUG AssetLoader          - Loading from file system: /assets/ui/fonts/VarelaRound-Regular.ttf
18:32:41.824 [JavaFX Application Thread] DEBUG AssetLoader          - Loading from file system: /assets/ui/fonts/Abel-Regular.ttf
18:32:41.827 [JavaFX Application Thread] DEBUG AssetLoader          - Loading from file system: /assets/ui/fonts/lucida_console.ttf
18:32:41.830 [JavaFX Application Thread] DEBUG AssetLoader          - Loading from file system: /assets/ui/fonts/Courier-Prime.ttf
18:32:41.833 [JavaFX Application Thread] DEBUG Engine               - Setting UI factory
18:32:41.910 [JavaFX Application Thread] DEBUG AssetLoader          - Loading from file system: /assets/textures/fxgl_logo.png
18:32:41.963 [JavaFX Application Thread] DEBUG MainWindow           - Creating a JavaFX scene
18:32:41.997 [JavaFX Application Thread] DEBUG MainWindow           - Target settings size: 800.0 x 600.0
18:32:41.997 [JavaFX Application Thread] DEBUG MainWindow           - Scaled scene size:    800.0 x 600.0
18:32:41.997 [JavaFX Application Thread] DEBUG MainWindow           - Scaled ratio: (1.0, 1.0)
18:32:41.998 [JavaFX Application Thread] DEBUG MainWindow           - Set initial scene to FXGLStartupScene
18:32:42.005 [JavaFX Application Thread] DEBUG AssetLoader          - Loading from file system: /assets/textures/fxgl_icon.png
18:32:42.014 [JavaFX Application Thread] DEBUG Engine               - Applying CSS: fxgl_dark.css
18:32:42.015 [JavaFX Application Thread] DEBUG AssetLoader          - Loading from file system: /assets/ui/css/fxgl_dark.css
18:32:42.017 [JavaFX Application Thread] DEBUG AssetLoader          - Loading from file system: /assets/ui/cursors/fxgl_default.png
18:32:42.019 [JavaFX Application Thread] DEBUG MainWindow           - Opening main window
18:32:42.138 [JavaFX Application Thread] DEBUG MainWindow           - Window border size: (16.0, 39.0)
18:32:42.138 [JavaFX Application Thread] DEBUG MainWindow           - Scaled size: 800.0 x 600.0
18:32:42.138 [JavaFX Application Thread] DEBUG MainWindow           - Scaled ratio: (1.0, 1.0)
18:32:42.138 [JavaFX Application Thread] DEBUG MainWindow           - Scene size: 800.0 x 600.0
18:32:42.138 [JavaFX Application Thread] DEBUG MainWindow           - Stage size: 816.0 x 639.0
18:32:42.148 [FXGL Background Thread 1 ] DEBUG FS                   - Loaded FSServiceImpl
18:32:42.149 [FXGL Background Thread 1 ] DEBUG Engine               - Loading FXGL system data
18:32:42.155 [FXGL Background Thread 1 ] DEBUG FSServiceImpl        - Reading from: C:\Users\user\IdeaProjects\TowerDefense\system\fxgl.bundle
18:32:42.168 [FXGL Background Thread 1 ] DEBUG Engine               - Bundle FXGL: {}
18:32:42.168 [FXGL Background Thread 1 ] DEBUG Engine               - Initializing application scenes
18:32:42.196 [FXGL Background Thread 1 ] DEBUG GameWorld            - Game world initialized
18:32:42.245 [FXGL Background Thread 1 ] DEBUG PhysicsWorld         - Physics world initialized: appHeight=600, physics.ppm=50.0
18:32:42.246 [FXGL Background Thread 1 ] DEBUG GameScene            - Game scene initialized: 800x600
18:32:42.270 [FXGL Background Thread 1 ] DEBUG Input                - Registered new binding: Resume - Esc
18:32:42.271 [FXGL Background Thread 1 ] DEBUG AssetLoader          - Loading from file system: /assets/textures/pause_menu_bg.png
18:32:42.296 [FXGL Background Thread 1 ] DEBUG Input                - Registered new binding: Pause - Esc
18:32:42.296 [FXGL Background Thread 1 ] DEBUG Engine               - Application scenes initialized
18:32:42.300 [JavaFX Application Thread] DEBUG Engine               - Running preInit()
18:32:42.302 [JavaFX Application Thread] DEBUG Input                - Registered new binding: Place Tower - LMB
18:32:42.303 [JavaFX Application Thread] DEBUG Input                - Registered new binding: Screenshot - P
18:32:42.303 [JavaFX Application Thread] DEBUG Input                - Registered new binding: System info dump - CTRL+9
18:32:42.304 [JavaFX Application Thread] DEBUG Input                - Registered new binding: Restart - CTRL+R
18:32:42.304 [JavaFX Application Thread] DEBUG Engine               - generateDefaultProfile()
18:32:42.304 [JavaFX Application Thread] DEBUG Engine               - Creating default profile
18:32:42.304 [JavaFX Application Thread] DEBUG EventBus             - Firing event: SaveEvent
18:32:42.317 [JavaFX Application Thread] INFO  Engine               - FXGL initialization took: 0.711 sec
18:32:42.317 [JavaFX Application Thread] DEBUG LoopRunner           - Starting loop
18:32:42.325 [JavaFX Application Thread] DEBUG FXGLStartupScene     - STARTUP
18:32:42.325 [JavaFX Application Thread] DEBUG Engine               - Starting new game
18:32:42.331 [JavaFX Application Thread] DEBUG Input                - Clearing active input actions
18:32:42.331 [FXGL Background Thread 1 ] DEBUG InitAppTask          - Clearing previous game
18:32:42.331 [FXGL Background Thread 1 ] DEBUG GameWorld            - Clearing game world
18:32:42.332 [FXGL Background Thread 1 ] DEBUG PhysicsWorld         - Clearing physics world
18:32:42.332 [FXGL Background Thread 1 ] DEBUG GameScene            - Clearing game scene
18:32:42.332 [FXGL Background Thread 1 ] DEBUG InitAppTask          - Initializing Game
18:32:42.343 [FXGL Background Thread 1 ] DEBUG InitAppTask          - Initializing Physics
18:32:42.343 [FXGL Background Thread 1 ] DEBUG InitAppTask          - Initializing UI
18:32:42.344 [JavaFX Application Thread] DEBUG Engine               - Removing overlay from FXGLStartupScene and adding to LoadingScene
18:32:42.344 [JavaFX Application Thread] DEBUG MainWindow           - FXGLStartupScene -> LoadingScene
18:32:42.389 [JavaFX Application Thread] FATAL Engine               - Uncaught Exception:

Fatal exception occurred: java.lang.ClassCastException : class javafx.beans.property.SimpleDoubleProperty cannot be cast to class javafx.beans.property.IntegerProperty (javafx.beans.property.SimpleDoubleProperty and javafx.beans.property.IntegerProperty are in unnamed module of loader 'app')
E: com.almasb.fxgl.core.collection.PropertyMap.intProperty(PropertyMap.kt:106)
E: com.almasb.fxgl.core.collection.PropertyMap.getInt(PropertyMap.kt:96)
E: com.almasb.fxgl.gameplay.GameState.getInt(GameState.kt:52)
E: com.almasb.fxglgames.td.TowerDefenseApp.initUI(TowerDefenseApp.java:143)
E: com.almasb.fxgl.app.LoadingScene$InitAppTask.initUI(LoadingScene.kt:150)
E: com.almasb.fxgl.app.LoadingScene$InitAppTask.call(LoadingScene.kt:108)
E: com.almasb.fxgl.app.LoadingScene$InitAppTask.call(LoadingScene.kt:94)
E: javafx.concurrent.Task$TaskCallable.call(Task.java:1425)
E: java.base/java.util.concurrent.FutureTask.run(FutureTask.java:264)
E: java.base/java.util.concurrent.Executors$RunnableAdapter.call(Executors.java:515)
E: java.base/java.util.concurrent.FutureTask.run(FutureTask.java:264)
E: java.base/java.util.concurrent.ThreadPoolExecutor.runWorker(ThreadPoolExecutor.java:1128)
E: java.base/java.util.concurrent.ThreadPoolExecutor$Worker.run(ThreadPoolExecutor.java:628)
E: java.base/java.lang.Thread.run(Thread.java:830)

18:32:42.389 [JavaFX Application Thread] FATAL Engine               - Application will now exit
18:32:42.389 [JavaFX Application Thread] DEBUG LoopRunner           - Stopping loop
18:33:08.324 [JavaFX Application Thread] DEBUG Engine               - Exiting FXGL
18:33:08.325 [JavaFX Application Thread] DEBUG Engine               - Shutting down background threads
18:33:08.325 [JavaFX Application Thread] DEBUG Engine               - Saving FXGL system data
18:33:08.327 [JavaFX Application Thread] DEBUG FSServiceImpl        - Writing to: C:\Users\user\IdeaProjects\TowerDefense\system\fxgl.bundle
18:33:08.330 [JavaFX Application Thread] DEBUG Engine               - Closing logger and exiting JavaFX
