19:37:46.037 [main                     ] DEBUG GameApplication      - Logger initialized
19:37:46.039 [main                     ] DEBUG GameApplication      - Logging settings
Title: Tower Defense
Version: 0.2
Width: 800
Height: 600
Fullscreen: false
Intro: false
Menus: false
Profiling: false
Single step:false
App Mode: DEVELOPER
Menu Key: ESCAPE
Stage Style: DECORATED
Scene Factory: class com.almasb.fxgl.app.SceneFactory
Dialog Factory: class com.almasb.fxgl.ui.FXGLDialogFactory
UI Factory: class com.almasb.fxgl.ui.FXGLUIFactory

19:37:46.215 [JavaFX Application Thread] DEBUG Engine               - Initializing FXGL
19:37:46.216 [JavaFX Application Thread] INFO  Engine               - FXGL-11.5 (17.09.2019 20.41) on WINDOWS (J:13 FX:12.0.1)
19:37:46.216 [JavaFX Application Thread] INFO  Engine               - Source code and latest versions at: https://github.com/AlmasB/FXGL
19:37:46.216 [JavaFX Application Thread] INFO  Engine               -              Join the FXGL chat at: https://gitter.im/AlmasB/FXGL
19:37:46.216 [JavaFX Application Thread] DEBUG Engine               - Initializing environment variables
19:37:46.218 [JavaFX Application Thread] DEBUG Engine               - Logging environment variables
19:37:46.218 [JavaFX Application Thread] DEBUG Engine               - achievements: []
19:37:46.218 [JavaFX Application Thread] DEBUG Engine               - sceneStack: com.almasb.fxgl.app.Engine@108cf950
19:37:46.218 [JavaFX Application Thread] DEBUG Engine               - language: ObjectProperty [value: null]
19:37:46.219 [JavaFX Application Thread] DEBUG Engine               - isCloseConfirmation: false
19:37:46.219 [JavaFX Application Thread] DEBUG Engine               - isProfilingEnabled: false
19:37:46.219 [JavaFX Application Thread] DEBUG Engine               - soundNotification: core/notification.wav
19:37:46.219 [JavaFX Application Thread] DEBUG Engine               - devShowBBoxProperty: BooleanProperty [value: false]
19:37:46.220 [JavaFX Application Thread] DEBUG Engine               - pixelsPerMeter: 50.0
19:37:46.220 [JavaFX Application Thread] DEBUG Engine               - overlayRoot: Group@7d54a07d
19:37:46.220 [JavaFX Application Thread] DEBUG Engine               - soundMenuBack: menu/back.wav
19:37:46.220 [JavaFX Application Thread] DEBUG Engine               - appIcon: fxgl_icon.png
19:37:46.220 [JavaFX Application Thread] DEBUG Engine               - isFullScreenAllowed: false
19:37:46.220 [JavaFX Application Thread] DEBUG Engine               - isIntroEnabled: false
19:37:46.221 [JavaFX Application Thread] DEBUG Engine               - eventBus: com.almasb.fxgl.event.EventBus@7d5e19b4
19:37:46.221 [JavaFX Application Thread] DEBUG Engine               - fontMono: lucida_console.ttf
19:37:46.221 [JavaFX Application Thread] DEBUG Engine               - soundMenuSelect: menu/select.wav
19:37:46.221 [JavaFX Application Thread] DEBUG Engine               - isWindows: true
19:37:46.221 [JavaFX Application Thread] DEBUG Engine               - isMobile: false
19:37:46.221 [JavaFX Application Thread] DEBUG Engine               - height: 600
19:37:46.221 [JavaFX Application Thread] DEBUG Engine               - isExperimentalNative: false
19:37:46.221 [JavaFX Application Thread] DEBUG Engine               - cSSList: [fxgl_dark.css]
19:37:46.221 [JavaFX Application Thread] DEBUG Engine               - isSingleStep: false
19:37:46.222 [JavaFX Application Thread] DEBUG Engine               - fontGame: Abel-Regular.ttf
19:37:46.222 [JavaFX Application Thread] DEBUG Engine               - menuKey: ESCAPE
19:37:46.222 [JavaFX Application Thread] DEBUG Engine               - devShowPositionProperty: BooleanProperty [value: false]
19:37:46.222 [JavaFX Application Thread] DEBUG Engine               - versionCheckDays: 7
19:37:46.222 [JavaFX Application Thread] DEBUG Engine               - masterTimer: com.almasb.fxgl.time.Timer@a6f2936
19:37:46.222 [JavaFX Application Thread] DEBUG Engine               - configClass: Optional.empty
19:37:46.222 [JavaFX Application Thread] DEBUG Engine               - isFullScreenFromStart: false
19:37:46.222 [JavaFX Application Thread] DEBUG Engine               - version: 0.2
19:37:46.222 [JavaFX Application Thread] DEBUG Engine               - fullScreen: BooleanProperty [value: false]
19:37:46.222 [JavaFX Application Thread] DEBUG Engine               - dialogFactory: com.almasb.fxgl.ui.FXGLDialogFactory@4d2b8d77
19:37:46.223 [JavaFX Application Thread] DEBUG Engine               - applicationMode: DEVELOPER
19:37:46.223 [JavaFX Application Thread] DEBUG Engine               - isMac: false
19:37:46.223 [JavaFX Application Thread] DEBUG Engine               - urlGoogleForms: https://goo.gl/forms/6wrMnOBxTE1fEpOy2
19:37:46.223 [JavaFX Application Thread] DEBUG Engine               - isMenuEnabled: false
19:37:46.223 [JavaFX Application Thread] DEBUG Engine               - urlPOM: https://raw.githubusercontent.com/AlmasB/FXGL/master/pom.xml
19:37:46.223 [JavaFX Application Thread] DEBUG Engine               - profileName: user.profile
19:37:46.223 [JavaFX Application Thread] DEBUG Engine               - notificationViewClass: class com.almasb.fxgl.notification.view.XboxNotificationView
19:37:46.223 [JavaFX Application Thread] DEBUG Engine               - devSensorColorProperty: ObjectProperty [value: 0xffff00ff]
19:37:46.223 [JavaFX Application Thread] DEBUG Engine               - sceneFactory: com.almasb.fxgl.app.SceneFactory@15a49be7
19:37:46.224 [JavaFX Application Thread] DEBUG Engine               - dataFileExt: .dat
19:37:46.224 [JavaFX Application Thread] DEBUG Engine               - stageStyle: DECORATED
19:37:46.224 [JavaFX Application Thread] DEBUG Engine               - isManualResizeEnabled: false
19:37:46.224 [JavaFX Application Thread] DEBUG Engine               - title: Tower Defense
19:37:46.224 [JavaFX Application Thread] DEBUG Engine               - platform: WINDOWS
19:37:46.224 [JavaFX Application Thread] DEBUG Engine               - devBBoxColorProperty: ObjectProperty [value: 0xff0000ff]
19:37:46.224 [JavaFX Application Thread] DEBUG Engine               - isDesktop: true
19:37:46.224 [JavaFX Application Thread] DEBUG Engine               - credits: []
19:37:46.224 [JavaFX Application Thread] DEBUG Engine               - globalMusicVolumeProperty: DoubleProperty [value: 0.5]
19:37:46.224 [JavaFX Application Thread] DEBUG Engine               - uIFactory: com.almasb.fxgl.ui.FXGLUIFactory@18baa35e
19:37:46.225 [JavaFX Application Thread] DEBUG Engine               - isPreserveResizeRatio: false
19:37:46.225 [JavaFX Application Thread] DEBUG Engine               - fontText: Courier-Prime.ttf
19:37:46.225 [JavaFX Application Thread] DEBUG Engine               - isExperimentalTiledLargeMap: false
19:37:46.225 [JavaFX Application Thread] DEBUG Engine               - secondsIn24h: 60
19:37:46.225 [JavaFX Application Thread] DEBUG Engine               - runtimeInfo: RuntimeInfo(platform=WINDOWS, version=11.5, build=17.09.2019 20.41)
19:37:46.225 [JavaFX Application Thread] DEBUG Engine               - isLinux: false
19:37:46.225 [JavaFX Application Thread] DEBUG Engine               - soundMenuPress: menu/press.wav
19:37:46.225 [JavaFX Application Thread] DEBUG Engine               - urlGithub: https://github.com/AlmasB/FXGL
19:37:46.225 [JavaFX Application Thread] DEBUG Engine               - profileDir: profiles/
19:37:46.225 [JavaFX Application Thread] DEBUG Engine               - isDeveloperMenuEnabled: false
19:37:46.225 [JavaFX Application Thread] DEBUG Engine               - globalSoundVolumeProperty: DoubleProperty [value: 0.5]
19:37:46.226 [JavaFX Application Thread] DEBUG Engine               - isBrowser: false
19:37:46.226 [JavaFX Application Thread] DEBUG Engine               - globalSoundVolume: 0.5
19:37:46.226 [JavaFX Application Thread] DEBUG Engine               - urlLeaderboard: http://fxgl-top.herokuapp.com/
19:37:46.227 [JavaFX Application Thread] DEBUG Engine               - saveDir: saves/
19:37:46.227 [JavaFX Application Thread] DEBUG Engine               - engineServices: [class com.almasb.fxgl.audio.AudioPlayer, class com.almasb.fxgl.notification.impl.NotificationServiceProvider, class com.almasb.fxgl.achievement.AchievementManager, class com.almasb.fxgl.cutscene.CutsceneService, class com.almasb.fxgl.minigames.MiniGameService]
19:37:46.227 [JavaFX Application Thread] DEBUG Engine               - globalMusicVolume: 0.5
19:37:46.227 [JavaFX Application Thread] DEBUG Engine               - width: 800
19:37:46.227 [JavaFX Application Thread] DEBUG Engine               - saveFileExt: .sav
19:37:46.227 [JavaFX Application Thread] DEBUG Engine               - isAndroid: false
19:37:46.227 [JavaFX Application Thread] DEBUG Engine               - fontUI: VarelaRound-Regular.ttf
19:37:46.227 [JavaFX Application Thread] DEBUG Engine               - isIOS: false
19:37:46.228 [JavaFX Application Thread] DEBUG Engine               - enabledMenuItems: []
19:37:46.230 [JavaFX Application Thread] DEBUG Engine               - Adding new engine service: class com.almasb.fxgl.audio.AudioPlayer
19:37:46.231 [JavaFX Application Thread] DEBUG Engine               - Adding new engine service: class com.almasb.fxgl.notification.impl.NotificationServiceProvider
19:37:46.231 [JavaFX Application Thread] DEBUG Engine               - Adding new engine service: class com.almasb.fxgl.achievement.AchievementManager
19:37:46.232 [JavaFX Application Thread] DEBUG Engine               - Adding new engine service: class com.almasb.fxgl.cutscene.CutsceneService
19:37:46.232 [JavaFX Application Thread] DEBUG Engine               - Adding new engine service: class com.almasb.fxgl.minigames.MiniGameService
19:37:46.234 [JavaFX Application Thread] DEBUG Engine               - Loading localizations
19:37:46.244 [JavaFX Application Thread] DEBUG AssetLoader          - Loading from file system: /assets/properties/languages/english.properties
19:37:46.247 [JavaFX Application Thread] DEBUG AssetLoader          - Loading from file system: /assets/properties/languages/french.properties
19:37:46.248 [JavaFX Application Thread] DEBUG AssetLoader          - Loading from file system: /assets/properties/languages/german.properties
19:37:46.249 [JavaFX Application Thread] DEBUG AssetLoader          - Loading from file system: /assets/properties/languages/russian.properties
19:37:46.250 [JavaFX Application Thread] DEBUG AssetLoader          - Loading from file system: /assets/properties/languages/hungarian.properties
19:37:46.257 [JavaFX Application Thread] DEBUG Engine               - Registering font factories
19:37:46.257 [JavaFX Application Thread] DEBUG AssetLoader          - Loading from file system: /assets/ui/fonts/VarelaRound-Regular.ttf
19:37:46.409 [JavaFX Application Thread] DEBUG AssetLoader          - Loading from file system: /assets/ui/fonts/Abel-Regular.ttf
19:37:46.412 [JavaFX Application Thread] DEBUG AssetLoader          - Loading from file system: /assets/ui/fonts/lucida_console.ttf
19:37:46.417 [JavaFX Application Thread] DEBUG AssetLoader          - Loading from file system: /assets/ui/fonts/Courier-Prime.ttf
19:37:46.420 [JavaFX Application Thread] DEBUG Engine               - Setting UI factory
19:37:46.485 [JavaFX Application Thread] DEBUG AssetLoader          - Loading from file system: /assets/textures/fxgl_logo.png
19:37:46.540 [JavaFX Application Thread] DEBUG MainWindow           - Creating a JavaFX scene
19:37:46.571 [JavaFX Application Thread] DEBUG MainWindow           - Target settings size: 800.0 x 600.0
19:37:46.572 [JavaFX Application Thread] DEBUG MainWindow           - Scaled scene size:    800.0 x 600.0
19:37:46.572 [JavaFX Application Thread] DEBUG MainWindow           - Scaled ratio: (1.0, 1.0)
19:37:46.573 [JavaFX Application Thread] DEBUG MainWindow           - Set initial scene to FXGLStartupScene
19:37:46.578 [JavaFX Application Thread] DEBUG AssetLoader          - Loading from file system: /assets/textures/fxgl_icon.png
19:37:46.588 [JavaFX Application Thread] DEBUG Engine               - Applying CSS: fxgl_dark.css
19:37:46.589 [JavaFX Application Thread] DEBUG AssetLoader          - Loading from file system: /assets/ui/css/fxgl_dark.css
19:37:46.591 [JavaFX Application Thread] DEBUG AssetLoader          - Loading from file system: /assets/ui/cursors/fxgl_default.png
19:37:46.592 [JavaFX Application Thread] DEBUG MainWindow           - Opening main window
19:37:46.709 [JavaFX Application Thread] DEBUG MainWindow           - Window border size: (16.0, 39.0)
19:37:46.710 [JavaFX Application Thread] DEBUG MainWindow           - Scaled size: 800.0 x 600.0
19:37:46.710 [JavaFX Application Thread] DEBUG MainWindow           - Scaled ratio: (1.0, 1.0)
19:37:46.710 [JavaFX Application Thread] DEBUG MainWindow           - Scene size: 800.0 x 600.0
19:37:46.710 [JavaFX Application Thread] DEBUG MainWindow           - Stage size: 816.0 x 639.0
19:37:46.722 [FXGL Background Thread 1 ] DEBUG FS                   - Loaded FSServiceImpl
19:37:46.722 [FXGL Background Thread 1 ] DEBUG Engine               - Loading FXGL system data
19:37:46.728 [FXGL Background Thread 1 ] DEBUG FSServiceImpl        - Reading from: C:\Users\user\IdeaProjects\TowerDefense\system\fxgl.bundle
19:37:46.740 [FXGL Background Thread 1 ] DEBUG Engine               - Bundle FXGL: {}
19:37:46.740 [FXGL Background Thread 1 ] DEBUG Engine               - Initializing application scenes
19:37:46.762 [FXGL Background Thread 1 ] DEBUG GameWorld            - Game world initialized
19:37:46.810 [FXGL Background Thread 1 ] DEBUG PhysicsWorld         - Physics world initialized: appHeight=600, physics.ppm=50.0
19:37:46.812 [FXGL Background Thread 1 ] DEBUG GameScene            - Game scene initialized: 800x600
19:37:46.834 [FXGL Background Thread 1 ] DEBUG Input                - Registered new binding: Resume - Esc
19:37:46.835 [FXGL Background Thread 1 ] DEBUG AssetLoader          - Loading from file system: /assets/textures/pause_menu_bg.png
19:37:46.859 [FXGL Background Thread 1 ] DEBUG Input                - Registered new binding: Pause - Esc
19:37:46.859 [FXGL Background Thread 1 ] DEBUG Engine               - Application scenes initialized
19:37:46.862 [JavaFX Application Thread] DEBUG Engine               - Running preInit()
19:37:46.864 [JavaFX Application Thread] DEBUG Input                - Registered new binding: Place Tower - LMB
19:37:46.865 [JavaFX Application Thread] DEBUG Input                - Registered new binding: Screenshot - P
19:37:46.865 [JavaFX Application Thread] DEBUG Input                - Registered new binding: System info dump - CTRL+9
19:37:46.866 [JavaFX Application Thread] DEBUG Input                - Registered new binding: Restart - CTRL+R
19:37:46.866 [JavaFX Application Thread] DEBUG Engine               - generateDefaultProfile()
19:37:46.866 [JavaFX Application Thread] DEBUG Engine               - Creating default profile
19:37:46.866 [JavaFX Application Thread] DEBUG EventBus             - Firing event: SaveEvent
19:37:46.876 [JavaFX Application Thread] INFO  Engine               - FXGL initialization took: 0.642 sec
19:37:46.877 [JavaFX Application Thread] DEBUG LoopRunner           - Starting loop
19:37:46.896 [JavaFX Application Thread] DEBUG FXGLStartupScene     - STARTUP
19:37:46.897 [JavaFX Application Thread] DEBUG Engine               - Starting new game
19:37:46.903 [JavaFX Application Thread] DEBUG Input                - Clearing active input actions
19:37:46.903 [FXGL Background Thread 1 ] DEBUG InitAppTask          - Clearing previous game
19:37:46.903 [FXGL Background Thread 1 ] DEBUG GameWorld            - Clearing game world
19:37:46.903 [FXGL Background Thread 1 ] DEBUG PhysicsWorld         - Clearing physics world
19:37:46.904 [FXGL Background Thread 1 ] DEBUG GameScene            - Clearing game scene
19:37:46.904 [FXGL Background Thread 1 ] DEBUG InitAppTask          - Initializing Game
19:37:46.914 [FXGL Background Thread 1 ] DEBUG InitAppTask          - Initializing Physics
19:37:46.915 [FXGL Background Thread 1 ] DEBUG InitAppTask          - Initializing UI
19:37:46.917 [JavaFX Application Thread] DEBUG Engine               - Removing overlay from FXGLStartupScene and adding to LoadingScene
19:37:46.917 [JavaFX Application Thread] DEBUG MainWindow           - FXGLStartupScene -> LoadingScene
19:37:46.919 [FXGL Background Thread 1 ] DEBUG InitAppTask          - Initialization Complete
19:37:46.919 [FXGL Background Thread 1 ] INFO  InitAppTask          - Game initialization took: 0.016 sec
19:37:46.955 [JavaFX Application Thread] DEBUG Input                - Clearing active input actions
19:37:46.970 [JavaFX Application Thread] DEBUG Engine               - Removing overlay from LoadingScene and adding to GameScene
19:37:46.970 [JavaFX Application Thread] DEBUG MainWindow           - LoadingScene -> GameScene
19:37:52.682 [JavaFX Application Thread] FATAL Engine               - Uncaught Exception:

Fatal exception occurred: java.lang.ClassCastException : class javafx.beans.property.SimpleDoubleProperty cannot be cast to class javafx.beans.property.IntegerProperty (javafx.beans.property.SimpleDoubleProperty and javafx.beans.property.IntegerProperty are in unnamed module of loader 'app')
E: com.almasb.fxgl.core.collection.PropertyMap.intProperty(PropertyMap.kt:106)
E: com.almasb.fxgl.core.collection.PropertyMap.increment(PropertyMap.kt:87)
E: com.almasb.fxgl.gameplay.GameState.increment(GameState.kt:46)
E: com.almasb.fxglgames.td.TowerDefenseFactory.spawnTower(TowerDefenseFactory.java:70)
E: java.base/jdk.internal.reflect.NativeMethodAccessorImpl.invoke0(Native Method)
E: java.base/jdk.internal.reflect.NativeMethodAccessorImpl.invoke(NativeMethodAccessorImpl.java:62)
E: java.base/jdk.internal.reflect.DelegatingMethodAccessorImpl.invoke(DelegatingMethodAccessorImpl.java:43)
E: java.base/java.lang.reflect.Method.invoke(Method.java:567)
E: com.almasb.fxgl.core.reflect.ReflectionUtils.lambda$findMethodsMapToFunctions$1(ReflectionUtils.java:85)
E: com.sun.proxy.$Proxy3.apply(Unknown Source)
E: com.almasb.fxgl.entity.GameWorld$create$2.invoke(GameWorld.kt:398)
E: com.almasb.fxgl.entity.GameWorld$create$2.invoke(GameWorld.kt:33)
E: com.almasb.fxgl.core.util.DSLKt.tryCatchRoot(DSL.kt:33)
E: com.almasb.fxgl.entity.GameWorld.create(GameWorld.kt:398)
E: com.almasb.fxgl.entity.GameWorld.spawn(GameWorld.kt:371)
E: com.almasb.fxglgames.td.TowerDefenseApp.placeTower(TowerDefenseApp.java:177)
E: com.almasb.fxglgames.td.TowerDefenseApp$1.onActionBegin(TowerDefenseApp.java:89)
E: com.almasb.fxgl.input.UserAction.begin$fxgl_input(UserAction.kt:37)
E: com.almasb.fxgl.input.Input.handlePressed(Input.kt:195)
E: com.almasb.fxgl.input.Input.onMouseEvent(Input.kt:177)
E: com.almasb.fxgl.input.Input.onMouseEvent(Input.kt:166)
E: com.almasb.fxgl.app.MainWindow$2$1.invoke(MainWindow.kt:86)
E: com.almasb.fxgl.app.MainWindow$2$1.invoke(MainWindow.kt:35)
E: com.almasb.fxgl.core.fsm.StateMachine.runOnActiveStates(StateMachine.kt:60)
E: com.almasb.fxgl.app.MainWindow$2.invoke(MainWindow.kt:86)
E: com.almasb.fxgl.app.MainWindow$2.invoke(MainWindow.kt:35)
E: com.almasb.fxgl.app.MainWindow$addMouseHandler$1.handle(MainWindow.kt:354)
E: com.almasb.fxgl.app.MainWindow$addMouseHandler$1.handle(MainWindow.kt:35)
E: com.sun.javafx.event.CompositeEventHandler$NormalEventHandlerRecord.handleBubblingEvent(CompositeEventHandler.java:218)
E: com.sun.javafx.event.CompositeEventHandler.dispatchBubblingEvent(CompositeEventHandler.java:80)
E: com.sun.javafx.event.EventHandlerManager.dispatchBubblingEvent(EventHandlerManager.java:238)
E: com.sun.javafx.event.EventHandlerManager.dispatchBubblingEvent(EventHandlerManager.java:191)
E: com.sun.javafx.event.CompositeEventDispatcher.dispatchBubblingEvent(CompositeEventDispatcher.java:59)
E: com.sun.javafx.event.BasicEventDispatcher.dispatchEvent(BasicEventDispatcher.java:58)
E: com.sun.javafx.event.EventDispatchChainImpl.dispatchEvent(EventDispatchChainImpl.java:114)
E: com.sun.javafx.event.BasicEventDispatcher.dispatchEvent(BasicEventDispatcher.java:56)
E: com.sun.javafx.event.EventDispatchChainImpl.dispatchEvent(EventDispatchChainImpl.java:114)
E: com.sun.javafx.event.EventUtil.fireEventImpl(EventUtil.java:74)
E: com.sun.javafx.event.EventUtil.fireEvent(EventUtil.java:54)
E: javafx.event.Event.fireEvent(Event.java:198)
E: javafx.scene.Scene$MouseHandler.process(Scene.java:3862)
E: javafx.scene.Scene.processMouseEvent(Scene.java:1849)
E: javafx.scene.Scene$ScenePeerListener.mouseEvent(Scene.java:2590)
E: com.sun.javafx.tk.quantum.GlassViewEventHandler$MouseEventNotification.run(GlassViewEventHandler.java:409)
E: com.sun.javafx.tk.quantum.GlassViewEventHandler$MouseEventNotification.run(GlassViewEventHandler.java:299)
E: java.base/java.security.AccessController.doPrivileged(AccessController.java:391)
E: com.sun.javafx.tk.quantum.GlassViewEventHandler.lambda$handleMouseEvent$2(GlassViewEventHandler.java:447)
E: com.sun.javafx.tk.quantum.QuantumToolkit.runWithoutRenderLock(QuantumToolkit.java:411)
E: com.sun.javafx.tk.quantum.GlassViewEventHandler.handleMouseEvent(GlassViewEventHandler.java:446)
E: com.sun.glass.ui.View.handleMouseEvent(View.java:556)
E: com.sun.glass.ui.View.notifyMouse(View.java:942)
E: com.sun.glass.ui.win.WinApplication._runLoop(Native Method)
E: com.sun.glass.ui.win.WinApplication.lambda$runLoop$3(WinApplication.java:174)
E: java.base/java.lang.Thread.run(Thread.java:830)

19:37:52.682 [JavaFX Application Thread] FATAL Engine               - Application will now exit
19:37:52.683 [JavaFX Application Thread] DEBUG LoopRunner           - Stopping loop
19:38:01.805 [JavaFX Application Thread] DEBUG Engine               - Exiting FXGL
19:38:01.805 [JavaFX Application Thread] DEBUG Engine               - Shutting down background threads
19:38:01.806 [JavaFX Application Thread] DEBUG Engine               - Saving FXGL system data
19:38:01.808 [JavaFX Application Thread] DEBUG FSServiceImpl        - Writing to: C:\Users\user\IdeaProjects\TowerDefense\system\fxgl.bundle
19:38:01.810 [JavaFX Application Thread] DEBUG Engine               - Closing logger and exiting JavaFX
