18:33:25.122 [main                     ] DEBUG GameApplication      - Logger initialized
18:33:25.126 [main                     ] DEBUG GameApplication      - Logging settings
Title: Tower Defense
Version: 0.2
Width: 800
Height: 600
Fullscreen: false
Intro: false
Menus: false
Profiling: false
Single step:false
App Mode: DEVELOPER
Menu Key: ESCAPE
Stage Style: DECORATED
Scene Factory: class com.almasb.fxgl.app.SceneFactory
Dialog Factory: class com.almasb.fxgl.ui.FXGLDialogFactory
UI Factory: class com.almasb.fxgl.ui.FXGLUIFactory

18:33:26.375 [JavaFX Application Thread] DEBUG Engine               - Initializing FXGL
18:33:26.375 [JavaFX Application Thread] INFO  Engine               - FXGL-11.5 (17.09.2019 20.41) on WINDOWS (J:13 FX:12.0.1)
18:33:26.375 [JavaFX Application Thread] INFO  Engine               - Source code and latest versions at: https://github.com/AlmasB/FXGL
18:33:26.376 [JavaFX Application Thread] INFO  Engine               -              Join the FXGL chat at: https://gitter.im/AlmasB/FXGL
18:33:26.376 [JavaFX Application Thread] DEBUG Engine               - Initializing environment variables
18:33:26.378 [JavaFX Application Thread] DEBUG Engine               - Logging environment variables
18:33:26.378 [JavaFX Application Thread] DEBUG Engine               - achievements: []
18:33:26.378 [JavaFX Application Thread] DEBUG Engine               - sceneStack: com.almasb.fxgl.app.Engine@25b9e42c
18:33:26.378 [JavaFX Application Thread] DEBUG Engine               - language: ObjectProperty [value: null]
18:33:26.378 [JavaFX Application Thread] DEBUG Engine               - isCloseConfirmation: false
18:33:26.379 [JavaFX Application Thread] DEBUG Engine               - isProfilingEnabled: false
18:33:26.379 [JavaFX Application Thread] DEBUG Engine               - soundNotification: core/notification.wav
18:33:26.379 [JavaFX Application Thread] DEBUG Engine               - devShowBBoxProperty: BooleanProperty [value: false]
18:33:26.380 [JavaFX Application Thread] DEBUG Engine               - pixelsPerMeter: 50.0
18:33:26.380 [JavaFX Application Thread] DEBUG Engine               - overlayRoot: Group@3e15a05d
18:33:26.380 [JavaFX Application Thread] DEBUG Engine               - soundMenuBack: menu/back.wav
18:33:26.380 [JavaFX Application Thread] DEBUG Engine               - appIcon: fxgl_icon.png
18:33:26.380 [JavaFX Application Thread] DEBUG Engine               - isFullScreenAllowed: false
18:33:26.380 [JavaFX Application Thread] DEBUG Engine               - isIntroEnabled: false
18:33:26.380 [JavaFX Application Thread] DEBUG Engine               - eventBus: com.almasb.fxgl.event.EventBus@6dcb7075
18:33:26.380 [JavaFX Application Thread] DEBUG Engine               - fontMono: lucida_console.ttf
18:33:26.381 [JavaFX Application Thread] DEBUG Engine               - soundMenuSelect: menu/select.wav
18:33:26.381 [JavaFX Application Thread] DEBUG Engine               - isWindows: true
18:33:26.381 [JavaFX Application Thread] DEBUG Engine               - isMobile: false
18:33:26.381 [JavaFX Application Thread] DEBUG Engine               - height: 600
18:33:26.381 [JavaFX Application Thread] DEBUG Engine               - isExperimentalNative: false
18:33:26.381 [JavaFX Application Thread] DEBUG Engine               - isSingleStep: false
18:33:26.381 [JavaFX Application Thread] DEBUG Engine               - cSSList: [fxgl_dark.css]
18:33:26.381 [JavaFX Application Thread] DEBUG Engine               - fontGame: Abel-Regular.ttf
18:33:26.381 [JavaFX Application Thread] DEBUG Engine               - menuKey: ESCAPE
18:33:26.382 [JavaFX Application Thread] DEBUG Engine               - devShowPositionProperty: BooleanProperty [value: false]
18:33:26.382 [JavaFX Application Thread] DEBUG Engine               - versionCheckDays: 7
18:33:26.382 [JavaFX Application Thread] DEBUG Engine               - masterTimer: com.almasb.fxgl.time.Timer@7b97164
18:33:26.382 [JavaFX Application Thread] DEBUG Engine               - configClass: Optional.empty
18:33:26.382 [JavaFX Application Thread] DEBUG Engine               - isFullScreenFromStart: false
18:33:26.382 [JavaFX Application Thread] DEBUG Engine               - version: 0.2
18:33:26.382 [JavaFX Application Thread] DEBUG Engine               - fullScreen: BooleanProperty [value: false]
18:33:26.382 [JavaFX Application Thread] DEBUG Engine               - dialogFactory: com.almasb.fxgl.ui.FXGLDialogFactory@2e70ba6
18:33:26.382 [JavaFX Application Thread] DEBUG Engine               - applicationMode: DEVELOPER
18:33:26.382 [JavaFX Application Thread] DEBUG Engine               - isMac: false
18:33:26.383 [JavaFX Application Thread] DEBUG Engine               - urlGoogleForms: https://goo.gl/forms/6wrMnOBxTE1fEpOy2
18:33:26.383 [JavaFX Application Thread] DEBUG Engine               - isMenuEnabled: false
18:33:26.383 [JavaFX Application Thread] DEBUG Engine               - urlPOM: https://raw.githubusercontent.com/AlmasB/FXGL/master/pom.xml
18:33:26.383 [JavaFX Application Thread] DEBUG Engine               - profileName: user.profile
18:33:26.383 [JavaFX Application Thread] DEBUG Engine               - notificationViewClass: class com.almasb.fxgl.notification.view.XboxNotificationView
18:33:26.383 [JavaFX Application Thread] DEBUG Engine               - devSensorColorProperty: ObjectProperty [value: 0xffff00ff]
18:33:26.383 [JavaFX Application Thread] DEBUG Engine               - sceneFactory: com.almasb.fxgl.app.SceneFactory@116354ef
18:33:26.383 [JavaFX Application Thread] DEBUG Engine               - dataFileExt: .dat
18:33:26.383 [JavaFX Application Thread] DEBUG Engine               - stageStyle: DECORATED
18:33:26.383 [JavaFX Application Thread] DEBUG Engine               - isManualResizeEnabled: false
18:33:26.383 [JavaFX Application Thread] DEBUG Engine               - title: Tower Defense
18:33:26.384 [JavaFX Application Thread] DEBUG Engine               - platform: WINDOWS
18:33:26.384 [JavaFX Application Thread] DEBUG Engine               - devBBoxColorProperty: ObjectProperty [value: 0xff0000ff]
18:33:26.384 [JavaFX Application Thread] DEBUG Engine               - isDesktop: true
18:33:26.384 [JavaFX Application Thread] DEBUG Engine               - credits: []
18:33:26.384 [JavaFX Application Thread] DEBUG Engine               - globalMusicVolumeProperty: DoubleProperty [value: 0.5]
18:33:26.384 [JavaFX Application Thread] DEBUG Engine               - uIFactory: com.almasb.fxgl.ui.FXGLUIFactory@279dd66e
18:33:26.384 [JavaFX Application Thread] DEBUG Engine               - isPreserveResizeRatio: false
18:33:26.384 [JavaFX Application Thread] DEBUG Engine               - fontText: Courier-Prime.ttf
18:33:26.384 [JavaFX Application Thread] DEBUG Engine               - isExperimentalTiledLargeMap: false
18:33:26.385 [JavaFX Application Thread] DEBUG Engine               - secondsIn24h: 60
18:33:26.385 [JavaFX Application Thread] DEBUG Engine               - runtimeInfo: RuntimeInfo(platform=WINDOWS, version=11.5, build=17.09.2019 20.41)
18:33:26.385 [JavaFX Application Thread] DEBUG Engine               - isLinux: false
18:33:26.385 [JavaFX Application Thread] DEBUG Engine               - soundMenuPress: menu/press.wav
18:33:26.385 [JavaFX Application Thread] DEBUG Engine               - urlGithub: https://github.com/AlmasB/FXGL
18:33:26.385 [JavaFX Application Thread] DEBUG Engine               - profileDir: profiles/
18:33:26.385 [JavaFX Application Thread] DEBUG Engine               - isDeveloperMenuEnabled: false
18:33:26.385 [JavaFX Application Thread] DEBUG Engine               - globalSoundVolumeProperty: DoubleProperty [value: 0.5]
18:33:26.385 [JavaFX Application Thread] DEBUG Engine               - isBrowser: false
18:33:26.385 [JavaFX Application Thread] DEBUG Engine               - globalSoundVolume: 0.5
18:33:26.385 [JavaFX Application Thread] DEBUG Engine               - urlLeaderboard: http://fxgl-top.herokuapp.com/
18:33:26.385 [JavaFX Application Thread] DEBUG Engine               - saveDir: saves/
18:33:26.386 [JavaFX Application Thread] DEBUG Engine               - engineServices: [class com.almasb.fxgl.audio.AudioPlayer, class com.almasb.fxgl.notification.impl.NotificationServiceProvider, class com.almasb.fxgl.achievement.AchievementManager, class com.almasb.fxgl.cutscene.CutsceneService, class com.almasb.fxgl.minigames.MiniGameService]
18:33:26.386 [JavaFX Application Thread] DEBUG Engine               - globalMusicVolume: 0.5
18:33:26.386 [JavaFX Application Thread] DEBUG Engine               - width: 800
18:33:26.386 [JavaFX Application Thread] DEBUG Engine               - saveFileExt: .sav
18:33:26.386 [JavaFX Application Thread] DEBUG Engine               - isAndroid: false
18:33:26.386 [JavaFX Application Thread] DEBUG Engine               - fontUI: VarelaRound-Regular.ttf
18:33:26.386 [JavaFX Application Thread] DEBUG Engine               - isIOS: false
18:33:26.386 [JavaFX Application Thread] DEBUG Engine               - enabledMenuItems: []
18:33:26.388 [JavaFX Application Thread] DEBUG Engine               - Adding new engine service: class com.almasb.fxgl.audio.AudioPlayer
18:33:26.389 [JavaFX Application Thread] DEBUG Engine               - Adding new engine service: class com.almasb.fxgl.notification.impl.NotificationServiceProvider
18:33:26.390 [JavaFX Application Thread] DEBUG Engine               - Adding new engine service: class com.almasb.fxgl.achievement.AchievementManager
18:33:26.391 [JavaFX Application Thread] DEBUG Engine               - Adding new engine service: class com.almasb.fxgl.cutscene.CutsceneService
18:33:26.391 [JavaFX Application Thread] DEBUG Engine               - Adding new engine service: class com.almasb.fxgl.minigames.MiniGameService
18:33:26.393 [JavaFX Application Thread] DEBUG Engine               - Loading localizations
18:33:26.403 [JavaFX Application Thread] DEBUG AssetLoader          - Loading from file system: /assets/properties/languages/english.properties
18:33:26.406 [JavaFX Application Thread] DEBUG AssetLoader          - Loading from file system: /assets/properties/languages/french.properties
18:33:26.407 [JavaFX Application Thread] DEBUG AssetLoader          - Loading from file system: /assets/properties/languages/german.properties
18:33:26.408 [JavaFX Application Thread] DEBUG AssetLoader          - Loading from file system: /assets/properties/languages/russian.properties
18:33:26.409 [JavaFX Application Thread] DEBUG AssetLoader          - Loading from file system: /assets/properties/languages/hungarian.properties
18:33:26.411 [JavaFX Application Thread] DEBUG Engine               - Registering font factories
18:33:26.411 [JavaFX Application Thread] DEBUG AssetLoader          - Loading from file system: /assets/ui/fonts/VarelaRound-Regular.ttf
18:33:26.594 [JavaFX Application Thread] DEBUG AssetLoader          - Loading from file system: /assets/ui/fonts/Abel-Regular.ttf
18:33:26.596 [JavaFX Application Thread] DEBUG AssetLoader          - Loading from file system: /assets/ui/fonts/lucida_console.ttf
18:33:26.600 [JavaFX Application Thread] DEBUG AssetLoader          - Loading from file system: /assets/ui/fonts/Courier-Prime.ttf
18:33:26.603 [JavaFX Application Thread] DEBUG Engine               - Setting UI factory
18:33:26.674 [JavaFX Application Thread] DEBUG AssetLoader          - Loading from file system: /assets/textures/fxgl_logo.png
18:33:26.726 [JavaFX Application Thread] DEBUG MainWindow           - Creating a JavaFX scene
18:33:26.758 [JavaFX Application Thread] DEBUG MainWindow           - Target settings size: 800.0 x 600.0
18:33:26.759 [JavaFX Application Thread] DEBUG MainWindow           - Scaled scene size:    800.0 x 600.0
18:33:26.759 [JavaFX Application Thread] DEBUG MainWindow           - Scaled ratio: (1.0, 1.0)
18:33:26.760 [JavaFX Application Thread] DEBUG MainWindow           - Set initial scene to FXGLStartupScene
18:33:26.765 [JavaFX Application Thread] DEBUG AssetLoader          - Loading from file system: /assets/textures/fxgl_icon.png
18:33:26.775 [JavaFX Application Thread] DEBUG Engine               - Applying CSS: fxgl_dark.css
18:33:26.775 [JavaFX Application Thread] DEBUG AssetLoader          - Loading from file system: /assets/ui/css/fxgl_dark.css
18:33:26.778 [JavaFX Application Thread] DEBUG AssetLoader          - Loading from file system: /assets/ui/cursors/fxgl_default.png
18:33:26.779 [JavaFX Application Thread] DEBUG MainWindow           - Opening main window
18:33:26.898 [JavaFX Application Thread] DEBUG MainWindow           - Window border size: (16.0, 39.0)
18:33:26.898 [JavaFX Application Thread] DEBUG MainWindow           - Scaled size: 800.0 x 600.0
18:33:26.898 [JavaFX Application Thread] DEBUG MainWindow           - Scaled ratio: (1.0, 1.0)
18:33:26.898 [JavaFX Application Thread] DEBUG MainWindow           - Scene size: 800.0 x 600.0
18:33:26.898 [JavaFX Application Thread] DEBUG MainWindow           - Stage size: 816.0 x 639.0
18:33:26.909 [FXGL Background Thread 1 ] DEBUG FS                   - Loaded FSServiceImpl
18:33:26.909 [FXGL Background Thread 1 ] DEBUG Engine               - Loading FXGL system data
18:33:26.914 [FXGL Background Thread 1 ] DEBUG FSServiceImpl        - Reading from: C:\Users\user\IdeaProjects\TowerDefense\system\fxgl.bundle
18:33:26.927 [FXGL Background Thread 1 ] DEBUG Engine               - Bundle FXGL: {}
18:33:26.927 [FXGL Background Thread 1 ] DEBUG Engine               - Initializing application scenes
18:33:26.958 [FXGL Background Thread 1 ] DEBUG GameWorld            - Game world initialized
18:33:27.000 [FXGL Background Thread 1 ] DEBUG PhysicsWorld         - Physics world initialized: appHeight=600, physics.ppm=50.0
18:33:27.002 [FXGL Background Thread 1 ] DEBUG GameScene            - Game scene initialized: 800x600
18:33:27.027 [FXGL Background Thread 1 ] DEBUG Input                - Registered new binding: Resume - Esc
18:33:27.027 [FXGL Background Thread 1 ] DEBUG AssetLoader          - Loading from file system: /assets/textures/pause_menu_bg.png
18:33:27.053 [FXGL Background Thread 1 ] DEBUG Input                - Registered new binding: Pause - Esc
18:33:27.053 [FXGL Background Thread 1 ] DEBUG Engine               - Application scenes initialized
18:33:27.058 [JavaFX Application Thread] DEBUG Engine               - Running preInit()
18:33:27.060 [JavaFX Application Thread] DEBUG Input                - Registered new binding: Place Tower - LMB
18:33:27.061 [JavaFX Application Thread] DEBUG Input                - Registered new binding: Screenshot - P
18:33:27.061 [JavaFX Application Thread] DEBUG Input                - Registered new binding: System info dump - CTRL+9
18:33:27.061 [JavaFX Application Thread] DEBUG Input                - Registered new binding: Restart - CTRL+R
18:33:27.062 [JavaFX Application Thread] DEBUG Engine               - generateDefaultProfile()
18:33:27.062 [JavaFX Application Thread] DEBUG Engine               - Creating default profile
18:33:27.062 [JavaFX Application Thread] DEBUG EventBus             - Firing event: SaveEvent
18:33:27.074 [JavaFX Application Thread] INFO  Engine               - FXGL initialization took: 0.681 sec
18:33:27.075 [JavaFX Application Thread] DEBUG LoopRunner           - Starting loop
18:33:27.084 [JavaFX Application Thread] DEBUG FXGLStartupScene     - STARTUP
18:33:27.084 [JavaFX Application Thread] DEBUG Engine               - Starting new game
18:33:27.090 [JavaFX Application Thread] DEBUG Input                - Clearing active input actions
18:33:27.091 [FXGL Background Thread 1 ] DEBUG InitAppTask          - Clearing previous game
18:33:27.091 [FXGL Background Thread 1 ] DEBUG GameWorld            - Clearing game world
18:33:27.091 [FXGL Background Thread 1 ] DEBUG PhysicsWorld         - Clearing physics world
18:33:27.091 [FXGL Background Thread 1 ] DEBUG GameScene            - Clearing game scene
18:33:27.091 [FXGL Background Thread 1 ] DEBUG InitAppTask          - Initializing Game
18:33:27.101 [FXGL Background Thread 1 ] DEBUG InitAppTask          - Initializing Physics
18:33:27.101 [FXGL Background Thread 1 ] DEBUG InitAppTask          - Initializing UI
18:33:27.102 [JavaFX Application Thread] DEBUG Engine               - Removing overlay from FXGLStartupScene and adding to LoadingScene
18:33:27.102 [JavaFX Application Thread] DEBUG MainWindow           - FXGLStartupScene -> LoadingScene
18:33:27.108 [FXGL Background Thread 1 ] DEBUG InitAppTask          - Initialization Complete
18:33:27.108 [FXGL Background Thread 1 ] INFO  InitAppTask          - Game initialization took: 0.018 sec
18:33:27.144 [JavaFX Application Thread] DEBUG Input                - Clearing active input actions
18:33:27.160 [JavaFX Application Thread] DEBUG Engine               - Removing overlay from LoadingScene and adding to GameScene
18:33:27.160 [JavaFX Application Thread] DEBUG MainWindow           - LoadingScene -> GameScene
18:33:32.310 [JavaFX Application Thread] DEBUG EventBus             - Firing event: com.almasb.fxglgames.td.event.BulletHitEnemy[source=javafx.event.Event$$Lambda$128/0x0000000800ce1440@554a6709]
18:33:32.485 [JavaFX Application Thread] DEBUG EventBus             - Firing event: com.almasb.fxglgames.td.event.BulletHitEnemy[source=javafx.event.Event$$Lambda$128/0x0000000800ce1440@554a6709]
18:33:32.741 [JavaFX Application Thread] DEBUG EventBus             - Firing event: com.almasb.fxglgames.td.event.BulletHitEnemy[source=javafx.event.Event$$Lambda$128/0x0000000800ce1440@554a6709]
18:33:32.757 [JavaFX Application Thread] DEBUG EventBus             - Firing event: com.almasb.fxglgames.td.event.BulletHitEnemy[source=javafx.event.Event$$Lambda$128/0x0000000800ce1440@554a6709]
18:33:32.917 [JavaFX Application Thread] DEBUG EventBus             - Firing event: com.almasb.fxglgames.td.event.BulletHitEnemy[source=javafx.event.Event$$Lambda$128/0x0000000800ce1440@554a6709]
18:33:32.919 [JavaFX Application Thread] WARN  FXGL.ProgressBar     - Current value < min value. Setting min value as current
18:33:33.173 [JavaFX Application Thread] DEBUG EventBus             - Firing event: com.almasb.fxglgames.td.event.BulletHitEnemy[source=javafx.event.Event$$Lambda$128/0x0000000800ce1440@554a6709]
18:33:33.350 [JavaFX Application Thread] DEBUG EventBus             - Firing event: com.almasb.fxglgames.td.event.BulletHitEnemy[source=javafx.event.Event$$Lambda$128/0x0000000800ce1440@554a6709]
18:33:33.557 [JavaFX Application Thread] DEBUG EventBus             - Firing event: com.almasb.fxglgames.td.event.BulletHitEnemy[source=javafx.event.Event$$Lambda$128/0x0000000800ce1440@554a6709]
18:33:33.717 [JavaFX Application Thread] DEBUG EventBus             - Firing event: com.almasb.fxglgames.td.event.BulletHitEnemy[source=javafx.event.Event$$Lambda$128/0x0000000800ce1440@554a6709]
18:33:33.781 [JavaFX Application Thread] DEBUG EventBus             - Firing event: com.almasb.fxglgames.td.event.BulletHitEnemy[source=javafx.event.Event$$Lambda$128/0x0000000800ce1440@554a6709]
18:33:33.797 [JavaFX Application Thread] DEBUG EventBus             - Firing event: com.almasb.fxglgames.td.event.BulletHitEnemy[source=javafx.event.Event$$Lambda$128/0x0000000800ce1440@554a6709]
18:33:33.799 [JavaFX Application Thread] WARN  FXGL.ProgressBar     - Current value < min value. Setting min value as current
18:33:33.926 [JavaFX Application Thread] DEBUG EventBus             - Firing event: com.almasb.fxglgames.td.event.BulletHitEnemy[source=javafx.event.Event$$Lambda$128/0x0000000800ce1440@554a6709]
18:33:34.279 [JavaFX Application Thread] DEBUG EventBus             - Firing event: com.almasb.fxglgames.td.event.BulletHitEnemy[source=javafx.event.Event$$Lambda$128/0x0000000800ce1440@554a6709]
18:33:34.358 [JavaFX Application Thread] DEBUG EventBus             - Firing event: com.almasb.fxglgames.td.event.BulletHitEnemy[source=javafx.event.Event$$Lambda$128/0x0000000800ce1440@554a6709]
18:33:34.438 [JavaFX Application Thread] DEBUG EventBus             - Firing event: com.almasb.fxglgames.td.event.BulletHitEnemy[source=javafx.event.Event$$Lambda$128/0x0000000800ce1440@554a6709]
18:33:34.597 [JavaFX Application Thread] DEBUG EventBus             - Firing event: com.almasb.fxglgames.td.event.BulletHitEnemy[source=javafx.event.Event$$Lambda$128/0x0000000800ce1440@554a6709]
18:33:34.725 [JavaFX Application Thread] DEBUG EventBus             - Firing event: com.almasb.fxglgames.td.event.BulletHitEnemy[source=javafx.event.Event$$Lambda$128/0x0000000800ce1440@554a6709]
18:33:34.726 [JavaFX Application Thread] WARN  FXGL.ProgressBar     - Current value < min value. Setting min value as current
18:33:34.790 [JavaFX Application Thread] DEBUG EventBus             - Firing event: com.almasb.fxglgames.td.event.BulletHitEnemy[source=javafx.event.Event$$Lambda$128/0x0000000800ce1440@554a6709]
18:33:35.173 [JavaFX Application Thread] DEBUG EventBus             - Firing event: com.almasb.fxglgames.td.event.BulletHitEnemy[source=javafx.event.Event$$Lambda$128/0x0000000800ce1440@554a6709]
18:33:35.319 [JavaFX Application Thread] DEBUG EventBus             - Firing event: com.almasb.fxglgames.td.event.BulletHitEnemy[source=javafx.event.Event$$Lambda$128/0x0000000800ce1440@554a6709]
18:33:35.398 [JavaFX Application Thread] DEBUG EventBus             - Firing event: com.almasb.fxglgames.td.event.BulletHitEnemy[source=javafx.event.Event$$Lambda$128/0x0000000800ce1440@554a6709]
18:33:35.463 [JavaFX Application Thread] DEBUG EventBus             - Firing event: com.almasb.fxglgames.td.event.BulletHitEnemy[source=javafx.event.Event$$Lambda$128/0x0000000800ce1440@554a6709]
18:33:35.541 [JavaFX Application Thread] DEBUG EventBus             - Firing event: com.almasb.fxglgames.td.event.BulletHitEnemy[source=javafx.event.Event$$Lambda$128/0x0000000800ce1440@554a6709]
18:33:35.543 [JavaFX Application Thread] WARN  FXGL.ProgressBar     - Current value < min value. Setting min value as current
18:33:35.765 [JavaFX Application Thread] DEBUG EventBus             - Firing event: com.almasb.fxglgames.td.event.BulletHitEnemy[source=javafx.event.Event$$Lambda$128/0x0000000800ce1440@554a6709]
18:33:35.989 [JavaFX Application Thread] DEBUG EventBus             - Firing event: com.almasb.fxglgames.td.event.BulletHitEnemy[source=javafx.event.Event$$Lambda$128/0x0000000800ce1440@554a6709]
18:33:36.053 [JavaFX Application Thread] DEBUG EventBus             - Firing event: com.almasb.fxglgames.td.event.BulletHitEnemy[source=javafx.event.Event$$Lambda$128/0x0000000800ce1440@554a6709]
18:33:36.197 [JavaFX Application Thread] DEBUG EventBus             - Firing event: com.almasb.fxglgames.td.event.BulletHitEnemy[source=javafx.event.Event$$Lambda$128/0x0000000800ce1440@554a6709]
18:33:36.325 [JavaFX Application Thread] DEBUG EventBus             - Firing event: com.almasb.fxglgames.td.event.BulletHitEnemy[source=javafx.event.Event$$Lambda$128/0x0000000800ce1440@554a6709]
18:33:36.405 [JavaFX Application Thread] DEBUG EventBus             - Firing event: com.almasb.fxglgames.td.event.BulletHitEnemy[source=javafx.event.Event$$Lambda$128/0x0000000800ce1440@554a6709]
18:33:36.407 [JavaFX Application Thread] WARN  FXGL.ProgressBar     - Current value < min value. Setting min value as current
18:33:36.407 [JavaFX Application Thread] DEBUG EventBus             - Firing event: com.almasb.fxglgames.td.event.BulletHitEnemy[source=javafx.event.Event$$Lambda$128/0x0000000800ce1440@554a6709]
18:33:36.774 [JavaFX Application Thread] DEBUG EventBus             - Firing event: com.almasb.fxglgames.td.event.BulletHitEnemy[source=javafx.event.Event$$Lambda$128/0x0000000800ce1440@554a6709]
18:33:36.964 [JavaFX Application Thread] DEBUG Engine               - Exiting FXGL
18:33:36.964 [JavaFX Application Thread] DEBUG Engine               - Shutting down background threads
18:33:36.965 [JavaFX Application Thread] DEBUG Engine               - Saving FXGL system data
18:33:36.967 [JavaFX Application Thread] DEBUG FSServiceImpl        - Writing to: C:\Users\user\IdeaProjects\TowerDefense\system\fxgl.bundle
18:33:36.968 [JavaFX Application Thread] DEBUG Engine               - Closing logger and exiting JavaFX
