07:17:49.249 [main                     ] DEBUG GameApplication      - Logger initialized
07:17:49.251 [main                     ] DEBUG GameApplication      - Logging settings
Title: Tower Defense
Version: 0.2
Width: 768
Height: 600
Fullscreen: false
Intro: false
Menus: true
Profiling: false
Single step:false
App Mode: DEVELOPER
Menu Key: ESCAPE
Stage Style: DECORATED
Scene Factory: class com.almasb.fxgl.app.SceneFactory
Dialog Factory: class com.almasb.fxgl.ui.FXGLDialogFactory
UI Factory: class com.almasb.fxgl.ui.FXGLUIFactory

07:17:49.463 [JavaFX Application Thread] DEBUG Engine               - Initializing FXGL
07:17:49.463 [JavaFX Application Thread] INFO  Engine               - FXGL-11.5 (17.09.2019 20.41) on WINDOWS (J:13 FX:12.0.1)
07:17:49.463 [JavaFX Application Thread] INFO  Engine               - Source code and latest versions at: https://github.com/AlmasB/FXGL
07:17:49.463 [JavaFX Application Thread] INFO  Engine               -              Join the FXGL chat at: https://gitter.im/AlmasB/FXGL
07:17:49.464 [JavaFX Application Thread] DEBUG Engine               - Initializing environment variables
07:17:49.467 [JavaFX Application Thread] DEBUG Engine               - Logging environment variables
07:17:49.467 [JavaFX Application Thread] DEBUG Engine               - achievements: []
07:17:49.467 [JavaFX Application Thread] DEBUG Engine               - sceneStack: com.almasb.fxgl.app.Engine@387e0acf
07:17:49.467 [JavaFX Application Thread] DEBUG Engine               - language: ObjectProperty [value: null]
07:17:49.468 [JavaFX Application Thread] DEBUG Engine               - isCloseConfirmation: true
07:17:49.468 [JavaFX Application Thread] DEBUG Engine               - isProfilingEnabled: false
07:17:49.468 [JavaFX Application Thread] DEBUG Engine               - soundNotification: core/notification.wav
07:17:49.468 [JavaFX Application Thread] DEBUG Engine               - devShowBBoxProperty: BooleanProperty [value: false]
07:17:49.468 [JavaFX Application Thread] DEBUG Engine               - pixelsPerMeter: 50.0
07:17:49.469 [JavaFX Application Thread] DEBUG Engine               - overlayRoot: Group@39699479
07:17:49.469 [JavaFX Application Thread] DEBUG Engine               - appIcon: fxgl_icon.png
07:17:49.469 [JavaFX Application Thread] DEBUG Engine               - soundMenuBack: menu/back.wav
07:17:49.469 [JavaFX Application Thread] DEBUG Engine               - isFullScreenAllowed: false
07:17:49.469 [JavaFX Application Thread] DEBUG Engine               - isIntroEnabled: false
07:17:49.470 [JavaFX Application Thread] DEBUG Engine               - eventBus: com.almasb.fxgl.event.EventBus@3ac82a8b
07:17:49.470 [JavaFX Application Thread] DEBUG Engine               - fontMono: lucida_console.ttf
07:17:49.470 [JavaFX Application Thread] DEBUG Engine               - soundMenuSelect: menu/select.wav
07:17:49.470 [JavaFX Application Thread] DEBUG Engine               - isWindows: true
07:17:49.470 [JavaFX Application Thread] DEBUG Engine               - isMobile: false
07:17:49.471 [JavaFX Application Thread] DEBUG Engine               - height: 600
07:17:49.471 [JavaFX Application Thread] DEBUG Engine               - isExperimentalNative: false
07:17:49.471 [JavaFX Application Thread] DEBUG Engine               - isSingleStep: false
07:17:49.471 [JavaFX Application Thread] DEBUG Engine               - cSSList: [fxgl_dark.css]
07:17:49.471 [JavaFX Application Thread] DEBUG Engine               - fontGame: Abel-Regular.ttf
07:17:49.472 [JavaFX Application Thread] DEBUG Engine               - menuKey: ESCAPE
07:17:49.472 [JavaFX Application Thread] DEBUG Engine               - devShowPositionProperty: BooleanProperty [value: false]
07:17:49.472 [JavaFX Application Thread] DEBUG Engine               - versionCheckDays: 7
07:17:49.472 [JavaFX Application Thread] DEBUG Engine               - masterTimer: com.almasb.fxgl.time.Timer@4a52763
07:17:49.472 [JavaFX Application Thread] DEBUG Engine               - configClass: Optional.empty
07:17:49.472 [JavaFX Application Thread] DEBUG Engine               - isFullScreenFromStart: false
07:17:49.472 [JavaFX Application Thread] DEBUG Engine               - version: 0.2
07:17:49.473 [JavaFX Application Thread] DEBUG Engine               - fullScreen: BooleanProperty [value: false]
07:17:49.473 [JavaFX Application Thread] DEBUG Engine               - dialogFactory: com.almasb.fxgl.ui.FXGLDialogFactory@4cc57d4a
07:17:49.473 [JavaFX Application Thread] DEBUG Engine               - applicationMode: DEVELOPER
07:17:49.473 [JavaFX Application Thread] DEBUG Engine               - isMac: false
07:17:49.473 [JavaFX Application Thread] DEBUG Engine               - urlGoogleForms: https://goo.gl/forms/6wrMnOBxTE1fEpOy2
07:17:49.473 [JavaFX Application Thread] DEBUG Engine               - isMenuEnabled: true
07:17:49.474 [JavaFX Application Thread] DEBUG Engine               - urlPOM: https://raw.githubusercontent.com/AlmasB/FXGL/master/pom.xml
07:17:49.474 [JavaFX Application Thread] DEBUG Engine               - profileName: user.profile
07:17:49.474 [JavaFX Application Thread] DEBUG Engine               - notificationViewClass: class com.almasb.fxgl.notification.view.XboxNotificationView
07:17:49.474 [JavaFX Application Thread] DEBUG Engine               - devSensorColorProperty: ObjectProperty [value: 0xffff00ff]
07:17:49.475 [JavaFX Application Thread] DEBUG Engine               - sceneFactory: com.almasb.fxgl.app.SceneFactory@39fae2f7
07:17:49.475 [JavaFX Application Thread] DEBUG Engine               - dataFileExt: .dat
07:17:49.475 [JavaFX Application Thread] DEBUG Engine               - stageStyle: DECORATED
07:17:49.475 [JavaFX Application Thread] DEBUG Engine               - isManualResizeEnabled: true
07:17:49.475 [JavaFX Application Thread] DEBUG Engine               - title: Tower Defense
07:17:49.475 [JavaFX Application Thread] DEBUG Engine               - platform: WINDOWS
07:17:49.475 [JavaFX Application Thread] DEBUG Engine               - devBBoxColorProperty: ObjectProperty [value: 0xff0000ff]
07:17:49.475 [JavaFX Application Thread] DEBUG Engine               - isDesktop: true
07:17:49.476 [JavaFX Application Thread] DEBUG Engine               - credits: []
07:17:49.476 [JavaFX Application Thread] DEBUG Engine               - globalMusicVolumeProperty: DoubleProperty [value: 0.5]
07:17:49.476 [JavaFX Application Thread] DEBUG Engine               - uIFactory: com.almasb.fxgl.ui.FXGLUIFactory@421d1b31
07:17:49.476 [JavaFX Application Thread] DEBUG Engine               - isPreserveResizeRatio: false
07:17:49.476 [JavaFX Application Thread] DEBUG Engine               - fontText: Courier-Prime.ttf
07:17:49.476 [JavaFX Application Thread] DEBUG Engine               - isExperimentalTiledLargeMap: false
07:17:49.476 [JavaFX Application Thread] DEBUG Engine               - secondsIn24h: 60
07:17:49.476 [JavaFX Application Thread] DEBUG Engine               - runtimeInfo: RuntimeInfo(platform=WINDOWS, version=11.5, build=17.09.2019 20.41)
07:17:49.477 [JavaFX Application Thread] DEBUG Engine               - isLinux: false
07:17:49.477 [JavaFX Application Thread] DEBUG Engine               - soundMenuPress: menu/press.wav
07:17:49.477 [JavaFX Application Thread] DEBUG Engine               - urlGithub: https://github.com/AlmasB/FXGL
07:17:49.477 [JavaFX Application Thread] DEBUG Engine               - profileDir: profiles/
07:17:49.477 [JavaFX Application Thread] DEBUG Engine               - isDeveloperMenuEnabled: false
07:17:49.477 [JavaFX Application Thread] DEBUG Engine               - globalSoundVolumeProperty: DoubleProperty [value: 0.5]
07:17:49.477 [JavaFX Application Thread] DEBUG Engine               - isBrowser: false
07:17:49.477 [JavaFX Application Thread] DEBUG Engine               - urlLeaderboard: http://fxgl-top.herokuapp.com/
07:17:49.478 [JavaFX Application Thread] DEBUG Engine               - globalSoundVolume: 0.5
07:17:49.478 [JavaFX Application Thread] DEBUG Engine               - saveDir: saves/
07:17:49.478 [JavaFX Application Thread] DEBUG Engine               - engineServices: [class com.almasb.fxgl.audio.AudioPlayer, class com.almasb.fxgl.notification.impl.NotificationServiceProvider, class com.almasb.fxgl.achievement.AchievementManager, class com.almasb.fxgl.cutscene.CutsceneService, class com.almasb.fxgl.minigames.MiniGameService]
07:17:49.478 [JavaFX Application Thread] DEBUG Engine               - globalMusicVolume: 0.5
07:17:49.478 [JavaFX Application Thread] DEBUG Engine               - width: 768
07:17:49.479 [JavaFX Application Thread] DEBUG Engine               - saveFileExt: .sav
07:17:49.479 [JavaFX Application Thread] DEBUG Engine               - isAndroid: false
07:17:49.479 [JavaFX Application Thread] DEBUG Engine               - fontUI: VarelaRound-Regular.ttf
07:17:49.479 [JavaFX Application Thread] DEBUG Engine               - isIOS: false
07:17:49.479 [JavaFX Application Thread] DEBUG Engine               - enabledMenuItems: []
07:17:49.482 [JavaFX Application Thread] DEBUG Engine               - Adding new engine service: class com.almasb.fxgl.audio.AudioPlayer
07:17:49.484 [JavaFX Application Thread] DEBUG Engine               - Adding new engine service: class com.almasb.fxgl.notification.impl.NotificationServiceProvider
07:17:49.484 [JavaFX Application Thread] DEBUG Engine               - Adding new engine service: class com.almasb.fxgl.achievement.AchievementManager
07:17:49.486 [JavaFX Application Thread] DEBUG Engine               - Adding new engine service: class com.almasb.fxgl.cutscene.CutsceneService
07:17:49.486 [JavaFX Application Thread] DEBUG Engine               - Adding new engine service: class com.almasb.fxgl.minigames.MiniGameService
07:17:49.490 [JavaFX Application Thread] DEBUG Engine               - Loading localizations
07:17:49.504 [JavaFX Application Thread] DEBUG AssetLoader          - Loading from file system: /assets/properties/languages/english.properties
07:17:49.514 [JavaFX Application Thread] DEBUG AssetLoader          - Loading from file system: /assets/properties/languages/french.properties
07:17:49.515 [JavaFX Application Thread] DEBUG AssetLoader          - Loading from file system: /assets/properties/languages/german.properties
07:17:49.516 [JavaFX Application Thread] DEBUG AssetLoader          - Loading from file system: /assets/properties/languages/russian.properties
07:17:49.518 [JavaFX Application Thread] DEBUG AssetLoader          - Loading from file system: /assets/properties/languages/hungarian.properties
07:17:49.519 [JavaFX Application Thread] DEBUG Engine               - Registering font factories
07:17:49.520 [JavaFX Application Thread] DEBUG AssetLoader          - Loading from file system: /assets/ui/fonts/VarelaRound-Regular.ttf
07:17:49.693 [JavaFX Application Thread] DEBUG AssetLoader          - Loading from file system: /assets/ui/fonts/Abel-Regular.ttf
07:17:49.696 [JavaFX Application Thread] DEBUG AssetLoader          - Loading from file system: /assets/ui/fonts/lucida_console.ttf
07:17:49.701 [JavaFX Application Thread] DEBUG AssetLoader          - Loading from file system: /assets/ui/fonts/Courier-Prime.ttf
07:17:49.706 [JavaFX Application Thread] DEBUG Engine               - Setting UI factory
07:17:49.782 [JavaFX Application Thread] DEBUG AssetLoader          - Loading from file system: /assets/textures/fxgl_logo.png
07:17:49.849 [JavaFX Application Thread] DEBUG MainWindow           - Creating a JavaFX scene
07:17:49.882 [JavaFX Application Thread] DEBUG MainWindow           - Target settings size: 768.0 x 600.0
07:17:49.882 [JavaFX Application Thread] DEBUG MainWindow           - Scaled scene size:    768.0 x 600.0
07:17:49.882 [JavaFX Application Thread] DEBUG MainWindow           - Scaled ratio: (1.0, 1.0)
07:17:49.884 [JavaFX Application Thread] DEBUG MainWindow           - Set initial scene to FXGLStartupScene
07:17:49.890 [JavaFX Application Thread] DEBUG AssetLoader          - Loading from file system: /assets/textures/fxgl_icon.png
07:17:49.900 [JavaFX Application Thread] DEBUG Engine               - Applying CSS: fxgl_dark.css
07:17:49.901 [JavaFX Application Thread] DEBUG AssetLoader          - Loading from file system: /assets/ui/css/fxgl_dark.css
07:17:49.904 [JavaFX Application Thread] DEBUG AssetLoader          - Loading from file system: /assets/ui/cursors/fxgl_default.png
07:17:49.906 [JavaFX Application Thread] DEBUG MainWindow           - Opening main window
07:17:50.039 [JavaFX Application Thread] DEBUG MainWindow           - Window border size: (16.0, 39.0)
07:17:50.039 [JavaFX Application Thread] DEBUG MainWindow           - Scaled size: 768.0 x 600.0
07:17:50.039 [JavaFX Application Thread] DEBUG MainWindow           - Scaled ratio: (1.0, 1.0)
07:17:50.040 [JavaFX Application Thread] DEBUG MainWindow           - Scene size: 768.0 x 600.0
07:17:50.040 [JavaFX Application Thread] DEBUG MainWindow           - Stage size: 784.0 x 639.0
07:17:50.053 [FXGL Background Thread 1 ] DEBUG FS                   - Loaded FSServiceImpl
07:17:50.053 [FXGL Background Thread 1 ] DEBUG Engine               - Loading FXGL system data
07:17:50.060 [FXGL Background Thread 1 ] DEBUG FSServiceImpl        - Reading from: C:\Users\user\Documents\GitHub\CAT200-Project\TowerDefense\system\fxgl.bundle
07:17:50.073 [FXGL Background Thread 1 ] DEBUG Engine               - Bundle FXGL: {}
07:17:50.073 [FXGL Background Thread 1 ] DEBUG Engine               - Initializing application scenes
07:17:50.095 [FXGL Background Thread 1 ] DEBUG GameWorld            - Game world initialized
07:17:50.153 [FXGL Background Thread 1 ] DEBUG PhysicsWorld         - Physics world initialized: appHeight=600, physics.ppm=50.0
07:17:50.154 [FXGL Background Thread 1 ] DEBUG GameScene            - Game scene initialized: 768x600
07:17:50.202 [FXGL Background Thread 1 ] DEBUG AssetLoader          - Loading from file system: /assets/textures/particles/trace_horizontal.png
07:17:50.216 [FXGL Background Thread 1 ] DEBUG FXGL.DefaultMenu     - createMenuBodyMainMenu()
07:17:50.230 [FXGL Background Thread 1 ] DEBUG FXGL.DefaultMenu     - createOptionsMenu()
07:17:50.237 [FXGL Background Thread 1 ] DEBUG AssetLoader          - Loading from file system: /assets/textures/particles/smoke.png
07:17:50.287 [FXGL Background Thread 1 ] DEBUG AssetLoader          - Loading from cache: /assets/textures/particles/trace_horizontal.png@64.0x64.0
07:17:50.288 [FXGL Background Thread 1 ] DEBUG FXGL.DefaultMenu     - createMenuBodyGameMenu()
07:17:50.289 [FXGL Background Thread 1 ] DEBUG FXGL.DefaultMenu     - createOptionsMenu()
07:17:50.293 [FXGL Background Thread 1 ] DEBUG AssetLoader          - Loading from cache: /assets/textures/particles/smoke.png@128.0x128.0
07:17:50.311 [FXGL Background Thread 1 ] DEBUG Engine               - Application scenes initialized
07:17:50.315 [JavaFX Application Thread] DEBUG Engine               - Running preInit()
07:17:50.317 [JavaFX Application Thread] DEBUG Input                - Registered new binding: Place Tower - LMB
07:17:50.318 [JavaFX Application Thread] DEBUG Input                - Registered new binding: remove tower - RMB
07:17:50.322 [JavaFX Application Thread] DEBUG Input                - Registered new binding: Screenshot - P
07:17:50.322 [JavaFX Application Thread] DEBUG Input                - Registered new binding: System info dump - CTRL+9
07:17:50.323 [JavaFX Application Thread] DEBUG Input                - Registered new binding: Restart - CTRL+R
07:17:50.323 [JavaFX Application Thread] DEBUG Engine               - generateDefaultProfile()
07:17:50.323 [JavaFX Application Thread] DEBUG Engine               - Creating default profile
07:17:50.323 [JavaFX Application Thread] DEBUG EventBus             - Firing event: SaveEvent
07:17:50.334 [JavaFX Application Thread] INFO  Engine               - FXGL initialization took: 0.844 sec
07:17:50.334 [JavaFX Application Thread] DEBUG LoopRunner           - Starting loop
07:17:50.354 [JavaFX Application Thread] DEBUG FXGLStartupScene     - STARTUP
07:17:50.357 [JavaFX Application Thread] DEBUG Input                - Clearing active input actions
07:17:50.375 [JavaFX Application Thread] DEBUG Engine               - Removing overlay from FXGLStartupScene and adding to FXGLDefaultMenu
07:17:50.376 [JavaFX Application Thread] DEBUG MainWindow           - FXGLStartupScene -> FXGLDefaultMenu
07:17:52.794 [JavaFX Application Thread] DEBUG MainWindow           - Push state: DialogSubState
07:17:52.794 [JavaFX Application Thread] DEBUG Input                - Clearing active input actions
07:17:52.798 [JavaFX Application Thread] DEBUG Engine               - Removing overlay from FXGLDefaultMenu and adding to DialogSubState
07:17:52.798 [JavaFX Application Thread] DEBUG MainWindow           - FXGLDefaultMenu -> DialogSubState
07:17:54.185 [JavaFX Application Thread] DEBUG MainWindow           - Pop state: DialogSubState
07:17:54.185 [JavaFX Application Thread] DEBUG Input                - Clearing active input actions
07:17:54.185 [JavaFX Application Thread] DEBUG Engine               - Removing overlay from DialogSubState and adding to FXGLDefaultMenu
07:17:54.186 [JavaFX Application Thread] DEBUG MainWindow           - FXGLDefaultMenu <- DialogSubState
07:17:54.186 [JavaFX Application Thread] DEBUG Engine               - Exiting FXGL
07:17:54.186 [JavaFX Application Thread] DEBUG Engine               - Shutting down background threads
07:17:54.186 [JavaFX Application Thread] DEBUG Engine               - Saving FXGL system data
07:17:54.188 [JavaFX Application Thread] DEBUG FSServiceImpl        - Writing to: C:\Users\user\Documents\GitHub\CAT200-Project\TowerDefense\system\fxgl.bundle
07:17:54.189 [JavaFX Application Thread] DEBUG Engine               - Closing logger and exiting JavaFX
