23:14:57.171 [main                     ] DEBUG GameApplication      - Logger initialized
23:14:57.181 [main                     ] DEBUG GameApplication      - Logging settings
Title: Tower Defense
Version: 0.2
Width: 768
Height: 600
Fullscreen: false
Intro: false
Menus: true
Profiling: false
Single step:false
App Mode: DEVELOPER
Menu Key: ESCAPE
Stage Style: DECORATED
Scene Factory: class com.almasb.fxgl.app.SceneFactory
Dialog Factory: class com.almasb.fxgl.ui.FXGLDialogFactory
UI Factory: class com.almasb.fxgl.ui.FXGLUIFactory

23:14:57.363 [JavaFX Application Thread] DEBUG Engine               - Initializing FXGL
23:14:57.363 [JavaFX Application Thread] INFO  Engine               - FXGL-11.5 (17.09.2019 20.41) on WINDOWS (J:11.0.5 FX:12.0.1)
23:14:57.364 [JavaFX Application Thread] INFO  Engine               - Source code and latest versions at: https://github.com/AlmasB/FXGL
23:14:57.364 [JavaFX Application Thread] INFO  Engine               -              Join the FXGL chat at: https://gitter.im/AlmasB/FXGL
23:14:57.364 [JavaFX Application Thread] DEBUG Engine               - Initializing environment variables
23:14:57.366 [JavaFX Application Thread] DEBUG Engine               - Logging environment variables
23:14:57.366 [JavaFX Application Thread] DEBUG Engine               - achievements: []
23:14:57.366 [JavaFX Application Thread] DEBUG Engine               - sceneStack: com.almasb.fxgl.app.Engine@ef01027
23:14:57.367 [JavaFX Application Thread] DEBUG Engine               - language: ObjectProperty [value: null]
23:14:57.367 [JavaFX Application Thread] DEBUG Engine               - isCloseConfirmation: true
23:14:57.367 [JavaFX Application Thread] DEBUG Engine               - isProfilingEnabled: false
23:14:57.367 [JavaFX Application Thread] DEBUG Engine               - soundNotification: core/notification.wav
23:14:57.367 [JavaFX Application Thread] DEBUG Engine               - devShowBBoxProperty: BooleanProperty [value: false]
23:14:57.367 [JavaFX Application Thread] DEBUG Engine               - pixelsPerMeter: 50.0
23:14:57.367 [JavaFX Application Thread] DEBUG Engine               - overlayRoot: Group@174260af
23:14:57.367 [JavaFX Application Thread] DEBUG Engine               - appIcon: fxgl_icon.png
23:14:57.367 [JavaFX Application Thread] DEBUG Engine               - soundMenuBack: menu/back.wav
23:14:57.368 [JavaFX Application Thread] DEBUG Engine               - isFullScreenAllowed: false
23:14:57.368 [JavaFX Application Thread] DEBUG Engine               - isIntroEnabled: false
23:14:57.368 [JavaFX Application Thread] DEBUG Engine               - eventBus: com.almasb.fxgl.event.EventBus@1cc59cc4
23:14:57.368 [JavaFX Application Thread] DEBUG Engine               - fontMono: lucida_console.ttf
23:14:57.368 [JavaFX Application Thread] DEBUG Engine               - soundMenuSelect: menu/select.wav
23:14:57.368 [JavaFX Application Thread] DEBUG Engine               - isWindows: true
23:14:57.368 [JavaFX Application Thread] DEBUG Engine               - isMobile: false
23:14:57.369 [JavaFX Application Thread] DEBUG Engine               - height: 600
23:14:57.369 [JavaFX Application Thread] DEBUG Engine               - isExperimentalNative: false
23:14:57.369 [JavaFX Application Thread] DEBUG Engine               - isSingleStep: false
23:14:57.369 [JavaFX Application Thread] DEBUG Engine               - cSSList: [fxgl_dark.css]
23:14:57.369 [JavaFX Application Thread] DEBUG Engine               - fontGame: Abel-Regular.ttf
23:14:57.369 [JavaFX Application Thread] DEBUG Engine               - menuKey: ESCAPE
23:14:57.369 [JavaFX Application Thread] DEBUG Engine               - devShowPositionProperty: BooleanProperty [value: false]
23:14:57.369 [JavaFX Application Thread] DEBUG Engine               - versionCheckDays: 7
23:14:57.369 [JavaFX Application Thread] DEBUG Engine               - masterTimer: com.almasb.fxgl.time.Timer@10caf277
23:14:57.369 [JavaFX Application Thread] DEBUG Engine               - configClass: Optional.empty
23:14:57.370 [JavaFX Application Thread] DEBUG Engine               - isFullScreenFromStart: false
23:14:57.370 [JavaFX Application Thread] DEBUG Engine               - version: 0.2
23:14:57.370 [JavaFX Application Thread] DEBUG Engine               - fullScreen: BooleanProperty [value: false]
23:14:57.370 [JavaFX Application Thread] DEBUG Engine               - dialogFactory: com.almasb.fxgl.ui.FXGLDialogFactory@1eb5b961
23:14:57.370 [JavaFX Application Thread] DEBUG Engine               - applicationMode: DEVELOPER
23:14:57.370 [JavaFX Application Thread] DEBUG Engine               - isMac: false
23:14:57.370 [JavaFX Application Thread] DEBUG Engine               - urlGoogleForms: https://goo.gl/forms/6wrMnOBxTE1fEpOy2
23:14:57.370 [JavaFX Application Thread] DEBUG Engine               - isMenuEnabled: true
23:14:57.371 [JavaFX Application Thread] DEBUG Engine               - urlPOM: https://raw.githubusercontent.com/AlmasB/FXGL/master/pom.xml
23:14:57.371 [JavaFX Application Thread] DEBUG Engine               - profileName: user.profile
23:14:57.371 [JavaFX Application Thread] DEBUG Engine               - devSensorColorProperty: ObjectProperty [value: 0xffff00ff]
23:14:57.371 [JavaFX Application Thread] DEBUG Engine               - notificationViewClass: class com.almasb.fxgl.notification.view.XboxNotificationView
23:14:57.371 [JavaFX Application Thread] DEBUG Engine               - sceneFactory: com.almasb.fxgl.app.SceneFactory@1a76f500
23:14:57.371 [JavaFX Application Thread] DEBUG Engine               - dataFileExt: .dat
23:14:57.371 [JavaFX Application Thread] DEBUG Engine               - stageStyle: DECORATED
23:14:57.371 [JavaFX Application Thread] DEBUG Engine               - isManualResizeEnabled: true
23:14:57.371 [JavaFX Application Thread] DEBUG Engine               - title: Tower Defense
23:14:57.371 [JavaFX Application Thread] DEBUG Engine               - platform: WINDOWS
23:14:57.371 [JavaFX Application Thread] DEBUG Engine               - devBBoxColorProperty: ObjectProperty [value: 0xff0000ff]
23:14:57.372 [JavaFX Application Thread] DEBUG Engine               - isDesktop: true
23:14:57.372 [JavaFX Application Thread] DEBUG Engine               - globalMusicVolumeProperty: DoubleProperty [value: 0.5]
23:14:57.372 [JavaFX Application Thread] DEBUG Engine               - credits: []
23:14:57.372 [JavaFX Application Thread] DEBUG Engine               - uIFactory: com.almasb.fxgl.ui.FXGLUIFactory@2a656936
23:14:57.372 [JavaFX Application Thread] DEBUG Engine               - isPreserveResizeRatio: false
23:14:57.372 [JavaFX Application Thread] DEBUG Engine               - fontText: Courier-Prime.ttf
23:14:57.372 [JavaFX Application Thread] DEBUG Engine               - isExperimentalTiledLargeMap: false
23:14:57.372 [JavaFX Application Thread] DEBUG Engine               - secondsIn24h: 60
23:14:57.373 [JavaFX Application Thread] DEBUG Engine               - runtimeInfo: RuntimeInfo(platform=WINDOWS, version=11.5, build=17.09.2019 20.41)
23:14:57.373 [JavaFX Application Thread] DEBUG Engine               - isLinux: false
23:14:57.373 [JavaFX Application Thread] DEBUG Engine               - soundMenuPress: menu/press.wav
23:14:57.373 [JavaFX Application Thread] DEBUG Engine               - urlGithub: https://github.com/AlmasB/FXGL
23:14:57.373 [JavaFX Application Thread] DEBUG Engine               - profileDir: profiles/
23:14:57.373 [JavaFX Application Thread] DEBUG Engine               - globalSoundVolumeProperty: DoubleProperty [value: 0.5]
23:14:57.373 [JavaFX Application Thread] DEBUG Engine               - isDeveloperMenuEnabled: false
23:14:57.373 [JavaFX Application Thread] DEBUG Engine               - isBrowser: false
23:14:57.373 [JavaFX Application Thread] DEBUG Engine               - globalSoundVolume: 0.5
23:14:57.373 [JavaFX Application Thread] DEBUG Engine               - urlLeaderboard: http://fxgl-top.herokuapp.com/
23:14:57.373 [JavaFX Application Thread] DEBUG Engine               - saveDir: saves/
23:14:57.373 [JavaFX Application Thread] DEBUG Engine               - engineServices: [class com.almasb.fxgl.audio.AudioPlayer, class com.almasb.fxgl.notification.impl.NotificationServiceProvider, class com.almasb.fxgl.achievement.AchievementManager, class com.almasb.fxgl.cutscene.CutsceneService, class com.almasb.fxgl.minigames.MiniGameService]
23:14:57.373 [JavaFX Application Thread] DEBUG Engine               - globalMusicVolume: 0.5
23:14:57.374 [JavaFX Application Thread] DEBUG Engine               - width: 768
23:14:57.374 [JavaFX Application Thread] DEBUG Engine               - saveFileExt: .sav
23:14:57.374 [JavaFX Application Thread] DEBUG Engine               - isAndroid: false
23:14:57.374 [JavaFX Application Thread] DEBUG Engine               - fontUI: VarelaRound-Regular.ttf
23:14:57.374 [JavaFX Application Thread] DEBUG Engine               - isIOS: false
23:14:57.374 [JavaFX Application Thread] DEBUG Engine               - enabledMenuItems: []
23:14:57.376 [JavaFX Application Thread] DEBUG Engine               - Adding new engine service: class com.almasb.fxgl.audio.AudioPlayer
23:14:57.377 [JavaFX Application Thread] DEBUG Engine               - Adding new engine service: class com.almasb.fxgl.notification.impl.NotificationServiceProvider
23:14:57.377 [JavaFX Application Thread] DEBUG Engine               - Adding new engine service: class com.almasb.fxgl.achievement.AchievementManager
23:14:57.378 [JavaFX Application Thread] DEBUG Engine               - Adding new engine service: class com.almasb.fxgl.cutscene.CutsceneService
23:14:57.378 [JavaFX Application Thread] DEBUG Engine               - Adding new engine service: class com.almasb.fxgl.minigames.MiniGameService
23:14:57.381 [JavaFX Application Thread] DEBUG Engine               - Loading localizations
23:14:57.389 [JavaFX Application Thread] DEBUG AssetLoader          - Loading from file system: /assets/properties/languages/english.properties
23:14:57.393 [JavaFX Application Thread] DEBUG AssetLoader          - Loading from file system: /assets/properties/languages/french.properties
23:14:57.394 [JavaFX Application Thread] DEBUG AssetLoader          - Loading from file system: /assets/properties/languages/german.properties
23:14:57.395 [JavaFX Application Thread] DEBUG AssetLoader          - Loading from file system: /assets/properties/languages/russian.properties
23:14:57.396 [JavaFX Application Thread] DEBUG AssetLoader          - Loading from file system: /assets/properties/languages/hungarian.properties
23:14:57.397 [JavaFX Application Thread] DEBUG Engine               - Registering font factories
23:14:57.397 [JavaFX Application Thread] DEBUG AssetLoader          - Loading from file system: /assets/ui/fonts/VarelaRound-Regular.ttf
23:14:57.687 [JavaFX Application Thread] DEBUG AssetLoader          - Loading from file system: /assets/ui/fonts/Abel-Regular.ttf
23:14:57.696 [JavaFX Application Thread] DEBUG AssetLoader          - Loading from file system: /assets/ui/fonts/lucida_console.ttf
23:14:57.705 [JavaFX Application Thread] DEBUG AssetLoader          - Loading from file system: /assets/ui/fonts/Courier-Prime.ttf
23:14:57.712 [JavaFX Application Thread] DEBUG Engine               - Setting UI factory
23:14:57.782 [JavaFX Application Thread] DEBUG AssetLoader          - Loading from file system: /assets/textures/fxgl_logo.png
23:14:57.826 [JavaFX Application Thread] DEBUG MainWindow           - Creating a JavaFX scene
23:14:57.860 [JavaFX Application Thread] DEBUG MainWindow           - Target settings size: 768.0 x 600.0
23:14:57.860 [JavaFX Application Thread] DEBUG MainWindow           - Scaled scene size:    768.0 x 600.0
23:14:57.860 [JavaFX Application Thread] DEBUG MainWindow           - Scaled ratio: (1.0, 1.0)
23:14:57.861 [JavaFX Application Thread] DEBUG MainWindow           - Set initial scene to FXGLStartupScene
23:14:57.866 [JavaFX Application Thread] DEBUG AssetLoader          - Loading from file system: /assets/textures/fxgl_icon.png
23:14:57.874 [JavaFX Application Thread] DEBUG Engine               - Applying CSS: fxgl_dark.css
23:14:57.874 [JavaFX Application Thread] DEBUG AssetLoader          - Loading from file system: /assets/ui/css/fxgl_dark.css
23:14:57.876 [JavaFX Application Thread] DEBUG AssetLoader          - Loading from file system: /assets/ui/cursors/fxgl_default.png
23:14:57.877 [JavaFX Application Thread] DEBUG MainWindow           - Opening main window
23:14:58.005 [JavaFX Application Thread] DEBUG MainWindow           - Window border size: (14.4000244140625, 37.5999755859375)
23:14:58.005 [JavaFX Application Thread] DEBUG MainWindow           - Scaled size: 768.0 x 600.0
23:14:58.005 [JavaFX Application Thread] DEBUG MainWindow           - Scaled ratio: (1.0, 1.0)
23:14:58.005 [JavaFX Application Thread] DEBUG MainWindow           - Scene size: 768.0 x 600.0
23:14:58.005 [JavaFX Application Thread] DEBUG MainWindow           - Stage size: 782.4000244140625 x 637.5999755859375
23:14:58.016 [FXGL Background Thread 1 ] DEBUG FS                   - Loaded FSServiceImpl
23:14:58.016 [FXGL Background Thread 1 ] DEBUG Engine               - Loading FXGL system data
23:14:58.021 [FXGL Background Thread 1 ] DEBUG FSServiceImpl        - Reading from: C:\Users\USER\Documents\GitHub\CAT200-Project\TowerDefense\system\fxgl.bundle
23:14:58.034 [FXGL Background Thread 1 ] DEBUG Engine               - Bundle FXGL: {}
23:14:58.034 [FXGL Background Thread 1 ] DEBUG Engine               - Initializing application scenes
23:14:58.049 [FXGL Background Thread 1 ] DEBUG GameWorld            - Game world initialized
23:14:58.083 [FXGL Background Thread 1 ] DEBUG PhysicsWorld         - Physics world initialized: appHeight=600, physics.ppm=50.0
23:14:58.085 [FXGL Background Thread 1 ] DEBUG GameScene            - Game scene initialized: 768x600
23:14:58.119 [FXGL Background Thread 1 ] DEBUG AssetLoader          - Loading from file system: /assets/textures/particles/trace_horizontal.png
23:14:58.127 [FXGL Background Thread 1 ] DEBUG FXGL.DefaultMenu     - createMenuBodyMainMenu()
23:14:58.139 [FXGL Background Thread 1 ] DEBUG FXGL.DefaultMenu     - createOptionsMenu()
23:14:58.143 [FXGL Background Thread 1 ] DEBUG AssetLoader          - Loading from file system: /assets/textures/particles/smoke.png
23:14:58.178 [FXGL Background Thread 1 ] DEBUG AssetLoader          - Loading from cache: /assets/textures/particles/trace_horizontal.png@64.0x64.0
23:14:58.179 [FXGL Background Thread 1 ] DEBUG FXGL.DefaultMenu     - createMenuBodyGameMenu()
23:14:58.179 [FXGL Background Thread 1 ] DEBUG FXGL.DefaultMenu     - createOptionsMenu()
23:14:58.181 [FXGL Background Thread 1 ] DEBUG AssetLoader          - Loading from cache: /assets/textures/particles/smoke.png@128.0x128.0
23:14:58.194 [FXGL Background Thread 1 ] DEBUG Engine               - Application scenes initialized
23:14:58.196 [JavaFX Application Thread] DEBUG Engine               - Running preInit()
23:14:58.198 [JavaFX Application Thread] DEBUG Input                - Registered new binding: Place Tower - LMB
23:14:58.198 [JavaFX Application Thread] DEBUG Input                - Registered new binding: remove tower - RMB
23:14:58.204 [JavaFX Application Thread] DEBUG Input                - Registered new binding: Screenshot - P
23:14:58.205 [JavaFX Application Thread] DEBUG Input                - Registered new binding: System info dump - CTRL+9
23:14:58.205 [JavaFX Application Thread] DEBUG Input                - Registered new binding: Restart - CTRL+R
23:14:58.205 [JavaFX Application Thread] DEBUG Engine               - generateDefaultProfile()
23:14:58.205 [JavaFX Application Thread] DEBUG Engine               - Creating default profile
23:14:58.205 [JavaFX Application Thread] DEBUG EventBus             - Firing event: SaveEvent
23:14:58.214 [JavaFX Application Thread] INFO  Engine               - FXGL initialization took: 0.833 sec
23:14:58.214 [JavaFX Application Thread] DEBUG LoopRunner           - Starting loop
23:14:58.219 [JavaFX Application Thread] DEBUG FXGLStartupScene     - STARTUP
23:14:58.223 [JavaFX Application Thread] DEBUG Input                - Clearing active input actions
23:14:58.237 [JavaFX Application Thread] DEBUG Engine               - Removing overlay from FXGLStartupScene and adding to FXGLDefaultMenu
23:14:58.237 [JavaFX Application Thread] DEBUG MainWindow           - FXGLStartupScene -> FXGLDefaultMenu
23:15:10.473 [JavaFX Application Thread] DEBUG MainWindow           - Push state: DialogSubState
23:15:10.474 [JavaFX Application Thread] DEBUG Input                - Clearing active input actions
23:15:10.475 [JavaFX Application Thread] DEBUG Engine               - Removing overlay from FXGLDefaultMenu and adding to DialogSubState
23:15:10.475 [JavaFX Application Thread] DEBUG MainWindow           - FXGLDefaultMenu -> DialogSubState
23:15:11.464 [JavaFX Application Thread] DEBUG MainWindow           - Pop state: DialogSubState
23:15:11.464 [JavaFX Application Thread] DEBUG Input                - Clearing active input actions
23:15:11.465 [JavaFX Application Thread] DEBUG Engine               - Removing overlay from DialogSubState and adding to FXGLDefaultMenu
23:15:11.465 [JavaFX Application Thread] DEBUG MainWindow           - FXGLDefaultMenu <- DialogSubState
23:15:11.465 [JavaFX Application Thread] DEBUG Engine               - Exiting FXGL
23:15:11.465 [JavaFX Application Thread] DEBUG Engine               - Shutting down background threads
23:15:11.465 [JavaFX Application Thread] DEBUG Engine               - Saving FXGL system data
23:15:11.467 [JavaFX Application Thread] DEBUG FSServiceImpl        - Writing to: C:\Users\USER\Documents\GitHub\CAT200-Project\TowerDefense\system\fxgl.bundle
23:15:11.472 [JavaFX Application Thread] DEBUG Engine               - Closing logger and exiting JavaFX
