21:24:46.535 [main                     ] DEBUG GameApplication      - Logger initialized
21:24:46.538 [main                     ] DEBUG GameApplication      - Logging settings
Title: Tower Defense
Version: 0.2
Width: 800
Height: 600
Fullscreen: false
Intro: false
Menus: false
Profiling: false
Single step:false
App Mode: DEVELOPER
Menu Key: ESCAPE
Stage Style: DECORATED
Scene Factory: class com.almasb.fxgl.app.SceneFactory
Dialog Factory: class com.almasb.fxgl.ui.FXGLDialogFactory
UI Factory: class com.almasb.fxgl.ui.FXGLUIFactory

21:24:46.784 [JavaFX Application Thread] DEBUG Engine               - Initializing FXGL
21:24:46.785 [JavaFX Application Thread] INFO  Engine               - FXGL-11.5 (17.09.2019 20.41) on WINDOWS (J:13 FX:12.0.1)
21:24:46.785 [JavaFX Application Thread] INFO  Engine               - Source code and latest versions at: https://github.com/AlmasB/FXGL
21:24:46.785 [JavaFX Application Thread] INFO  Engine               -              Join the FXGL chat at: https://gitter.im/AlmasB/FXGL
21:24:46.786 [JavaFX Application Thread] DEBUG Engine               - Initializing environment variables
21:24:46.789 [JavaFX Application Thread] DEBUG Engine               - Logging environment variables
21:24:46.790 [JavaFX Application Thread] DEBUG Engine               - achievements: []
21:24:46.790 [JavaFX Application Thread] DEBUG Engine               - sceneStack: com.almasb.fxgl.app.Engine@445b8efe
21:24:46.790 [JavaFX Application Thread] DEBUG Engine               - language: ObjectProperty [value: null]
21:24:46.791 [JavaFX Application Thread] DEBUG Engine               - isCloseConfirmation: false
21:24:46.791 [JavaFX Application Thread] DEBUG Engine               - isProfilingEnabled: false
21:24:46.791 [JavaFX Application Thread] DEBUG Engine               - soundNotification: core/notification.wav
21:24:46.791 [JavaFX Application Thread] DEBUG Engine               - devShowBBoxProperty: BooleanProperty [value: false]
21:24:46.793 [JavaFX Application Thread] DEBUG Engine               - pixelsPerMeter: 50.0
21:24:46.793 [JavaFX Application Thread] DEBUG Engine               - overlayRoot: Group@5f795b20
21:24:46.794 [JavaFX Application Thread] DEBUG Engine               - soundMenuBack: menu/back.wav
21:24:46.794 [JavaFX Application Thread] DEBUG Engine               - appIcon: fxgl_icon.png
21:24:46.794 [JavaFX Application Thread] DEBUG Engine               - isFullScreenAllowed: false
21:24:46.794 [JavaFX Application Thread] DEBUG Engine               - isIntroEnabled: false
21:24:46.794 [JavaFX Application Thread] DEBUG Engine               - eventBus: com.almasb.fxgl.event.EventBus@5682a5d6
21:24:46.795 [JavaFX Application Thread] DEBUG Engine               - fontMono: lucida_console.ttf
21:24:46.795 [JavaFX Application Thread] DEBUG Engine               - soundMenuSelect: menu/select.wav
21:24:46.795 [JavaFX Application Thread] DEBUG Engine               - isWindows: true
21:24:46.795 [JavaFX Application Thread] DEBUG Engine               - isMobile: false
21:24:46.795 [JavaFX Application Thread] DEBUG Engine               - height: 600
21:24:46.795 [JavaFX Application Thread] DEBUG Engine               - isExperimentalNative: false
21:24:46.796 [JavaFX Application Thread] DEBUG Engine               - isSingleStep: false
21:24:46.796 [JavaFX Application Thread] DEBUG Engine               - cSSList: [fxgl_dark.css]
21:24:46.796 [JavaFX Application Thread] DEBUG Engine               - fontGame: Abel-Regular.ttf
21:24:46.796 [JavaFX Application Thread] DEBUG Engine               - menuKey: ESCAPE
21:24:46.796 [JavaFX Application Thread] DEBUG Engine               - devShowPositionProperty: BooleanProperty [value: false]
21:24:46.797 [JavaFX Application Thread] DEBUG Engine               - versionCheckDays: 7
21:24:46.797 [JavaFX Application Thread] DEBUG Engine               - masterTimer: com.almasb.fxgl.time.Timer@4e36ed86
21:24:46.797 [JavaFX Application Thread] DEBUG Engine               - configClass: Optional.empty
21:24:46.797 [JavaFX Application Thread] DEBUG Engine               - isFullScreenFromStart: false
21:24:46.797 [JavaFX Application Thread] DEBUG Engine               - version: 0.2
21:24:46.797 [JavaFX Application Thread] DEBUG Engine               - fullScreen: BooleanProperty [value: false]
21:24:46.798 [JavaFX Application Thread] DEBUG Engine               - dialogFactory: com.almasb.fxgl.ui.FXGLDialogFactory@402539f9
21:24:46.798 [JavaFX Application Thread] DEBUG Engine               - applicationMode: DEVELOPER
21:24:46.798 [JavaFX Application Thread] DEBUG Engine               - isMac: false
21:24:46.798 [JavaFX Application Thread] DEBUG Engine               - urlGoogleForms: https://goo.gl/forms/6wrMnOBxTE1fEpOy2
21:24:46.798 [JavaFX Application Thread] DEBUG Engine               - isMenuEnabled: false
21:24:46.798 [JavaFX Application Thread] DEBUG Engine               - urlPOM: https://raw.githubusercontent.com/AlmasB/FXGL/master/pom.xml
21:24:46.798 [JavaFX Application Thread] DEBUG Engine               - profileName: user.profile
21:24:46.799 [JavaFX Application Thread] DEBUG Engine               - notificationViewClass: class com.almasb.fxgl.notification.view.XboxNotificationView
21:24:46.799 [JavaFX Application Thread] DEBUG Engine               - devSensorColorProperty: ObjectProperty [value: 0xffff00ff]
21:24:46.799 [JavaFX Application Thread] DEBUG Engine               - sceneFactory: com.almasb.fxgl.app.SceneFactory@5590ca86
21:24:46.799 [JavaFX Application Thread] DEBUG Engine               - dataFileExt: .dat
21:24:46.799 [JavaFX Application Thread] DEBUG Engine               - stageStyle: DECORATED
21:24:46.799 [JavaFX Application Thread] DEBUG Engine               - isManualResizeEnabled: false
21:24:46.799 [JavaFX Application Thread] DEBUG Engine               - title: Tower Defense
21:24:46.800 [JavaFX Application Thread] DEBUG Engine               - platform: WINDOWS
21:24:46.800 [JavaFX Application Thread] DEBUG Engine               - devBBoxColorProperty: ObjectProperty [value: 0xff0000ff]
21:24:46.800 [JavaFX Application Thread] DEBUG Engine               - isDesktop: true
21:24:46.800 [JavaFX Application Thread] DEBUG Engine               - credits: []
21:24:46.800 [JavaFX Application Thread] DEBUG Engine               - globalMusicVolumeProperty: DoubleProperty [value: 0.5]
21:24:46.800 [JavaFX Application Thread] DEBUG Engine               - uIFactory: com.almasb.fxgl.ui.FXGLUIFactory@16ff79f7
21:24:46.800 [JavaFX Application Thread] DEBUG Engine               - isPreserveResizeRatio: false
21:24:46.800 [JavaFX Application Thread] DEBUG Engine               - fontText: Courier-Prime.ttf
21:24:46.800 [JavaFX Application Thread] DEBUG Engine               - isExperimentalTiledLargeMap: false
21:24:46.801 [JavaFX Application Thread] DEBUG Engine               - secondsIn24h: 60
21:24:46.801 [JavaFX Application Thread] DEBUG Engine               - runtimeInfo: RuntimeInfo(platform=WINDOWS, version=11.5, build=17.09.2019 20.41)
21:24:46.801 [JavaFX Application Thread] DEBUG Engine               - isLinux: false
21:24:46.801 [JavaFX Application Thread] DEBUG Engine               - soundMenuPress: menu/press.wav
21:24:46.801 [JavaFX Application Thread] DEBUG Engine               - urlGithub: https://github.com/AlmasB/FXGL
21:24:46.801 [JavaFX Application Thread] DEBUG Engine               - profileDir: profiles/
21:24:46.801 [JavaFX Application Thread] DEBUG Engine               - isDeveloperMenuEnabled: false
21:24:46.801 [JavaFX Application Thread] DEBUG Engine               - globalSoundVolumeProperty: DoubleProperty [value: 0.5]
21:24:46.801 [JavaFX Application Thread] DEBUG Engine               - isBrowser: false
21:24:46.802 [JavaFX Application Thread] DEBUG Engine               - globalSoundVolume: 0.5
21:24:46.802 [JavaFX Application Thread] DEBUG Engine               - urlLeaderboard: http://fxgl-top.herokuapp.com/
21:24:46.802 [JavaFX Application Thread] DEBUG Engine               - saveDir: saves/
21:24:46.802 [JavaFX Application Thread] DEBUG Engine               - engineServices: [class com.almasb.fxgl.audio.AudioPlayer, class com.almasb.fxgl.notification.impl.NotificationServiceProvider, class com.almasb.fxgl.achievement.AchievementManager, class com.almasb.fxgl.cutscene.CutsceneService, class com.almasb.fxgl.minigames.MiniGameService]
21:24:46.802 [JavaFX Application Thread] DEBUG Engine               - globalMusicVolume: 0.5
21:24:46.802 [JavaFX Application Thread] DEBUG Engine               - width: 800
21:24:46.802 [JavaFX Application Thread] DEBUG Engine               - saveFileExt: .sav
21:24:46.803 [JavaFX Application Thread] DEBUG Engine               - isAndroid: false
21:24:46.803 [JavaFX Application Thread] DEBUG Engine               - fontUI: VarelaRound-Regular.ttf
21:24:46.803 [JavaFX Application Thread] DEBUG Engine               - isIOS: false
21:24:46.803 [JavaFX Application Thread] DEBUG Engine               - enabledMenuItems: []
21:24:46.806 [JavaFX Application Thread] DEBUG Engine               - Adding new engine service: class com.almasb.fxgl.audio.AudioPlayer
21:24:46.808 [JavaFX Application Thread] DEBUG Engine               - Adding new engine service: class com.almasb.fxgl.notification.impl.NotificationServiceProvider
21:24:46.808 [JavaFX Application Thread] DEBUG Engine               - Adding new engine service: class com.almasb.fxgl.achievement.AchievementManager
21:24:46.809 [JavaFX Application Thread] DEBUG Engine               - Adding new engine service: class com.almasb.fxgl.cutscene.CutsceneService
21:24:46.809 [JavaFX Application Thread] DEBUG Engine               - Adding new engine service: class com.almasb.fxgl.minigames.MiniGameService
21:24:46.812 [JavaFX Application Thread] DEBUG Engine               - Loading localizations
21:24:46.827 [JavaFX Application Thread] DEBUG AssetLoader          - Loading from file system: /assets/properties/languages/english.properties
21:24:46.835 [JavaFX Application Thread] DEBUG AssetLoader          - Loading from file system: /assets/properties/languages/french.properties
21:24:46.836 [JavaFX Application Thread] DEBUG AssetLoader          - Loading from file system: /assets/properties/languages/german.properties
21:24:46.838 [JavaFX Application Thread] DEBUG AssetLoader          - Loading from file system: /assets/properties/languages/russian.properties
21:24:46.840 [JavaFX Application Thread] DEBUG AssetLoader          - Loading from file system: /assets/properties/languages/hungarian.properties
21:24:46.841 [JavaFX Application Thread] DEBUG Engine               - Registering font factories
21:24:46.842 [JavaFX Application Thread] DEBUG AssetLoader          - Loading from file system: /assets/ui/fonts/VarelaRound-Regular.ttf
21:24:47.051 [JavaFX Application Thread] DEBUG AssetLoader          - Loading from file system: /assets/ui/fonts/Abel-Regular.ttf
21:24:47.054 [JavaFX Application Thread] DEBUG AssetLoader          - Loading from file system: /assets/ui/fonts/lucida_console.ttf
21:24:47.059 [JavaFX Application Thread] DEBUG AssetLoader          - Loading from file system: /assets/ui/fonts/Courier-Prime.ttf
21:24:47.063 [JavaFX Application Thread] DEBUG Engine               - Setting UI factory
21:24:47.158 [JavaFX Application Thread] DEBUG AssetLoader          - Loading from file system: /assets/textures/fxgl_logo.png
21:24:47.234 [JavaFX Application Thread] DEBUG MainWindow           - Creating a JavaFX scene
21:24:47.282 [JavaFX Application Thread] DEBUG MainWindow           - Target settings size: 800.0 x 600.0
21:24:47.282 [JavaFX Application Thread] DEBUG MainWindow           - Scaled scene size:    800.0 x 600.0
21:24:47.282 [JavaFX Application Thread] DEBUG MainWindow           - Scaled ratio: (1.0, 1.0)
21:24:47.285 [JavaFX Application Thread] DEBUG MainWindow           - Set initial scene to FXGLStartupScene
21:24:47.293 [JavaFX Application Thread] DEBUG AssetLoader          - Loading from file system: /assets/textures/fxgl_icon.png
21:24:47.309 [JavaFX Application Thread] DEBUG Engine               - Applying CSS: fxgl_dark.css
21:24:47.310 [JavaFX Application Thread] DEBUG AssetLoader          - Loading from file system: /assets/ui/css/fxgl_dark.css
21:24:47.314 [JavaFX Application Thread] DEBUG AssetLoader          - Loading from file system: /assets/ui/cursors/fxgl_default.png
21:24:47.316 [JavaFX Application Thread] DEBUG MainWindow           - Opening main window
21:24:47.470 [JavaFX Application Thread] DEBUG MainWindow           - Window border size: (16.0, 39.0)
21:24:47.470 [JavaFX Application Thread] DEBUG MainWindow           - Scaled size: 800.0 x 600.0
21:24:47.471 [JavaFX Application Thread] DEBUG MainWindow           - Scaled ratio: (1.0, 1.0)
21:24:47.471 [JavaFX Application Thread] DEBUG MainWindow           - Scene size: 800.0 x 600.0
21:24:47.471 [JavaFX Application Thread] DEBUG MainWindow           - Stage size: 816.0 x 639.0
21:24:47.484 [FXGL Background Thread 1 ] DEBUG FS                   - Loaded FSServiceImpl
21:24:47.484 [FXGL Background Thread 1 ] DEBUG Engine               - Loading FXGL system data
21:24:47.491 [FXGL Background Thread 1 ] DEBUG FSServiceImpl        - Reading from: C:\Users\user\IdeaProjects\TowerDefense\system\fxgl.bundle
21:24:47.506 [FXGL Background Thread 1 ] DEBUG Engine               - Bundle FXGL: {}
21:24:47.506 [FXGL Background Thread 1 ] DEBUG Engine               - Initializing application scenes
21:24:47.533 [FXGL Background Thread 1 ] DEBUG GameWorld            - Game world initialized
21:24:47.596 [FXGL Background Thread 1 ] DEBUG PhysicsWorld         - Physics world initialized: appHeight=600, physics.ppm=50.0
21:24:47.599 [FXGL Background Thread 1 ] DEBUG GameScene            - Game scene initialized: 800x600
21:24:47.640 [FXGL Background Thread 1 ] DEBUG Input                - Registered new binding: Resume - Esc
21:24:47.641 [FXGL Background Thread 1 ] DEBUG AssetLoader          - Loading from file system: /assets/textures/pause_menu_bg.png
21:24:47.672 [FXGL Background Thread 1 ] DEBUG Input                - Registered new binding: Pause - Esc
21:24:47.672 [FXGL Background Thread 1 ] DEBUG Engine               - Application scenes initialized
21:24:47.675 [JavaFX Application Thread] DEBUG Engine               - Running preInit()
21:24:47.677 [JavaFX Application Thread] DEBUG Input                - Registered new binding: Place Tower - LMB
21:24:47.678 [JavaFX Application Thread] DEBUG Input                - Registered new binding: Screenshot - P
21:24:47.678 [JavaFX Application Thread] DEBUG Input                - Registered new binding: System info dump - CTRL+9
21:24:47.679 [JavaFX Application Thread] DEBUG Input                - Registered new binding: Restart - CTRL+R
21:24:47.679 [JavaFX Application Thread] DEBUG Engine               - generateDefaultProfile()
21:24:47.679 [JavaFX Application Thread] DEBUG Engine               - Creating default profile
21:24:47.679 [JavaFX Application Thread] DEBUG EventBus             - Firing event: SaveEvent
21:24:47.699 [JavaFX Application Thread] INFO  Engine               - FXGL initialization took: 0.887 sec
21:24:47.699 [JavaFX Application Thread] DEBUG LoopRunner           - Starting loop
21:24:47.722 [JavaFX Application Thread] DEBUG FXGLStartupScene     - STARTUP
21:24:47.722 [JavaFX Application Thread] DEBUG Engine               - Starting new game
21:24:47.731 [JavaFX Application Thread] DEBUG Input                - Clearing active input actions
21:24:47.731 [FXGL Background Thread 1 ] DEBUG InitAppTask          - Clearing previous game
21:24:47.732 [FXGL Background Thread 1 ] DEBUG GameWorld            - Clearing game world
21:24:47.732 [FXGL Background Thread 1 ] DEBUG PhysicsWorld         - Clearing physics world
21:24:47.732 [FXGL Background Thread 1 ] DEBUG GameScene            - Clearing game scene
21:24:47.732 [FXGL Background Thread 1 ] DEBUG InitAppTask          - Initializing Game
21:24:47.746 [JavaFX Application Thread] DEBUG Engine               - Removing overlay from FXGLStartupScene and adding to LoadingScene
21:24:47.747 [JavaFX Application Thread] DEBUG MainWindow           - FXGLStartupScene -> LoadingScene
21:24:47.750 [FXGL Background Thread 1 ] DEBUG InitAppTask          - Initializing Physics
21:24:47.751 [FXGL Background Thread 1 ] DEBUG InitAppTask          - Initializing UI
21:24:47.756 [FXGL Background Thread 1 ] DEBUG InitAppTask          - Initialization Complete
21:24:47.756 [FXGL Background Thread 1 ] INFO  InitAppTask          - Game initialization took: 0.024 sec
21:24:47.792 [JavaFX Application Thread] DEBUG Input                - Clearing active input actions
21:24:47.802 [JavaFX Application Thread] DEBUG Engine               - Removing overlay from LoadingScene and adding to GameScene
21:24:47.802 [JavaFX Application Thread] DEBUG MainWindow           - LoadingScene -> GameScene
21:24:57.666 [JavaFX Application Thread] DEBUG EventBus             - Firing event: com.almasb.fxglgames.td.event.BulletHitEnemy[source=javafx.event.Event$$Lambda$130/0x0000000800ce7440@d9db31c]
21:24:58.194 [JavaFX Application Thread] DEBUG EventBus             - Firing event: com.almasb.fxglgames.td.event.BulletHitEnemy[source=javafx.event.Event$$Lambda$130/0x0000000800ce7440@d9db31c]
21:24:58.737 [JavaFX Application Thread] DEBUG EventBus             - Firing event: com.almasb.fxglgames.td.event.BulletHitEnemy[source=javafx.event.Event$$Lambda$130/0x0000000800ce7440@d9db31c]
21:24:59.041 [JavaFX Application Thread] DEBUG EventBus             - Firing event: com.almasb.fxglgames.td.event.BulletHitEnemy[source=javafx.event.Event$$Lambda$130/0x0000000800ce7440@d9db31c]
21:24:59.488 [JavaFX Application Thread] DEBUG EventBus             - Firing event: com.almasb.fxglgames.td.event.BulletHitEnemy[source=javafx.event.Event$$Lambda$130/0x0000000800ce7440@d9db31c]
21:24:59.936 [JavaFX Application Thread] DEBUG EventBus             - Firing event: com.almasb.fxglgames.td.event.BulletHitEnemy[source=javafx.event.Event$$Lambda$130/0x0000000800ce7440@d9db31c]
21:25:00.432 [JavaFX Application Thread] DEBUG EventBus             - Firing event: com.almasb.fxglgames.td.event.BulletHitEnemy[source=javafx.event.Event$$Lambda$130/0x0000000800ce7440@d9db31c]
21:25:00.929 [JavaFX Application Thread] DEBUG EventBus             - Firing event: com.almasb.fxglgames.td.event.BulletHitEnemy[source=javafx.event.Event$$Lambda$130/0x0000000800ce7440@d9db31c]
21:25:01.457 [JavaFX Application Thread] DEBUG EventBus             - Firing event: com.almasb.fxglgames.td.event.BulletHitEnemy[source=javafx.event.Event$$Lambda$130/0x0000000800ce7440@d9db31c]
21:25:01.921 [JavaFX Application Thread] DEBUG EventBus             - Firing event: com.almasb.fxglgames.td.event.BulletHitEnemy[source=javafx.event.Event$$Lambda$130/0x0000000800ce7440@d9db31c]
21:25:02.465 [JavaFX Application Thread] DEBUG EventBus             - Firing event: com.almasb.fxglgames.td.event.BulletHitEnemy[source=javafx.event.Event$$Lambda$130/0x0000000800ce7440@d9db31c]
21:25:02.928 [JavaFX Application Thread] DEBUG EventBus             - Firing event: com.almasb.fxglgames.td.event.BulletHitEnemy[source=javafx.event.Event$$Lambda$130/0x0000000800ce7440@d9db31c]
21:25:03.184 [JavaFX Application Thread] DEBUG EventBus             - Firing event: com.almasb.fxglgames.td.event.BulletHitEnemy[source=javafx.event.Event$$Lambda$130/0x0000000800ce7440@d9db31c]
21:25:03.424 [JavaFX Application Thread] DEBUG EventBus             - Firing event: com.almasb.fxglgames.td.event.BulletHitEnemy[source=javafx.event.Event$$Lambda$130/0x0000000800ce7440@d9db31c]
21:25:03.554 [JavaFX Application Thread] DEBUG EventBus             - Firing event: com.almasb.fxglgames.td.event.BulletHitEnemy[source=javafx.event.Event$$Lambda$130/0x0000000800ce7440@d9db31c]
21:25:03.904 [JavaFX Application Thread] DEBUG EventBus             - Firing event: com.almasb.fxglgames.td.event.BulletHitEnemy[source=javafx.event.Event$$Lambda$130/0x0000000800ce7440@d9db31c]
21:25:04.016 [JavaFX Application Thread] DEBUG EventBus             - Firing event: com.almasb.fxglgames.td.event.BulletHitEnemy[source=javafx.event.Event$$Lambda$130/0x0000000800ce7440@d9db31c]
21:25:04.448 [JavaFX Application Thread] DEBUG EventBus             - Firing event: com.almasb.fxglgames.td.event.BulletHitEnemy[source=javafx.event.Event$$Lambda$130/0x0000000800ce7440@d9db31c]
21:25:04.928 [JavaFX Application Thread] DEBUG EventBus             - Firing event: com.almasb.fxglgames.td.event.BulletHitEnemy[source=javafx.event.Event$$Lambda$130/0x0000000800ce7440@d9db31c]
21:25:04.930 [JavaFX Application Thread] WARN  FXGL.ProgressBar     - Current value < min value. Setting min value as current
21:25:04.930 [JavaFX Application Thread] DEBUG EventBus             - Firing event: com.almasb.fxglgames.td.event.BulletHitEnemy[source=javafx.event.Event$$Lambda$130/0x0000000800ce7440@d9db31c]
21:25:05.424 [JavaFX Application Thread] DEBUG EventBus             - Firing event: com.almasb.fxglgames.td.event.BulletHitEnemy[source=javafx.event.Event$$Lambda$130/0x0000000800ce7440@d9db31c]
21:25:05.952 [JavaFX Application Thread] DEBUG EventBus             - Firing event: com.almasb.fxglgames.td.event.BulletHitEnemy[source=javafx.event.Event$$Lambda$130/0x0000000800ce7440@d9db31c]
21:25:05.954 [JavaFX Application Thread] DEBUG EventBus             - Firing event: com.almasb.fxglgames.td.event.BulletHitEnemy[source=javafx.event.Event$$Lambda$130/0x0000000800ce7440@d9db31c]
21:25:06.465 [JavaFX Application Thread] DEBUG EventBus             - Firing event: com.almasb.fxglgames.td.event.BulletHitEnemy[source=javafx.event.Event$$Lambda$130/0x0000000800ce7440@d9db31c]
21:25:06.992 [JavaFX Application Thread] DEBUG EventBus             - Firing event: com.almasb.fxglgames.td.event.BulletHitEnemy[source=javafx.event.Event$$Lambda$130/0x0000000800ce7440@d9db31c]
21:25:06.994 [JavaFX Application Thread] DEBUG EventBus             - Firing event: com.almasb.fxglgames.td.event.BulletHitEnemy[source=javafx.event.Event$$Lambda$130/0x0000000800ce7440@d9db31c]
21:25:07.488 [JavaFX Application Thread] DEBUG EventBus             - Firing event: com.almasb.fxglgames.td.event.BulletHitEnemy[source=javafx.event.Event$$Lambda$130/0x0000000800ce7440@d9db31c]
21:25:08.032 [JavaFX Application Thread] DEBUG EventBus             - Firing event: com.almasb.fxglgames.td.event.BulletHitEnemy[source=javafx.event.Event$$Lambda$130/0x0000000800ce7440@d9db31c]
21:25:08.034 [JavaFX Application Thread] DEBUG EventBus             - Firing event: com.almasb.fxglgames.td.event.BulletHitEnemy[source=javafx.event.Event$$Lambda$130/0x0000000800ce7440@d9db31c]
21:25:08.529 [JavaFX Application Thread] DEBUG EventBus             - Firing event: com.almasb.fxglgames.td.event.BulletHitEnemy[source=javafx.event.Event$$Lambda$130/0x0000000800ce7440@d9db31c]
21:25:08.560 [JavaFX Application Thread] DEBUG EventBus             - Firing event: com.almasb.fxglgames.td.event.BulletHitEnemy[source=javafx.event.Event$$Lambda$130/0x0000000800ce7440@d9db31c]
21:25:09.056 [JavaFX Application Thread] DEBUG EventBus             - Firing event: com.almasb.fxglgames.td.event.BulletHitEnemy[source=javafx.event.Event$$Lambda$130/0x0000000800ce7440@d9db31c]
21:25:09.057 [JavaFX Application Thread] DEBUG EventBus             - Firing event: com.almasb.fxglgames.td.event.BulletHitEnemy[source=javafx.event.Event$$Lambda$130/0x0000000800ce7440@d9db31c]
21:25:09.552 [JavaFX Application Thread] DEBUG EventBus             - Firing event: com.almasb.fxglgames.td.event.BulletHitEnemy[source=javafx.event.Event$$Lambda$130/0x0000000800ce7440@d9db31c]
21:25:09.585 [JavaFX Application Thread] DEBUG EventBus             - Firing event: com.almasb.fxglgames.td.event.BulletHitEnemy[source=javafx.event.Event$$Lambda$130/0x0000000800ce7440@d9db31c]
21:25:10.096 [JavaFX Application Thread] DEBUG EventBus             - Firing event: com.almasb.fxglgames.td.event.BulletHitEnemy[source=javafx.event.Event$$Lambda$130/0x0000000800ce7440@d9db31c]
21:25:10.098 [JavaFX Application Thread] DEBUG EventBus             - Firing event: com.almasb.fxglgames.td.event.BulletHitEnemy[source=javafx.event.Event$$Lambda$130/0x0000000800ce7440@d9db31c]
21:25:10.592 [JavaFX Application Thread] DEBUG EventBus             - Firing event: com.almasb.fxglgames.td.event.BulletHitEnemy[source=javafx.event.Event$$Lambda$130/0x0000000800ce7440@d9db31c]
21:25:10.624 [JavaFX Application Thread] DEBUG EventBus             - Firing event: com.almasb.fxglgames.td.event.BulletHitEnemy[source=javafx.event.Event$$Lambda$130/0x0000000800ce7440@d9db31c]
21:25:11.120 [JavaFX Application Thread] DEBUG EventBus             - Firing event: com.almasb.fxglgames.td.event.BulletHitEnemy[source=javafx.event.Event$$Lambda$130/0x0000000800ce7440@d9db31c]
21:25:11.122 [JavaFX Application Thread] DEBUG EventBus             - Firing event: com.almasb.fxglgames.td.event.BulletHitEnemy[source=javafx.event.Event$$Lambda$130/0x0000000800ce7440@d9db31c]
21:25:11.633 [JavaFX Application Thread] DEBUG EventBus             - Firing event: com.almasb.fxglgames.td.event.BulletHitEnemy[source=javafx.event.Event$$Lambda$130/0x0000000800ce7440@d9db31c]
21:25:11.664 [JavaFX Application Thread] DEBUG EventBus             - Firing event: com.almasb.fxglgames.td.event.BulletHitEnemy[source=javafx.event.Event$$Lambda$130/0x0000000800ce7440@d9db31c]
21:25:12.161 [JavaFX Application Thread] DEBUG EventBus             - Firing event: com.almasb.fxglgames.td.event.BulletHitEnemy[source=javafx.event.Event$$Lambda$130/0x0000000800ce7440@d9db31c]
21:25:12.162 [JavaFX Application Thread] DEBUG EventBus             - Firing event: com.almasb.fxglgames.td.event.BulletHitEnemy[source=javafx.event.Event$$Lambda$130/0x0000000800ce7440@d9db31c]
21:25:12.672 [JavaFX Application Thread] DEBUG EventBus             - Firing event: com.almasb.fxglgames.td.event.BulletHitEnemy[source=javafx.event.Event$$Lambda$130/0x0000000800ce7440@d9db31c]
21:25:13.169 [JavaFX Application Thread] DEBUG EventBus             - Firing event: com.almasb.fxglgames.td.event.BulletHitEnemy[source=javafx.event.Event$$Lambda$130/0x0000000800ce7440@d9db31c]
21:25:13.185 [JavaFX Application Thread] DEBUG EventBus             - Firing event: com.almasb.fxglgames.td.event.BulletHitEnemy[source=javafx.event.Event$$Lambda$130/0x0000000800ce7440@d9db31c]
21:25:14.208 [JavaFX Application Thread] DEBUG EventBus             - Firing event: com.almasb.fxglgames.td.event.BulletHitEnemy[source=javafx.event.Event$$Lambda$130/0x0000000800ce7440@d9db31c]
21:25:14.469 [JavaFX Application Thread] DEBUG Engine               - Exiting FXGL
21:25:14.469 [JavaFX Application Thread] DEBUG Engine               - Shutting down background threads
21:25:14.469 [JavaFX Application Thread] DEBUG Engine               - Saving FXGL system data
21:25:14.471 [JavaFX Application Thread] DEBUG FSServiceImpl        - Writing to: C:\Users\user\IdeaProjects\TowerDefense\system\fxgl.bundle
21:25:14.473 [JavaFX Application Thread] DEBUG Engine               - Closing logger and exiting JavaFX
