02:32:00.953 [main                     ] DEBUG GameApplication      - Logger initialized
02:32:00.975 [main                     ] DEBUG GameApplication      - Logging settings
Title: Tower Defense
Version: 0.2
Width: 768
Height: 600
Fullscreen: false
Intro: true
Menus: true
Profiling: false
Single step:false
App Mode: DEVELOPER
Menu Key: ESCAPE
Stage Style: DECORATED
Scene Factory: class com.almasb.fxgl.app.SceneFactory
Dialog Factory: class com.almasb.fxgl.ui.FXGLDialogFactory
UI Factory: class com.almasb.fxgl.ui.FXGLUIFactory

02:32:01.279 [JavaFX Application Thread] DEBUG Engine               - Initializing FXGL
02:32:01.280 [JavaFX Application Thread] INFO  Engine               - FXGL-11.5 (17.09.2019 20.41) on WINDOWS (J:11.0.4 FX:10.0.2-internal)
02:32:01.280 [JavaFX Application Thread] INFO  Engine               - Source code and latest versions at: https://github.com/AlmasB/FXGL
02:32:01.280 [JavaFX Application Thread] INFO  Engine               -              Join the FXGL chat at: https://gitter.im/AlmasB/FXGL
02:32:01.280 [JavaFX Application Thread] DEBUG Engine               - Initializing environment variables
02:32:01.282 [JavaFX Application Thread] DEBUG Engine               - Logging environment variables
02:32:01.282 [JavaFX Application Thread] DEBUG Engine               - achievements: []
02:32:01.282 [JavaFX Application Thread] DEBUG Engine               - sceneStack: com.almasb.fxgl.app.Engine@4ad91177
02:32:01.282 [JavaFX Application Thread] DEBUG Engine               - language: ObjectProperty [value: null]
02:32:01.283 [JavaFX Application Thread] DEBUG Engine               - isCloseConfirmation: true
02:32:01.283 [JavaFX Application Thread] DEBUG Engine               - isProfilingEnabled: false
02:32:01.283 [JavaFX Application Thread] DEBUG Engine               - soundNotification: core/notification.wav
02:32:01.283 [JavaFX Application Thread] DEBUG Engine               - devShowBBoxProperty: BooleanProperty [value: false]
02:32:01.284 [JavaFX Application Thread] DEBUG Engine               - pixelsPerMeter: 50.0
02:32:01.284 [JavaFX Application Thread] DEBUG Engine               - overlayRoot: Group@7df4fc0e
02:32:01.284 [JavaFX Application Thread] DEBUG Engine               - appIcon: fxgl_icon.png
02:32:01.284 [JavaFX Application Thread] DEBUG Engine               - soundMenuBack: menu/back.wav
02:32:01.284 [JavaFX Application Thread] DEBUG Engine               - isFullScreenAllowed: false
02:32:01.285 [JavaFX Application Thread] DEBUG Engine               - isIntroEnabled: true
02:32:01.285 [JavaFX Application Thread] DEBUG Engine               - eventBus: com.almasb.fxgl.event.EventBus@2e7433dd
02:32:01.285 [JavaFX Application Thread] DEBUG Engine               - fontMono: lucida_console.ttf
02:32:01.285 [JavaFX Application Thread] DEBUG Engine               - soundMenuSelect: menu/select.wav
02:32:01.285 [JavaFX Application Thread] DEBUG Engine               - isWindows: true
02:32:01.285 [JavaFX Application Thread] DEBUG Engine               - isMobile: false
02:32:01.285 [JavaFX Application Thread] DEBUG Engine               - height: 600
02:32:01.285 [JavaFX Application Thread] DEBUG Engine               - isExperimentalNative: false
02:32:01.285 [JavaFX Application Thread] DEBUG Engine               - isSingleStep: false
02:32:01.286 [JavaFX Application Thread] DEBUG Engine               - cSSList: [fxgl_dark.css]
02:32:01.286 [JavaFX Application Thread] DEBUG Engine               - fontGame: Abel-Regular.ttf
02:32:01.286 [JavaFX Application Thread] DEBUG Engine               - menuKey: ESCAPE
02:32:01.286 [JavaFX Application Thread] DEBUG Engine               - devShowPositionProperty: BooleanProperty [value: false]
02:32:01.286 [JavaFX Application Thread] DEBUG Engine               - versionCheckDays: 7
02:32:01.286 [JavaFX Application Thread] DEBUG Engine               - masterTimer: com.almasb.fxgl.time.Timer@2c24ddcd
02:32:01.286 [JavaFX Application Thread] DEBUG Engine               - configClass: Optional.empty
02:32:01.286 [JavaFX Application Thread] DEBUG Engine               - isFullScreenFromStart: false
02:32:01.286 [JavaFX Application Thread] DEBUG Engine               - version: 0.2
02:32:01.286 [JavaFX Application Thread] DEBUG Engine               - fullScreen: BooleanProperty [value: false]
02:32:01.286 [JavaFX Application Thread] DEBUG Engine               - dialogFactory: com.almasb.fxgl.ui.FXGLDialogFactory@4e5f2a7e
02:32:01.287 [JavaFX Application Thread] DEBUG Engine               - applicationMode: DEVELOPER
02:32:01.287 [JavaFX Application Thread] DEBUG Engine               - isMac: false
02:32:01.287 [JavaFX Application Thread] DEBUG Engine               - urlGoogleForms: https://goo.gl/forms/6wrMnOBxTE1fEpOy2
02:32:01.287 [JavaFX Application Thread] DEBUG Engine               - isMenuEnabled: true
02:32:01.287 [JavaFX Application Thread] DEBUG Engine               - urlPOM: https://raw.githubusercontent.com/AlmasB/FXGL/master/pom.xml
02:32:01.287 [JavaFX Application Thread] DEBUG Engine               - profileName: user.profile
02:32:01.287 [JavaFX Application Thread] DEBUG Engine               - notificationViewClass: class com.almasb.fxgl.notification.view.XboxNotificationView
02:32:01.287 [JavaFX Application Thread] DEBUG Engine               - devSensorColorProperty: ObjectProperty [value: 0xffff00ff]
02:32:01.287 [JavaFX Application Thread] DEBUG Engine               - sceneFactory: com.almasb.fxgl.app.SceneFactory@1491bb37
02:32:01.287 [JavaFX Application Thread] DEBUG Engine               - dataFileExt: .dat
02:32:01.287 [JavaFX Application Thread] DEBUG Engine               - stageStyle: DECORATED
02:32:01.288 [JavaFX Application Thread] DEBUG Engine               - isManualResizeEnabled: false
02:32:01.288 [JavaFX Application Thread] DEBUG Engine               - title: Tower Defense
02:32:01.288 [JavaFX Application Thread] DEBUG Engine               - platform: WINDOWS
02:32:01.288 [JavaFX Application Thread] DEBUG Engine               - devBBoxColorProperty: ObjectProperty [value: 0xff0000ff]
02:32:01.288 [JavaFX Application Thread] DEBUG Engine               - isDesktop: true
02:32:01.288 [JavaFX Application Thread] DEBUG Engine               - globalMusicVolumeProperty: DoubleProperty [value: 0.5]
02:32:01.288 [JavaFX Application Thread] DEBUG Engine               - credits: []
02:32:01.288 [JavaFX Application Thread] DEBUG Engine               - uIFactory: com.almasb.fxgl.ui.FXGLUIFactory@1b7498a3
02:32:01.288 [JavaFX Application Thread] DEBUG Engine               - isPreserveResizeRatio: false
02:32:01.288 [JavaFX Application Thread] DEBUG Engine               - fontText: Courier-Prime.ttf
02:32:01.288 [JavaFX Application Thread] DEBUG Engine               - isExperimentalTiledLargeMap: false
02:32:01.288 [JavaFX Application Thread] DEBUG Engine               - secondsIn24h: 60
02:32:01.289 [JavaFX Application Thread] DEBUG Engine               - runtimeInfo: RuntimeInfo(platform=WINDOWS, version=11.5, build=17.09.2019 20.41)
02:32:01.289 [JavaFX Application Thread] DEBUG Engine               - isLinux: false
02:32:01.289 [JavaFX Application Thread] DEBUG Engine               - soundMenuPress: menu/press.wav
02:32:01.289 [JavaFX Application Thread] DEBUG Engine               - urlGithub: https://github.com/AlmasB/FXGL
02:32:01.289 [JavaFX Application Thread] DEBUG Engine               - profileDir: profiles/
02:32:01.289 [JavaFX Application Thread] DEBUG Engine               - isDeveloperMenuEnabled: false
02:32:01.289 [JavaFX Application Thread] DEBUG Engine               - globalSoundVolumeProperty: DoubleProperty [value: 0.5]
02:32:01.289 [JavaFX Application Thread] DEBUG Engine               - isBrowser: false
02:32:01.289 [JavaFX Application Thread] DEBUG Engine               - urlLeaderboard: http://fxgl-top.herokuapp.com/
02:32:01.289 [JavaFX Application Thread] DEBUG Engine               - globalSoundVolume: 0.5
02:32:01.289 [JavaFX Application Thread] DEBUG Engine               - saveDir: saves/
02:32:01.289 [JavaFX Application Thread] DEBUG Engine               - engineServices: [class com.almasb.fxgl.audio.AudioPlayer, class com.almasb.fxgl.notification.impl.NotificationServiceProvider, class com.almasb.fxgl.achievement.AchievementManager, class com.almasb.fxgl.cutscene.CutsceneService, class com.almasb.fxgl.minigames.MiniGameService]
02:32:01.289 [JavaFX Application Thread] DEBUG Engine               - globalMusicVolume: 0.5
02:32:01.290 [JavaFX Application Thread] DEBUG Engine               - width: 768
02:32:01.290 [JavaFX Application Thread] DEBUG Engine               - saveFileExt: .sav
02:32:01.290 [JavaFX Application Thread] DEBUG Engine               - isAndroid: false
02:32:01.290 [JavaFX Application Thread] DEBUG Engine               - fontUI: VarelaRound-Regular.ttf
02:32:01.290 [JavaFX Application Thread] DEBUG Engine               - enabledMenuItems: []
02:32:01.290 [JavaFX Application Thread] DEBUG Engine               - isIOS: false
02:32:01.292 [JavaFX Application Thread] DEBUG Engine               - Adding new engine service: class com.almasb.fxgl.audio.AudioPlayer
02:32:01.293 [JavaFX Application Thread] DEBUG Engine               - Adding new engine service: class com.almasb.fxgl.notification.impl.NotificationServiceProvider
02:32:01.294 [JavaFX Application Thread] DEBUG Engine               - Adding new engine service: class com.almasb.fxgl.achievement.AchievementManager
02:32:01.294 [JavaFX Application Thread] DEBUG Engine               - Adding new engine service: class com.almasb.fxgl.cutscene.CutsceneService
02:32:01.295 [JavaFX Application Thread] DEBUG Engine               - Adding new engine service: class com.almasb.fxgl.minigames.MiniGameService
02:32:01.300 [JavaFX Application Thread] DEBUG Engine               - Loading localizations
02:32:01.308 [JavaFX Application Thread] DEBUG AssetLoader          - Loading from file system: /assets/properties/languages/english.properties
02:32:01.311 [JavaFX Application Thread] DEBUG AssetLoader          - Loading from file system: /assets/properties/languages/french.properties
02:32:01.312 [JavaFX Application Thread] DEBUG AssetLoader          - Loading from file system: /assets/properties/languages/german.properties
02:32:01.313 [JavaFX Application Thread] DEBUG AssetLoader          - Loading from file system: /assets/properties/languages/russian.properties
02:32:01.314 [JavaFX Application Thread] DEBUG AssetLoader          - Loading from file system: /assets/properties/languages/hungarian.properties
02:32:01.315 [JavaFX Application Thread] DEBUG Engine               - Registering font factories
02:32:01.316 [JavaFX Application Thread] DEBUG AssetLoader          - Loading from file system: /assets/ui/fonts/VarelaRound-Regular.ttf
02:32:01.653 [JavaFX Application Thread] DEBUG AssetLoader          - Loading from file system: /assets/ui/fonts/Abel-Regular.ttf
02:32:01.662 [JavaFX Application Thread] DEBUG AssetLoader          - Loading from file system: /assets/ui/fonts/lucida_console.ttf
02:32:01.672 [JavaFX Application Thread] DEBUG AssetLoader          - Loading from file system: /assets/ui/fonts/Courier-Prime.ttf
02:32:01.681 [JavaFX Application Thread] DEBUG Engine               - Setting UI factory
02:32:01.748 [JavaFX Application Thread] DEBUG AssetLoader          - Loading from file system: /assets/textures/fxgl_logo.png
02:32:01.786 [JavaFX Application Thread] DEBUG MainWindow           - Creating a JavaFX scene
02:32:01.812 [JavaFX Application Thread] DEBUG MainWindow           - Target settings size: 768.0 x 600.0
02:32:01.812 [JavaFX Application Thread] DEBUG MainWindow           - Scaled scene size:    768.0 x 600.0
02:32:01.812 [JavaFX Application Thread] DEBUG MainWindow           - Scaled ratio: (1.0, 1.0)
02:32:01.813 [JavaFX Application Thread] DEBUG MainWindow           - Set initial scene to FXGLStartupScene
02:32:01.818 [JavaFX Application Thread] DEBUG AssetLoader          - Loading from file system: /assets/textures/fxgl_icon.png
02:32:01.826 [JavaFX Application Thread] DEBUG Engine               - Applying CSS: fxgl_dark.css
02:32:01.826 [JavaFX Application Thread] DEBUG AssetLoader          - Loading from file system: /assets/ui/css/fxgl_dark.css
02:32:01.828 [JavaFX Application Thread] DEBUG AssetLoader          - Loading from file system: /assets/ui/cursors/fxgl_default.png
02:32:01.829 [JavaFX Application Thread] DEBUG MainWindow           - Opening main window
02:32:01.945 [JavaFX Application Thread] DEBUG MainWindow           - Window border size: (14.4000244140625, 37.5999755859375)
02:32:01.945 [JavaFX Application Thread] DEBUG MainWindow           - Scaled size: 768.0 x 600.0
02:32:01.945 [JavaFX Application Thread] DEBUG MainWindow           - Scaled ratio: (1.0, 1.0)
02:32:01.945 [JavaFX Application Thread] DEBUG MainWindow           - Scene size: 768.0 x 600.0
02:32:01.945 [JavaFX Application Thread] DEBUG MainWindow           - Stage size: 782.4000244140625 x 637.5999755859375
02:32:01.956 [FXGL Background Thread 1 ] DEBUG FS                   - Loaded FSServiceImpl
02:32:01.956 [FXGL Background Thread 1 ] DEBUG Engine               - Loading FXGL system data
02:32:01.961 [FXGL Background Thread 1 ] DEBUG FSServiceImpl        - Reading from: C:\Users\USER\IdeaProjects\TowerDefense\system\fxgl.bundle
02:32:01.971 [FXGL Background Thread 1 ] DEBUG Engine               - Bundle FXGL: {}
02:32:01.971 [FXGL Background Thread 1 ] DEBUG Engine               - Initializing application scenes
02:32:01.993 [FXGL Background Thread 1 ] DEBUG GameWorld            - Game world initialized
02:32:02.034 [FXGL Background Thread 1 ] DEBUG PhysicsWorld         - Physics world initialized: appHeight=600, physics.ppm=50.0
02:32:02.035 [FXGL Background Thread 1 ] DEBUG GameScene            - Game scene initialized: 768x600
02:32:02.055 [FXGL Background Thread 1 ] DEBUG AssetLoader          - Loading from file system: /assets/textures/particles/explosion.png
02:32:02.118 [FXGL Background Thread 1 ] DEBUG AssetLoader          - Loading from file system: /assets/textures/particles/trace_horizontal.png
02:32:02.126 [FXGL Background Thread 1 ] DEBUG FXGL.DefaultMenu     - createMenuBodyMainMenu()
02:32:02.134 [FXGL Background Thread 1 ] DEBUG FXGL.DefaultMenu     - createOptionsMenu()
02:32:02.137 [FXGL Background Thread 1 ] DEBUG AssetLoader          - Loading from file system: /assets/textures/particles/smoke.png
02:32:02.162 [FXGL Background Thread 1 ] DEBUG AssetLoader          - Loading from cache: /assets/textures/particles/trace_horizontal.png@64.0x64.0
02:32:02.162 [FXGL Background Thread 1 ] DEBUG FXGL.DefaultMenu     - createMenuBodyGameMenu()
02:32:02.163 [FXGL Background Thread 1 ] DEBUG FXGL.DefaultMenu     - createOptionsMenu()
02:32:02.165 [FXGL Background Thread 1 ] DEBUG AssetLoader          - Loading from cache: /assets/textures/particles/smoke.png@128.0x128.0
02:32:02.172 [FXGL Background Thread 1 ] DEBUG Engine               - Application scenes initialized
02:32:02.175 [JavaFX Application Thread] DEBUG Engine               - Running preInit()
02:32:02.177 [JavaFX Application Thread] DEBUG Input                - Registered new binding: Place Tower - LMB
02:32:02.182 [JavaFX Application Thread] DEBUG Input                - Registered new binding: Screenshot - P
02:32:02.183 [JavaFX Application Thread] DEBUG Input                - Registered new binding: System info dump - CTRL+9
02:32:02.183 [JavaFX Application Thread] DEBUG Input                - Registered new binding: Restart - CTRL+R
02:32:02.183 [JavaFX Application Thread] DEBUG Engine               - generateDefaultProfile()
02:32:02.183 [JavaFX Application Thread] DEBUG Engine               - Creating default profile
02:32:02.183 [JavaFX Application Thread] DEBUG EventBus             - Firing event: SaveEvent
02:32:02.192 [JavaFX Application Thread] INFO  Engine               - FXGL initialization took: 0.892 sec
02:32:02.192 [JavaFX Application Thread] DEBUG LoopRunner           - Starting loop
02:32:02.213 [JavaFX Application Thread] DEBUG FXGLStartupScene     - STARTUP
02:32:02.215 [JavaFX Application Thread] DEBUG Input                - Clearing active input actions
02:32:02.223 [JavaFX Application Thread] DEBUG Engine               - Removing overlay from FXGLStartupScene and adding to FXGLIntroScene
02:32:02.223 [JavaFX Application Thread] DEBUG MainWindow           - FXGLStartupScene -> FXGLIntroScene
02:32:07.908 [JavaFX Application Thread] DEBUG Input                - Clearing active input actions
02:32:07.922 [JavaFX Application Thread] DEBUG Engine               - Removing overlay from FXGLIntroScene and adding to FXGLDefaultMenu
02:32:07.922 [JavaFX Application Thread] DEBUG MainWindow           - FXGLIntroScene -> FXGLDefaultMenu
02:32:11.819 [JavaFX Application Thread] DEBUG Menu                 - createContentAudio()
02:32:16.870 [JavaFX Application Thread] DEBUG MainWindow           - Push state: DialogSubState
02:32:16.870 [JavaFX Application Thread] DEBUG Input                - Clearing active input actions
02:32:16.871 [JavaFX Application Thread] DEBUG Engine               - Removing overlay from FXGLDefaultMenu and adding to DialogSubState
02:32:16.872 [JavaFX Application Thread] DEBUG MainWindow           - FXGLDefaultMenu -> DialogSubState
02:32:17.619 [JavaFX Application Thread] DEBUG MainWindow           - Pop state: DialogSubState
02:32:17.619 [JavaFX Application Thread] DEBUG Input                - Clearing active input actions
02:32:17.620 [JavaFX Application Thread] DEBUG Engine               - Removing overlay from DialogSubState and adding to FXGLDefaultMenu
02:32:17.620 [JavaFX Application Thread] DEBUG MainWindow           - FXGLDefaultMenu <- DialogSubState
02:32:17.620 [JavaFX Application Thread] DEBUG Engine               - Exiting FXGL
02:32:17.620 [JavaFX Application Thread] DEBUG Engine               - Shutting down background threads
02:32:17.620 [JavaFX Application Thread] DEBUG Engine               - Saving FXGL system data
02:32:17.622 [JavaFX Application Thread] DEBUG FSServiceImpl        - Writing to: C:\Users\USER\IdeaProjects\TowerDefense\system\fxgl.bundle
02:32:17.624 [JavaFX Application Thread] DEBUG Engine               - Closing logger and exiting JavaFX
