18:24:05.691 [main                     ] DEBUG GameApplication      - Logger initialized
18:24:05.695 [main                     ] DEBUG GameApplication      - Logging settings
Title: Tower Defense
Version: 0.2
Width: 800
Height: 600
Fullscreen: false
Intro: false
Menus: false
Profiling: false
Single step:false
App Mode: DEVELOPER
Menu Key: ESCAPE
Stage Style: DECORATED
Scene Factory: class com.almasb.fxgl.app.SceneFactory
Dialog Factory: class com.almasb.fxgl.ui.FXGLDialogFactory
UI Factory: class com.almasb.fxgl.ui.FXGLUIFactory

18:24:06.978 [JavaFX Application Thread] DEBUG Engine               - Initializing FXGL
18:24:06.978 [JavaFX Application Thread] INFO  Engine               - FXGL-11.5 (17.09.2019 20.41) on WINDOWS (J:13 FX:12.0.1)
18:24:06.979 [JavaFX Application Thread] INFO  Engine               - Source code and latest versions at: https://github.com/AlmasB/FXGL
18:24:06.979 [JavaFX Application Thread] INFO  Engine               -              Join the FXGL chat at: https://gitter.im/AlmasB/FXGL
18:24:06.979 [JavaFX Application Thread] DEBUG Engine               - Initializing environment variables
18:24:06.981 [JavaFX Application Thread] DEBUG Engine               - Logging environment variables
18:24:06.981 [JavaFX Application Thread] DEBUG Engine               - achievements: []
18:24:06.982 [JavaFX Application Thread] DEBUG Engine               - sceneStack: com.almasb.fxgl.app.Engine@4fa95780
18:24:06.982 [JavaFX Application Thread] DEBUG Engine               - language: ObjectProperty [value: null]
18:24:06.982 [JavaFX Application Thread] DEBUG Engine               - isCloseConfirmation: false
18:24:06.982 [JavaFX Application Thread] DEBUG Engine               - isProfilingEnabled: false
18:24:06.982 [JavaFX Application Thread] DEBUG Engine               - soundNotification: core/notification.wav
18:24:06.982 [JavaFX Application Thread] DEBUG Engine               - devShowBBoxProperty: BooleanProperty [value: false]
18:24:06.983 [JavaFX Application Thread] DEBUG Engine               - pixelsPerMeter: 50.0
18:24:06.983 [JavaFX Application Thread] DEBUG Engine               - overlayRoot: Group@2a4bd7b4
18:24:06.984 [JavaFX Application Thread] DEBUG Engine               - soundMenuBack: menu/back.wav
18:24:06.984 [JavaFX Application Thread] DEBUG Engine               - appIcon: fxgl_icon.png
18:24:06.984 [JavaFX Application Thread] DEBUG Engine               - isFullScreenAllowed: false
18:24:06.984 [JavaFX Application Thread] DEBUG Engine               - isIntroEnabled: false
18:24:06.984 [JavaFX Application Thread] DEBUG Engine               - eventBus: com.almasb.fxgl.event.EventBus@744d6f59
18:24:06.984 [JavaFX Application Thread] DEBUG Engine               - fontMono: lucida_console.ttf
18:24:06.984 [JavaFX Application Thread] DEBUG Engine               - soundMenuSelect: menu/select.wav
18:24:06.984 [JavaFX Application Thread] DEBUG Engine               - isWindows: true
18:24:06.985 [JavaFX Application Thread] DEBUG Engine               - isMobile: false
18:24:06.985 [JavaFX Application Thread] DEBUG Engine               - height: 600
18:24:06.985 [JavaFX Application Thread] DEBUG Engine               - isExperimentalNative: false
18:24:06.985 [JavaFX Application Thread] DEBUG Engine               - isSingleStep: false
18:24:06.985 [JavaFX Application Thread] DEBUG Engine               - cSSList: [fxgl_dark.css]
18:24:06.985 [JavaFX Application Thread] DEBUG Engine               - fontGame: Abel-Regular.ttf
18:24:06.985 [JavaFX Application Thread] DEBUG Engine               - menuKey: ESCAPE
18:24:06.985 [JavaFX Application Thread] DEBUG Engine               - devShowPositionProperty: BooleanProperty [value: false]
18:24:06.985 [JavaFX Application Thread] DEBUG Engine               - versionCheckDays: 7
18:24:06.986 [JavaFX Application Thread] DEBUG Engine               - masterTimer: com.almasb.fxgl.time.Timer@71dd2307
18:24:06.986 [JavaFX Application Thread] DEBUG Engine               - configClass: Optional.empty
18:24:06.986 [JavaFX Application Thread] DEBUG Engine               - isFullScreenFromStart: false
18:24:06.986 [JavaFX Application Thread] DEBUG Engine               - version: 0.2
18:24:06.986 [JavaFX Application Thread] DEBUG Engine               - fullScreen: BooleanProperty [value: false]
18:24:06.986 [JavaFX Application Thread] DEBUG Engine               - dialogFactory: com.almasb.fxgl.ui.FXGLDialogFactory@378ce42e
18:24:06.986 [JavaFX Application Thread] DEBUG Engine               - applicationMode: DEVELOPER
18:24:06.986 [JavaFX Application Thread] DEBUG Engine               - isMac: false
18:24:06.986 [JavaFX Application Thread] DEBUG Engine               - urlGoogleForms: https://goo.gl/forms/6wrMnOBxTE1fEpOy2
18:24:06.987 [JavaFX Application Thread] DEBUG Engine               - isMenuEnabled: false
18:24:06.987 [JavaFX Application Thread] DEBUG Engine               - profileName: user.profile
18:24:06.987 [JavaFX Application Thread] DEBUG Engine               - urlPOM: https://raw.githubusercontent.com/AlmasB/FXGL/master/pom.xml
18:24:06.987 [JavaFX Application Thread] DEBUG Engine               - notificationViewClass: class com.almasb.fxgl.notification.view.XboxNotificationView
18:24:06.987 [JavaFX Application Thread] DEBUG Engine               - devSensorColorProperty: ObjectProperty [value: 0xffff00ff]
18:24:06.987 [JavaFX Application Thread] DEBUG Engine               - sceneFactory: com.almasb.fxgl.app.SceneFactory@430e631c
18:24:06.987 [JavaFX Application Thread] DEBUG Engine               - dataFileExt: .dat
18:24:06.987 [JavaFX Application Thread] DEBUG Engine               - stageStyle: DECORATED
18:24:06.987 [JavaFX Application Thread] DEBUG Engine               - isManualResizeEnabled: false
18:24:06.987 [JavaFX Application Thread] DEBUG Engine               - title: Tower Defense
18:24:06.988 [JavaFX Application Thread] DEBUG Engine               - platform: WINDOWS
18:24:06.988 [JavaFX Application Thread] DEBUG Engine               - devBBoxColorProperty: ObjectProperty [value: 0xff0000ff]
18:24:06.988 [JavaFX Application Thread] DEBUG Engine               - isDesktop: true
18:24:06.988 [JavaFX Application Thread] DEBUG Engine               - credits: []
18:24:06.988 [JavaFX Application Thread] DEBUG Engine               - globalMusicVolumeProperty: DoubleProperty [value: 0.5]
18:24:06.988 [JavaFX Application Thread] DEBUG Engine               - uIFactory: com.almasb.fxgl.ui.FXGLUIFactory@5c26fb83
18:24:06.988 [JavaFX Application Thread] DEBUG Engine               - isPreserveResizeRatio: false
18:24:06.988 [JavaFX Application Thread] DEBUG Engine               - fontText: Courier-Prime.ttf
18:24:06.988 [JavaFX Application Thread] DEBUG Engine               - isExperimentalTiledLargeMap: false
18:24:06.988 [JavaFX Application Thread] DEBUG Engine               - secondsIn24h: 60
18:24:06.988 [JavaFX Application Thread] DEBUG Engine               - runtimeInfo: RuntimeInfo(platform=WINDOWS, version=11.5, build=17.09.2019 20.41)
18:24:06.989 [JavaFX Application Thread] DEBUG Engine               - isLinux: false
18:24:06.989 [JavaFX Application Thread] DEBUG Engine               - soundMenuPress: menu/press.wav
18:24:06.989 [JavaFX Application Thread] DEBUG Engine               - urlGithub: https://github.com/AlmasB/FXGL
18:24:06.989 [JavaFX Application Thread] DEBUG Engine               - profileDir: profiles/
18:24:06.989 [JavaFX Application Thread] DEBUG Engine               - isDeveloperMenuEnabled: false
18:24:06.989 [JavaFX Application Thread] DEBUG Engine               - globalSoundVolumeProperty: DoubleProperty [value: 0.5]
18:24:06.989 [JavaFX Application Thread] DEBUG Engine               - isBrowser: false
18:24:06.989 [JavaFX Application Thread] DEBUG Engine               - globalSoundVolume: 0.5
18:24:06.989 [JavaFX Application Thread] DEBUG Engine               - urlLeaderboard: http://fxgl-top.herokuapp.com/
18:24:06.989 [JavaFX Application Thread] DEBUG Engine               - saveDir: saves/
18:24:06.989 [JavaFX Application Thread] DEBUG Engine               - engineServices: [class com.almasb.fxgl.audio.AudioPlayer, class com.almasb.fxgl.notification.impl.NotificationServiceProvider, class com.almasb.fxgl.achievement.AchievementManager, class com.almasb.fxgl.cutscene.CutsceneService, class com.almasb.fxgl.minigames.MiniGameService]
18:24:06.989 [JavaFX Application Thread] DEBUG Engine               - globalMusicVolume: 0.5
18:24:06.990 [JavaFX Application Thread] DEBUG Engine               - width: 800
18:24:06.990 [JavaFX Application Thread] DEBUG Engine               - saveFileExt: .sav
18:24:06.990 [JavaFX Application Thread] DEBUG Engine               - isAndroid: false
18:24:06.990 [JavaFX Application Thread] DEBUG Engine               - fontUI: VarelaRound-Regular.ttf
18:24:06.990 [JavaFX Application Thread] DEBUG Engine               - isIOS: false
18:24:06.990 [JavaFX Application Thread] DEBUG Engine               - enabledMenuItems: []
18:24:06.992 [JavaFX Application Thread] DEBUG Engine               - Adding new engine service: class com.almasb.fxgl.audio.AudioPlayer
18:24:06.993 [JavaFX Application Thread] DEBUG Engine               - Adding new engine service: class com.almasb.fxgl.notification.impl.NotificationServiceProvider
18:24:06.994 [JavaFX Application Thread] DEBUG Engine               - Adding new engine service: class com.almasb.fxgl.achievement.AchievementManager
18:24:06.995 [JavaFX Application Thread] DEBUG Engine               - Adding new engine service: class com.almasb.fxgl.cutscene.CutsceneService
18:24:06.995 [JavaFX Application Thread] DEBUG Engine               - Adding new engine service: class com.almasb.fxgl.minigames.MiniGameService
18:24:06.997 [JavaFX Application Thread] DEBUG Engine               - Loading localizations
18:24:07.007 [JavaFX Application Thread] DEBUG AssetLoader          - Loading from file system: /assets/properties/languages/english.properties
18:24:07.010 [JavaFX Application Thread] DEBUG AssetLoader          - Loading from file system: /assets/properties/languages/french.properties
18:24:07.011 [JavaFX Application Thread] DEBUG AssetLoader          - Loading from file system: /assets/properties/languages/german.properties
18:24:07.012 [JavaFX Application Thread] DEBUG AssetLoader          - Loading from file system: /assets/properties/languages/russian.properties
18:24:07.013 [JavaFX Application Thread] DEBUG AssetLoader          - Loading from file system: /assets/properties/languages/hungarian.properties
18:24:07.015 [JavaFX Application Thread] DEBUG Engine               - Registering font factories
18:24:07.016 [JavaFX Application Thread] DEBUG AssetLoader          - Loading from file system: /assets/ui/fonts/VarelaRound-Regular.ttf
18:24:07.195 [JavaFX Application Thread] DEBUG AssetLoader          - Loading from file system: /assets/ui/fonts/Abel-Regular.ttf
18:24:07.198 [JavaFX Application Thread] DEBUG AssetLoader          - Loading from file system: /assets/ui/fonts/lucida_console.ttf
18:24:07.202 [JavaFX Application Thread] DEBUG AssetLoader          - Loading from file system: /assets/ui/fonts/Courier-Prime.ttf
18:24:07.206 [JavaFX Application Thread] DEBUG Engine               - Setting UI factory
18:24:07.281 [JavaFX Application Thread] DEBUG AssetLoader          - Loading from file system: /assets/textures/fxgl_logo.png
18:24:07.332 [JavaFX Application Thread] DEBUG MainWindow           - Creating a JavaFX scene
18:24:07.364 [JavaFX Application Thread] DEBUG MainWindow           - Target settings size: 800.0 x 600.0
18:24:07.364 [JavaFX Application Thread] DEBUG MainWindow           - Scaled scene size:    800.0 x 600.0
18:24:07.364 [JavaFX Application Thread] DEBUG MainWindow           - Scaled ratio: (1.0, 1.0)
18:24:07.365 [JavaFX Application Thread] DEBUG MainWindow           - Set initial scene to FXGLStartupScene
18:24:07.372 [JavaFX Application Thread] DEBUG AssetLoader          - Loading from file system: /assets/textures/fxgl_icon.png
18:24:07.382 [JavaFX Application Thread] DEBUG Engine               - Applying CSS: fxgl_dark.css
18:24:07.382 [JavaFX Application Thread] DEBUG AssetLoader          - Loading from file system: /assets/ui/css/fxgl_dark.css
18:24:07.384 [JavaFX Application Thread] DEBUG AssetLoader          - Loading from file system: /assets/ui/cursors/fxgl_default.png
18:24:07.386 [JavaFX Application Thread] DEBUG MainWindow           - Opening main window
18:24:07.504 [JavaFX Application Thread] DEBUG MainWindow           - Window border size: (16.0, 39.0)
18:24:07.504 [JavaFX Application Thread] DEBUG MainWindow           - Scaled size: 800.0 x 600.0
18:24:07.504 [JavaFX Application Thread] DEBUG MainWindow           - Scaled ratio: (1.0, 1.0)
18:24:07.504 [JavaFX Application Thread] DEBUG MainWindow           - Scene size: 800.0 x 600.0
18:24:07.504 [JavaFX Application Thread] DEBUG MainWindow           - Stage size: 816.0 x 639.0
18:24:07.517 [FXGL Background Thread 1 ] DEBUG FS                   - Loaded FSServiceImpl
18:24:07.518 [FXGL Background Thread 1 ] DEBUG Engine               - Loading FXGL system data
18:24:07.523 [FXGL Background Thread 1 ] DEBUG FSServiceImpl        - Reading from: C:\Users\user\IdeaProjects\TowerDefense\system\fxgl.bundle
18:24:07.535 [FXGL Background Thread 1 ] DEBUG Engine               - Bundle FXGL: {}
18:24:07.536 [FXGL Background Thread 1 ] DEBUG Engine               - Initializing application scenes
18:24:07.566 [FXGL Background Thread 1 ] DEBUG GameWorld            - Game world initialized
18:24:07.612 [FXGL Background Thread 1 ] DEBUG PhysicsWorld         - Physics world initialized: appHeight=600, physics.ppm=50.0
18:24:07.613 [FXGL Background Thread 1 ] DEBUG GameScene            - Game scene initialized: 800x600
18:24:07.639 [FXGL Background Thread 1 ] DEBUG Input                - Registered new binding: Resume - Esc
18:24:07.639 [FXGL Background Thread 1 ] DEBUG AssetLoader          - Loading from file system: /assets/textures/pause_menu_bg.png
18:24:07.670 [FXGL Background Thread 1 ] DEBUG Input                - Registered new binding: Pause - Esc
18:24:07.671 [FXGL Background Thread 1 ] DEBUG Engine               - Application scenes initialized
18:24:07.674 [JavaFX Application Thread] DEBUG Engine               - Running preInit()
18:24:07.675 [JavaFX Application Thread] DEBUG Input                - Registered new binding: Place Tower - LMB
18:24:07.676 [JavaFX Application Thread] DEBUG Input                - Registered new binding: Screenshot - P
18:24:07.677 [JavaFX Application Thread] DEBUG Input                - Registered new binding: System info dump - CTRL+9
18:24:07.677 [JavaFX Application Thread] DEBUG Input                - Registered new binding: Restart - CTRL+R
18:24:07.677 [JavaFX Application Thread] DEBUG Engine               - generateDefaultProfile()
18:24:07.677 [JavaFX Application Thread] DEBUG Engine               - Creating default profile
18:24:07.677 [JavaFX Application Thread] DEBUG EventBus             - Firing event: SaveEvent
18:24:07.687 [JavaFX Application Thread] INFO  Engine               - FXGL initialization took: 0.690 sec
18:24:07.688 [JavaFX Application Thread] DEBUG LoopRunner           - Starting loop
18:24:07.696 [JavaFX Application Thread] DEBUG FXGLStartupScene     - STARTUP
18:24:07.696 [JavaFX Application Thread] DEBUG Engine               - Starting new game
18:24:07.704 [JavaFX Application Thread] DEBUG Input                - Clearing active input actions
18:24:07.704 [FXGL Background Thread 1 ] DEBUG InitAppTask          - Clearing previous game
18:24:07.704 [FXGL Background Thread 1 ] DEBUG GameWorld            - Clearing game world
18:24:07.704 [FXGL Background Thread 1 ] DEBUG PhysicsWorld         - Clearing physics world
18:24:07.704 [FXGL Background Thread 1 ] DEBUG GameScene            - Clearing game scene
18:24:07.704 [FXGL Background Thread 1 ] DEBUG InitAppTask          - Initializing Game
18:24:07.716 [FXGL Background Thread 1 ] DEBUG InitAppTask          - Initializing Physics
18:24:07.717 [FXGL Background Thread 1 ] DEBUG InitAppTask          - Initializing UI
18:24:07.718 [JavaFX Application Thread] DEBUG Engine               - Removing overlay from FXGLStartupScene and adding to LoadingScene
18:24:07.718 [JavaFX Application Thread] DEBUG MainWindow           - FXGLStartupScene -> LoadingScene
18:24:07.725 [FXGL Background Thread 1 ] DEBUG InitAppTask          - Initialization Complete
18:24:07.725 [FXGL Background Thread 1 ] INFO  InitAppTask          - Game initialization took: 0.021 sec
18:24:07.771 [JavaFX Application Thread] DEBUG Input                - Clearing active input actions
18:24:07.783 [JavaFX Application Thread] DEBUG Engine               - Removing overlay from LoadingScene and adding to GameScene
18:24:07.783 [JavaFX Application Thread] DEBUG MainWindow           - LoadingScene -> GameScene
18:24:12.009 [JavaFX Application Thread] DEBUG Engine               - Exiting FXGL
18:24:12.009 [JavaFX Application Thread] DEBUG Engine               - Shutting down background threads
18:24:12.009 [JavaFX Application Thread] DEBUG Engine               - Saving FXGL system data
18:24:12.011 [JavaFX Application Thread] DEBUG FSServiceImpl        - Writing to: C:\Users\user\IdeaProjects\TowerDefense\system\fxgl.bundle
18:24:12.013 [JavaFX Application Thread] DEBUG Engine               - Closing logger and exiting JavaFX
