03:10:04.699 [main                     ] DEBUG GameApplication      - Logger initialized
03:10:04.711 [main                     ] DEBUG GameApplication      - Logging settings
Title: Minimalist Tower Defense
Version: 2.0
Width: 768
Height: 600
Fullscreen: false
Intro: false
Menus: true
Profiling: false
Single step:false
App Mode: RELEASE
Menu Key: ESCAPE
Stage Style: DECORATED
Scene Factory: class com.almasb.fxgl.app.SceneFactory
Dialog Factory: class com.almasb.fxgl.ui.FXGLDialogFactory
UI Factory: class com.almasb.fxgl.ui.FXGLUIFactory

03:10:04.896 [JavaFX Application Thread] DEBUG Engine               - Initializing FXGL
03:10:04.896 [JavaFX Application Thread] INFO  Engine               - FXGL-11.5 (17.09.2019 20.41) on WINDOWS (J:11.0.5 FX:12.0.1)
03:10:04.896 [JavaFX Application Thread] INFO  Engine               - Source code and latest versions at: https://github.com/AlmasB/FXGL
03:10:04.896 [JavaFX Application Thread] INFO  Engine               -              Join the FXGL chat at: https://gitter.im/AlmasB/FXGL
03:10:04.896 [JavaFX Application Thread] DEBUG Engine               - Initializing environment variables
03:10:04.898 [JavaFX Application Thread] DEBUG Engine               - Logging environment variables
03:10:04.898 [JavaFX Application Thread] DEBUG Engine               - achievements: []
03:10:04.898 [JavaFX Application Thread] DEBUG Engine               - sceneStack: com.almasb.fxgl.app.Engine@3af86feb
03:10:04.898 [JavaFX Application Thread] DEBUG Engine               - language: ObjectProperty [value: null]
03:10:04.898 [JavaFX Application Thread] DEBUG Engine               - isCloseConfirmation: true
03:10:04.898 [JavaFX Application Thread] DEBUG Engine               - isProfilingEnabled: false
03:10:04.898 [JavaFX Application Thread] DEBUG Engine               - soundNotification: core/notification.wav
03:10:04.898 [JavaFX Application Thread] DEBUG Engine               - devShowBBoxProperty: BooleanProperty [value: false]
03:10:04.898 [JavaFX Application Thread] DEBUG Engine               - pixelsPerMeter: 50.0
03:10:04.899 [JavaFX Application Thread] DEBUG Engine               - overlayRoot: Group@77c4e203
03:10:04.899 [JavaFX Application Thread] DEBUG Engine               - appIcon: fxgl_icon.png
03:10:04.899 [JavaFX Application Thread] DEBUG Engine               - soundMenuBack: menu/back.wav
03:10:04.899 [JavaFX Application Thread] DEBUG Engine               - isFullScreenAllowed: false
03:10:04.899 [JavaFX Application Thread] DEBUG Engine               - isIntroEnabled: false
03:10:04.899 [JavaFX Application Thread] DEBUG Engine               - eventBus: com.almasb.fxgl.event.EventBus@299b0e69
03:10:04.899 [JavaFX Application Thread] DEBUG Engine               - fontMono: lucida_console.ttf
03:10:04.899 [JavaFX Application Thread] DEBUG Engine               - soundMenuSelect: menu/select.wav
03:10:04.899 [JavaFX Application Thread] DEBUG Engine               - isWindows: true
03:10:04.899 [JavaFX Application Thread] DEBUG Engine               - isMobile: false
03:10:04.900 [JavaFX Application Thread] DEBUG Engine               - height: 600
03:10:04.900 [JavaFX Application Thread] DEBUG Engine               - isExperimentalNative: false
03:10:04.900 [JavaFX Application Thread] DEBUG Engine               - isSingleStep: false
03:10:04.900 [JavaFX Application Thread] DEBUG Engine               - cSSList: [fxgl_dark.css]
03:10:04.900 [JavaFX Application Thread] DEBUG Engine               - fontGame: Abel-Regular.ttf
03:10:04.900 [JavaFX Application Thread] DEBUG Engine               - menuKey: ESCAPE
03:10:04.900 [JavaFX Application Thread] DEBUG Engine               - devShowPositionProperty: BooleanProperty [value: false]
03:10:04.900 [JavaFX Application Thread] DEBUG Engine               - versionCheckDays: 7
03:10:04.900 [JavaFX Application Thread] DEBUG Engine               - masterTimer: com.almasb.fxgl.time.Timer@45a453da
03:10:04.901 [JavaFX Application Thread] DEBUG Engine               - configClass: Optional.empty
03:10:04.901 [JavaFX Application Thread] DEBUG Engine               - isFullScreenFromStart: false
03:10:04.901 [JavaFX Application Thread] DEBUG Engine               - version: 2.0
03:10:04.901 [JavaFX Application Thread] DEBUG Engine               - fullScreen: BooleanProperty [value: false]
03:10:04.901 [JavaFX Application Thread] DEBUG Engine               - dialogFactory: com.almasb.fxgl.ui.FXGLDialogFactory@3cdaebb2
03:10:04.901 [JavaFX Application Thread] DEBUG Engine               - applicationMode: RELEASE
03:10:04.901 [JavaFX Application Thread] DEBUG Engine               - isMac: false
03:10:04.901 [JavaFX Application Thread] DEBUG Engine               - urlGoogleForms: https://goo.gl/forms/6wrMnOBxTE1fEpOy2
03:10:04.901 [JavaFX Application Thread] DEBUG Engine               - isMenuEnabled: true
03:10:04.901 [JavaFX Application Thread] DEBUG Engine               - urlPOM: https://raw.githubusercontent.com/AlmasB/FXGL/master/pom.xml
03:10:04.902 [JavaFX Application Thread] DEBUG Engine               - profileName: user.profile
03:10:04.902 [JavaFX Application Thread] DEBUG Engine               - devSensorColorProperty: ObjectProperty [value: 0xffff00ff]
03:10:04.902 [JavaFX Application Thread] DEBUG Engine               - notificationViewClass: class com.almasb.fxgl.notification.view.XboxNotificationView
03:10:04.902 [JavaFX Application Thread] DEBUG Engine               - dataFileExt: .dat
03:10:04.902 [JavaFX Application Thread] DEBUG Engine               - sceneFactory: com.almasb.fxgl.app.SceneFactory@6cded2d0
03:10:04.902 [JavaFX Application Thread] DEBUG Engine               - stageStyle: DECORATED
03:10:04.902 [JavaFX Application Thread] DEBUG Engine               - isManualResizeEnabled: true
03:10:04.902 [JavaFX Application Thread] DEBUG Engine               - title: Minimalist Tower Defense
03:10:04.902 [JavaFX Application Thread] DEBUG Engine               - platform: WINDOWS
03:10:04.902 [JavaFX Application Thread] DEBUG Engine               - devBBoxColorProperty: ObjectProperty [value: 0xff0000ff]
03:10:04.902 [JavaFX Application Thread] DEBUG Engine               - isDesktop: true
03:10:04.903 [JavaFX Application Thread] DEBUG Engine               - credits: []
03:10:04.903 [JavaFX Application Thread] DEBUG Engine               - globalMusicVolumeProperty: DoubleProperty [value: 0.5]
03:10:04.903 [JavaFX Application Thread] DEBUG Engine               - uIFactory: com.almasb.fxgl.ui.FXGLUIFactory@1d477164
03:10:04.903 [JavaFX Application Thread] DEBUG Engine               - isPreserveResizeRatio: false
03:10:04.903 [JavaFX Application Thread] DEBUG Engine               - fontText: Courier-Prime.ttf
03:10:04.903 [JavaFX Application Thread] DEBUG Engine               - isExperimentalTiledLargeMap: false
03:10:04.903 [JavaFX Application Thread] DEBUG Engine               - secondsIn24h: 60
03:10:04.903 [JavaFX Application Thread] DEBUG Engine               - runtimeInfo: RuntimeInfo(platform=WINDOWS, version=11.5, build=17.09.2019 20.41)
03:10:04.903 [JavaFX Application Thread] DEBUG Engine               - isLinux: false
03:10:04.903 [JavaFX Application Thread] DEBUG Engine               - urlGithub: https://github.com/AlmasB/FXGL
03:10:04.903 [JavaFX Application Thread] DEBUG Engine               - soundMenuPress: menu/press.wav
03:10:04.903 [JavaFX Application Thread] DEBUG Engine               - profileDir: profiles/
03:10:04.903 [JavaFX Application Thread] DEBUG Engine               - isDeveloperMenuEnabled: false
03:10:04.903 [JavaFX Application Thread] DEBUG Engine               - globalSoundVolumeProperty: DoubleProperty [value: 0.5]
03:10:04.903 [JavaFX Application Thread] DEBUG Engine               - isBrowser: false
03:10:04.903 [JavaFX Application Thread] DEBUG Engine               - globalSoundVolume: 0.5
03:10:04.903 [JavaFX Application Thread] DEBUG Engine               - urlLeaderboard: http://fxgl-top.herokuapp.com/
03:10:04.903 [JavaFX Application Thread] DEBUG Engine               - saveDir: saves/
03:10:04.903 [JavaFX Application Thread] DEBUG Engine               - engineServices: [class com.almasb.fxgl.audio.AudioPlayer, class com.almasb.fxgl.notification.impl.NotificationServiceProvider, class com.almasb.fxgl.achievement.AchievementManager, class com.almasb.fxgl.cutscene.CutsceneService, class com.almasb.fxgl.minigames.MiniGameService]
03:10:04.903 [JavaFX Application Thread] DEBUG Engine               - globalMusicVolume: 0.5
03:10:04.903 [JavaFX Application Thread] DEBUG Engine               - width: 768
03:10:04.903 [JavaFX Application Thread] DEBUG Engine               - saveFileExt: .sav
03:10:04.903 [JavaFX Application Thread] DEBUG Engine               - isAndroid: false
03:10:04.903 [JavaFX Application Thread] DEBUG Engine               - fontUI: VarelaRound-Regular.ttf
03:10:04.903 [JavaFX Application Thread] DEBUG Engine               - isIOS: false
03:10:04.903 [JavaFX Application Thread] DEBUG Engine               - enabledMenuItems: []
03:10:04.905 [JavaFX Application Thread] DEBUG Engine               - Adding new engine service: class com.almasb.fxgl.audio.AudioPlayer
03:10:04.906 [JavaFX Application Thread] DEBUG Engine               - Adding new engine service: class com.almasb.fxgl.notification.impl.NotificationServiceProvider
03:10:04.906 [JavaFX Application Thread] DEBUG Engine               - Adding new engine service: class com.almasb.fxgl.achievement.AchievementManager
03:10:04.908 [JavaFX Application Thread] DEBUG Engine               - Adding new engine service: class com.almasb.fxgl.cutscene.CutsceneService
03:10:04.908 [JavaFX Application Thread] DEBUG Engine               - Adding new engine service: class com.almasb.fxgl.minigames.MiniGameService
03:10:04.908 [JavaFX Application Thread] DEBUG Engine               - Loading localizations
03:10:04.915 [JavaFX Application Thread] DEBUG AssetLoader          - Loading from file system: /assets/properties/languages/english.properties
03:10:04.917 [JavaFX Application Thread] DEBUG AssetLoader          - Loading from file system: /assets/properties/languages/french.properties
03:10:04.918 [JavaFX Application Thread] DEBUG AssetLoader          - Loading from file system: /assets/properties/languages/german.properties
03:10:04.919 [JavaFX Application Thread] DEBUG AssetLoader          - Loading from file system: /assets/properties/languages/russian.properties
03:10:04.920 [JavaFX Application Thread] DEBUG AssetLoader          - Loading from file system: /assets/properties/languages/hungarian.properties
03:10:04.921 [JavaFX Application Thread] DEBUG Engine               - Registering font factories
03:10:04.922 [JavaFX Application Thread] DEBUG AssetLoader          - Loading from file system: /assets/ui/fonts/VarelaRound-Regular.ttf
03:10:05.203 [JavaFX Application Thread] DEBUG AssetLoader          - Loading from file system: /assets/ui/fonts/Abel-Regular.ttf
03:10:05.210 [JavaFX Application Thread] DEBUG AssetLoader          - Loading from file system: /assets/ui/fonts/lucida_console.ttf
03:10:05.218 [JavaFX Application Thread] DEBUG AssetLoader          - Loading from file system: /assets/ui/fonts/Courier-Prime.ttf
03:10:05.226 [JavaFX Application Thread] DEBUG Engine               - Setting UI factory
03:10:05.289 [JavaFX Application Thread] DEBUG AssetLoader          - Loading from file system: /assets/textures/fxgl_logo.png
03:10:05.330 [JavaFX Application Thread] DEBUG MainWindow           - Creating a JavaFX scene
03:10:05.361 [JavaFX Application Thread] DEBUG MainWindow           - Target settings size: 768.0 x 600.0
03:10:05.361 [JavaFX Application Thread] DEBUG MainWindow           - Scaled scene size:    768.0 x 600.0
03:10:05.362 [JavaFX Application Thread] DEBUG MainWindow           - Scaled ratio: (1.0, 1.0)
03:10:05.362 [JavaFX Application Thread] DEBUG MainWindow           - Set initial scene to FXGLStartupScene
03:10:05.368 [JavaFX Application Thread] DEBUG AssetLoader          - Loading from file system: /assets/textures/fxgl_icon.png
03:10:05.376 [JavaFX Application Thread] DEBUG Engine               - Applying CSS: fxgl_dark.css
03:10:05.376 [JavaFX Application Thread] DEBUG AssetLoader          - Loading from file system: /assets/ui/css/fxgl_dark.css
03:10:05.378 [JavaFX Application Thread] DEBUG AssetLoader          - Loading from file system: /assets/ui/cursors/fxgl_default.png
03:10:05.379 [JavaFX Application Thread] DEBUG MainWindow           - Opening main window
03:10:05.504 [JavaFX Application Thread] DEBUG MainWindow           - Window border size: (14.4000244140625, 37.5999755859375)
03:10:05.504 [JavaFX Application Thread] DEBUG MainWindow           - Scaled size: 768.0 x 600.0
03:10:05.504 [JavaFX Application Thread] DEBUG MainWindow           - Scaled ratio: (1.0, 1.0)
03:10:05.505 [JavaFX Application Thread] DEBUG MainWindow           - Scene size: 768.0 x 600.0
03:10:05.505 [JavaFX Application Thread] DEBUG MainWindow           - Stage size: 782.4000244140625 x 637.5999755859375
03:10:05.515 [FXGL Background Thread 1 ] DEBUG FS                   - Loaded FSServiceImpl
03:10:05.515 [FXGL Background Thread 1 ] DEBUG Engine               - Loading FXGL system data
03:10:05.520 [FXGL Background Thread 1 ] DEBUG FSServiceImpl        - Reading from: C:\Users\USER\Documents\GitHub\CAT200-Project\TowerDefense\system\fxgl.bundle
03:10:05.531 [FXGL Background Thread 1 ] DEBUG Engine               - Bundle FXGL: {}
03:10:05.531 [FXGL Background Thread 1 ] DEBUG Engine               - Initializing application scenes
03:10:05.547 [FXGL Background Thread 1 ] DEBUG GameWorld            - Game world initialized
03:10:05.583 [FXGL Background Thread 1 ] DEBUG PhysicsWorld         - Physics world initialized: appHeight=600, physics.ppm=50.0
03:10:05.585 [FXGL Background Thread 1 ] DEBUG GameScene            - Game scene initialized: 768x600
03:10:05.619 [FXGL Background Thread 1 ] DEBUG AssetLoader          - Loading from file system: /assets/textures/particles/trace_horizontal.png
03:10:05.629 [FXGL Background Thread 1 ] DEBUG FXGL.DefaultMenu     - createMenuBodyMainMenu()
03:10:05.641 [FXGL Background Thread 1 ] DEBUG FXGL.DefaultMenu     - createOptionsMenu()
03:10:05.645 [FXGL Background Thread 1 ] DEBUG AssetLoader          - Loading from file system: /assets/textures/particles/smoke.png
03:10:05.679 [FXGL Background Thread 1 ] DEBUG AssetLoader          - Loading from cache: /assets/textures/particles/trace_horizontal.png@64.0x64.0
03:10:05.680 [FXGL Background Thread 1 ] DEBUG FXGL.DefaultMenu     - createMenuBodyGameMenu()
03:10:05.680 [FXGL Background Thread 1 ] DEBUG FXGL.DefaultMenu     - createOptionsMenu()
03:10:05.682 [FXGL Background Thread 1 ] DEBUG AssetLoader          - Loading from cache: /assets/textures/particles/smoke.png@128.0x128.0
03:10:05.693 [FXGL Background Thread 1 ] DEBUG Engine               - Application scenes initialized
03:10:05.695 [JavaFX Application Thread] DEBUG Engine               - Running preInit()
03:10:05.698 [JavaFX Application Thread] DEBUG Input                - Registered new binding: Place/Upgrade Tower - LMB
03:10:05.698 [JavaFX Application Thread] DEBUG Input                - Registered new binding: Remove Tower - RMB
03:10:05.703 [JavaFX Application Thread] DEBUG Input                - Registered new binding: Screenshot - P
03:10:05.703 [JavaFX Application Thread] DEBUG Engine               - generateDefaultProfile()
03:10:05.703 [JavaFX Application Thread] DEBUG Engine               - Creating default profile
03:10:05.704 [JavaFX Application Thread] DEBUG EventBus             - Firing event: SaveEvent
03:10:05.712 [JavaFX Application Thread] INFO  Engine               - FXGL initialization took: 0.804 sec
03:10:05.712 [JavaFX Application Thread] DEBUG LoopRunner           - Starting loop
03:10:05.717 [JavaFX Application Thread] DEBUG FXGLStartupScene     - STARTUP
03:10:05.720 [JavaFX Application Thread] DEBUG Input                - Clearing active input actions
03:10:05.736 [JavaFX Application Thread] DEBUG Engine               - Removing overlay from FXGLStartupScene and adding to FXGLDefaultMenu
03:10:05.737 [JavaFX Application Thread] DEBUG MainWindow           - FXGLStartupScene -> FXGLDefaultMenu
03:10:09.029 [JavaFX Application Thread] DEBUG MainWindow           - Push state: DialogSubState
03:10:09.029 [JavaFX Application Thread] DEBUG Input                - Clearing active input actions
03:10:09.031 [JavaFX Application Thread] DEBUG Engine               - Removing overlay from FXGLDefaultMenu and adding to DialogSubState
03:10:09.031 [JavaFX Application Thread] DEBUG MainWindow           - FXGLDefaultMenu -> DialogSubState
03:10:09.915 [JavaFX Application Thread] DEBUG MainWindow           - Pop state: DialogSubState
03:10:09.915 [JavaFX Application Thread] DEBUG Input                - Clearing active input actions
03:10:09.915 [JavaFX Application Thread] DEBUG Engine               - Removing overlay from DialogSubState and adding to FXGLDefaultMenu
03:10:09.916 [JavaFX Application Thread] DEBUG MainWindow           - FXGLDefaultMenu <- DialogSubState
03:10:09.916 [JavaFX Application Thread] DEBUG Engine               - Exiting FXGL
03:10:09.916 [JavaFX Application Thread] DEBUG Engine               - Shutting down background threads
03:10:09.916 [JavaFX Application Thread] DEBUG Engine               - Saving FXGL system data
03:10:09.918 [JavaFX Application Thread] DEBUG FSServiceImpl        - Writing to: C:\Users\USER\Documents\GitHub\CAT200-Project\TowerDefense\system\fxgl.bundle
03:10:09.919 [JavaFX Application Thread] DEBUG Engine               - Closing logger and exiting JavaFX
